#
# There is insufficient memory for the Java Runtime Environment to continue.
# Native memory allocation (malloc) failed to allocate 265856 bytes. Error detail: Chunk::new
# Possible reasons:
#   The system is out of physical RAM or swap space
#   This process is running with CompressedOops enabled, and the Java Heap may be blocking the growth of the native heap
# Possible solutions:
#   Reduce memory load on the system
#   Increase physical memory or swap space
#   Check if swap backing store is full
#   Decrease Java heap size (-Xmx/-Xms)
#
#  Out of Memory Error (arena.cpp:168), pid=9976, tid=20240
#
# JRE version: OpenJDK Runtime Environment Temurin-21.0.5+11 (21.0.5+11) (build 21.0.5+11-LTS)
# Java VM: OpenJDK 64-Bit Server VM Temurin-21.0.5+11 (21.0.5+11-LTS, mixed mode, sharing, tiered, compressed oops, compressed class ptrs, g1 gc, windows-amd64)
# No core dump will be written. Minidumps are not enabled by default on client versions of Windows
#

---------------  S U M M A R Y ------------

Command Line: -Dfile.encoding=UTF-8 -Dstdout.encoding=UTF-8 -Dstderr.encoding=UTF-8 -XX:+ShowCodeDetailsInExceptionMessages com.blt.etud.etudPay.EtudPayApplication

Host: Intel(R) Core(TM) i5-6300U CPU @ 2.40GHz, 4 cores, 7G,  Windows 10 , 64 bit Build 19041 (10.0.19041.5794)
Time: Tue Jun 10 09:36:47 2025 Temps universel coordonné elapsed time: 43919.823198 seconds (0d 12h 11m 59s)

---------------  T H R E A D  ---------------

Current thread (0x0000020be2b0f470):  JavaThread "C2 CompilerThread0" daemon [_thread_in_native, id=20240, stack(0x0000006fb3300000,0x0000006fb3400000) (1024K)]


Current CompileTask:
C2:43919823 7596       4       jdk.internal.org.objectweb.asm.SymbolTable::addConstantUtf8 (98 bytes)

Stack: [0x0000006fb3300000,0x0000006fb3400000]
Native frames: (J=compiled Java code, j=interpreted, Vv=VM code, C=native code)
V  [jvm.dll+0x6cd4e9]
V  [jvm.dll+0x8a7941]
V  [jvm.dll+0x8a9e6e]
V  [jvm.dll+0x8aa543]
V  [jvm.dll+0x27f6d6]
V  [jvm.dll+0xc500d]
V  [jvm.dll+0xc5543]
V  [jvm.dll+0x2f2a9d]
V  [jvm.dll+0x5f67ea]
V  [jvm.dll+0x250b82]
V  [jvm.dll+0x24963f]
V  [jvm.dll+0x246ea4]
V  [jvm.dll+0x1c75ce]
V  [jvm.dll+0x25682a]
V  [jvm.dll+0x254dca]
V  [jvm.dll+0x3f00d6]
V  [jvm.dll+0x8514fb]
V  [jvm.dll+0x6cbbed]
C  [ucrtbase.dll+0x21bb2]
C  [KERNEL32.DLL+0x17374]
C  [ntdll.dll+0x4cc91]


---------------  P R O C E S S  ---------------

Threads class SMR info:
_java_thread_list=0x0000020be8470c80, length=30, elements={
0x0000020be2afe880, 0x0000020be2b00de0, 0x0000020be2b021d0, 0x0000020be2b05c40,
0x0000020be2b070b0, 0x0000020be2b0aa50, 0x0000020be2b0f470, 0x0000020be2b146c0,
0x0000020be70f5140, 0x0000020be70fd530, 0x0000020bea308ce0, 0x0000020be9f9e2f0,
0x0000020be9f9e950, 0x0000020beaf81810, 0x0000020be85b5900, 0x0000020be85b5f90,
0x0000020be85b5270, 0x0000020be85b79d0, 0x0000020be85b6cb0, 0x0000020be85b6620,
0x0000020be85b7340, 0x0000020be85b4550, 0x0000020be85b4be0, 0x0000020beb629c80,
0x0000020beb628f60, 0x0000020beb6288d0, 0x0000020beb6295f0, 0x0000020beb62a310,
0x0000020beb62a9a0, 0x0000020bea21a750
}

Java Threads: ( => current thread )
  0x0000020be2afe880 JavaThread "Reference Handler"          daemon [_thread_blocked, id=17260, stack(0x0000006fb2d00000,0x0000006fb2e00000) (1024K)]
  0x0000020be2b00de0 JavaThread "Finalizer"                  daemon [_thread_blocked, id=13508, stack(0x0000006fb2e00000,0x0000006fb2f00000) (1024K)]
  0x0000020be2b021d0 JavaThread "Signal Dispatcher"          daemon [_thread_blocked, id=4156, stack(0x0000006fb2f00000,0x0000006fb3000000) (1024K)]
  0x0000020be2b05c40 JavaThread "Attach Listener"            daemon [_thread_blocked, id=6392, stack(0x0000006fb3000000,0x0000006fb3100000) (1024K)]
  0x0000020be2b070b0 JavaThread "Service Thread"             daemon [_thread_blocked, id=12292, stack(0x0000006fb3100000,0x0000006fb3200000) (1024K)]
  0x0000020be2b0aa50 JavaThread "Monitor Deflation Thread"   daemon [_thread_blocked, id=10556, stack(0x0000006fb3200000,0x0000006fb3300000) (1024K)]
=>0x0000020be2b0f470 JavaThread "C2 CompilerThread0"         daemon [_thread_in_native, id=20240, stack(0x0000006fb3300000,0x0000006fb3400000) (1024K)]
  0x0000020be2b146c0 JavaThread "C1 CompilerThread0"         daemon [_thread_blocked, id=18640, stack(0x0000006fb3400000,0x0000006fb3500000) (1024K)]
  0x0000020be70f5140 JavaThread "Notification Thread"        daemon [_thread_blocked, id=16588, stack(0x0000006fb3500000,0x0000006fb3600000) (1024K)]
  0x0000020be70fd530 JavaThread "Common-Cleaner"             daemon [_thread_blocked, id=1592, stack(0x0000006fb3600000,0x0000006fb3700000) (1024K)]
  0x0000020bea308ce0 JavaThread "Catalina-utility-1"                [_thread_blocked, id=12444, stack(0x0000006fb3d00000,0x0000006fb3e00000) (1024K)]
  0x0000020be9f9e2f0 JavaThread "Catalina-utility-2"                [_thread_blocked, id=2364, stack(0x0000006fb3e00000,0x0000006fb3f00000) (1024K)]
  0x0000020be9f9e950 JavaThread "container-0"                       [_thread_blocked, id=3208, stack(0x0000006fb3f00000,0x0000006fb4000000) (1024K)]
  0x0000020beaf81810 JavaThread "HikariPool-1:housekeeper"   daemon [_thread_in_Java, id=14776, stack(0x0000006fb4200000,0x0000006fb4300000) (1024K)]
  0x0000020be85b5900 JavaThread "File Watcher"               daemon [_thread_blocked, id=12596, stack(0x0000006fb4400000,0x0000006fb4500000) (1024K)]
  0x0000020be85b5f90 JavaThread "Live Reload Server"         daemon [_thread_in_native, id=2240, stack(0x0000006fb4600000,0x0000006fb4700000) (1024K)]
  0x0000020be85b5270 JavaThread "http-nio-8083-exec-1"       daemon [_thread_blocked, id=10460, stack(0x0000006fb4500000,0x0000006fb4600000) (1024K)]
  0x0000020be85b79d0 JavaThread "http-nio-8083-exec-2"       daemon [_thread_blocked, id=2656, stack(0x0000006fb4700000,0x0000006fb4800000) (1024K)]
  0x0000020be85b6cb0 JavaThread "http-nio-8083-exec-3"       daemon [_thread_blocked, id=17456, stack(0x0000006fb4800000,0x0000006fb4900000) (1024K)]
  0x0000020be85b6620 JavaThread "http-nio-8083-exec-4"       daemon [_thread_blocked, id=13352, stack(0x0000006fb4900000,0x0000006fb4a00000) (1024K)]
  0x0000020be85b7340 JavaThread "http-nio-8083-exec-5"       daemon [_thread_blocked, id=3396, stack(0x0000006fb4a00000,0x0000006fb4b00000) (1024K)]
  0x0000020be85b4550 JavaThread "http-nio-8083-exec-6"       daemon [_thread_blocked, id=9276, stack(0x0000006fb4b00000,0x0000006fb4c00000) (1024K)]
  0x0000020be85b4be0 JavaThread "http-nio-8083-exec-7"       daemon [_thread_blocked, id=19944, stack(0x0000006fb4c00000,0x0000006fb4d00000) (1024K)]
  0x0000020beb629c80 JavaThread "http-nio-8083-exec-8"       daemon [_thread_blocked, id=13024, stack(0x0000006fb4d00000,0x0000006fb4e00000) (1024K)]
  0x0000020beb628f60 JavaThread "http-nio-8083-exec-9"       daemon [_thread_blocked, id=14364, stack(0x0000006fb4e00000,0x0000006fb4f00000) (1024K)]
  0x0000020beb6288d0 JavaThread "http-nio-8083-exec-10"      daemon [_thread_blocked, id=17968, stack(0x0000006fb4f00000,0x0000006fb5000000) (1024K)]
  0x0000020beb6295f0 JavaThread "http-nio-8083-Poller"       daemon [_thread_in_native, id=17236, stack(0x0000006fb5000000,0x0000006fb5100000) (1024K)]
  0x0000020beb62a310 JavaThread "http-nio-8083-Acceptor"     daemon [_thread_in_native, id=13180, stack(0x0000006fb5100000,0x0000006fb5200000) (1024K)]
  0x0000020beb62a9a0 JavaThread "DestroyJavaVM"                     [_thread_blocked, id=18180, stack(0x0000006fb2400000,0x0000006fb2500000) (1024K)]
  0x0000020bea21a750 JavaThread "PostgreSQL-JDBC-Cleaner"    daemon [_thread_blocked, id=2980, stack(0x0000006fb3700000,0x0000006fb3800000) (1024K)]
Total: 30

Other Threads:
  0x0000020be2adad60 VMThread "VM Thread"                           [id=15132, stack(0x0000006fb2b00000,0x0000006fb2c00000) (1024K)]
  0x0000020be2acc210 WatcherThread "VM Periodic Task Thread"        [id=5796, stack(0x0000006fb2a00000,0x0000006fb2b00000) (1024K)]
  0x0000020bcb3ce640 WorkerThread "GC Thread#0"                     [id=9944, stack(0x0000006fb2500000,0x0000006fb2600000) (1024K)]
  0x0000020be2adb100 WorkerThread "GC Thread#1"                     [id=1304, stack(0x0000006fb3800000,0x0000006fb3900000) (1024K)]
  0x0000020be2adbf80 WorkerThread "GC Thread#2"                     [id=16696, stack(0x0000006fb3900000,0x0000006fb3a00000) (1024K)]
  0x0000020be2adbbe0 WorkerThread "GC Thread#3"                     [id=2344, stack(0x0000006fb3a00000,0x0000006fb3b00000) (1024K)]
  0x0000020bcb3dfbf0 ConcurrentGCThread "G1 Main Marker"            [id=13388, stack(0x0000006fb2600000,0x0000006fb2700000) (1024K)]
  0x0000020bcb3e1700 WorkerThread "G1 Conc#0"                       [id=6828, stack(0x0000006fb2700000,0x0000006fb2800000) (1024K)]
  0x0000020be298c120 ConcurrentGCThread "G1 Refine#0"               [id=6060, stack(0x0000006fb2800000,0x0000006fb2900000) (1024K)]
  0x0000020be298eeb0 ConcurrentGCThread "G1 Service"                [id=15972, stack(0x0000006fb2900000,0x0000006fb2a00000) (1024K)]
Total: 10

Threads with active compile tasks:
C2 CompilerThread0  43919978 7596       4       jdk.internal.org.objectweb.asm.SymbolTable::addConstantUtf8 (98 bytes)
Total: 1

VM state: not at safepoint (normal execution)

VM Mutex/Monitor currently owned by a thread: None

Heap address: 0x0000000081c00000, size: 2020 MB, Compressed Oops mode: 32-bit

CDS archive(s) mapped at: [0x0000020b80000000-0x0000020b80c80000-0x0000020b80c80000), size 13107200, SharedBaseAddress: 0x0000020b80000000, ArchiveRelocationMode: 1.
Compressed class space mapped at: 0x0000020b81000000-0x0000020bc1000000, reserved size: 1073741824
Narrow klass base: 0x0000020b80000000, Narrow klass shift: 0, Narrow klass range: 0x100000000

GC Precious Log:
 CardTable entry size: 512
 Card Set container configuration: InlinePtr #cards 5 size 8 Array Of Cards #cards 12 size 40 Howl #buckets 4 coarsen threshold 1843 Howl Bitmap #cards 512 size 80 coarsen threshold 460 Card regions per heap region 1 cards per card region 2048
 CPUs: 4 total, 4 available
 Memory: 8075M
 Large Page Support: Disabled
 NUMA Support: Disabled
 Compressed Oops: Enabled (32-bit)
 Heap Region Size: 1M
 Heap Min Capacity: 8M
 Heap Initial Capacity: 128M
 Heap Max Capacity: 2020M
 Pre-touch: Disabled
 Parallel Workers: 4
 Concurrent Workers: 1
 Concurrent Refinement Workers: 4
 Periodic GC: Disabled

Heap:
 garbage-first heap   total 55296K, used 38354K [0x0000000081c00000, 0x0000000100000000)
  region size 1024K, 16 young (16384K), 1 survivors (1024K)
 Metaspace       used 72373K, committed 73344K, reserved 1114112K
  class space    used 9638K, committed 10112K, reserved 1048576K

Heap Regions: E=young(eden), S=young(survivor), O=old, HS=humongous(starts), HC=humongous(continues), CS=collection set, F=free, TAMS=top-at-mark-start, PB=parsable bottom
|   0|0x0000000081c00000, 0x0000000081d00000, 0x0000000081d00000|100%|HS|  |TAMS 0x0000000081c00000| PB 0x0000000081c00000| Complete 
|   1|0x0000000081d00000, 0x0000000081e00000, 0x0000000081e00000|100%|HS|  |TAMS 0x0000000081d00000| PB 0x0000000081d00000| Complete 
|   2|0x0000000081e00000, 0x0000000081f00000, 0x0000000081f00000|100%| O|  |TAMS 0x0000000081e00000| PB 0x0000000081e00000| Untracked 
|   3|0x0000000081f00000, 0x0000000082000000, 0x0000000082000000|100%| O|  |TAMS 0x0000000081f00000| PB 0x0000000081f00000| Untracked 
|   4|0x0000000082000000, 0x0000000082000000, 0x0000000082100000|  0%| F|  |TAMS 0x0000000082000000| PB 0x0000000082000000| Untracked 
|   5|0x0000000082100000, 0x0000000082200000, 0x0000000082200000|100%| O|  |TAMS 0x0000000082100000| PB 0x0000000082100000| Untracked 
|   6|0x0000000082200000, 0x00000000822ee920, 0x0000000082300000| 93%| O|  |TAMS 0x0000000082200000| PB 0x0000000082200000| Untracked 
|   7|0x0000000082300000, 0x00000000823f8848, 0x0000000082400000| 97%| O|  |TAMS 0x0000000082300000| PB 0x0000000082300000| Untracked 
|   8|0x0000000082400000, 0x0000000082500000, 0x0000000082500000|100%| O|  |TAMS 0x0000000082400000| PB 0x0000000082400000| Untracked 
|   9|0x0000000082500000, 0x0000000082600000, 0x0000000082600000|100%| O|  |TAMS 0x0000000082500000| PB 0x0000000082500000| Untracked 
|  10|0x0000000082600000, 0x0000000082700000, 0x0000000082700000|100%| O|  |TAMS 0x0000000082600000| PB 0x0000000082600000| Untracked 
|  11|0x0000000082700000, 0x0000000082800000, 0x0000000082800000|100%| O|  |TAMS 0x0000000082700000| PB 0x0000000082700000| Untracked 
|  12|0x0000000082800000, 0x0000000082900000, 0x0000000082900000|100%| O|  |TAMS 0x0000000082800000| PB 0x0000000082800000| Untracked 
|  13|0x0000000082900000, 0x0000000082a00000, 0x0000000082a00000|100%| O|  |TAMS 0x0000000082900000| PB 0x0000000082900000| Untracked 
|  14|0x0000000082a00000, 0x0000000082b00000, 0x0000000082b00000|100%| O|  |TAMS 0x0000000082a00000| PB 0x0000000082a00000| Untracked 
|  15|0x0000000082b00000, 0x0000000082b00000, 0x0000000082c00000|  0%| F|  |TAMS 0x0000000082b00000| PB 0x0000000082b00000| Untracked 
|  16|0x0000000082c00000, 0x0000000082d00000, 0x0000000082d00000|100%| O|  |TAMS 0x0000000082c00000| PB 0x0000000082c00000| Untracked 
|  17|0x0000000082d00000, 0x0000000082e00000, 0x0000000082e00000|100%| O|  |TAMS 0x0000000082d00000| PB 0x0000000082d00000| Untracked 
|  18|0x0000000082e00000, 0x0000000082f00000, 0x0000000082f00000|100%| O|  |TAMS 0x0000000082e00000| PB 0x0000000082e00000| Untracked 
|  19|0x0000000082f00000, 0x0000000083000000, 0x0000000083000000|100%| O|  |TAMS 0x0000000082f00000| PB 0x0000000082f00000| Untracked 
|  20|0x0000000083000000, 0x0000000083000000, 0x0000000083100000|  0%| F|  |TAMS 0x0000000083000000| PB 0x0000000083000000| Untracked 
|  21|0x0000000083100000, 0x0000000083200000, 0x0000000083200000|100%| O|  |TAMS 0x0000000083100000| PB 0x0000000083100000| Untracked 
|  22|0x0000000083200000, 0x0000000083300000, 0x0000000083300000|100%| O|  |TAMS 0x0000000083200000| PB 0x0000000083200000| Untracked 
|  23|0x0000000083300000, 0x0000000083400000, 0x0000000083400000|100%| O|  |TAMS 0x0000000083300000| PB 0x0000000083300000| Untracked 
|  24|0x0000000083400000, 0x0000000083400000, 0x0000000083500000|  0%| F|  |TAMS 0x0000000083400000| PB 0x0000000083400000| Untracked 
|  25|0x0000000083500000, 0x0000000083500000, 0x0000000083600000|  0%| F|  |TAMS 0x0000000083500000| PB 0x0000000083500000| Untracked 
|  26|0x0000000083600000, 0x000000008368d9b8, 0x0000000083700000| 55%| S|CS|TAMS 0x0000000083600000| PB 0x0000000083600000| Complete 
|  27|0x0000000083700000, 0x0000000083700000, 0x0000000083800000|  0%| F|  |TAMS 0x0000000083700000| PB 0x0000000083700000| Untracked 
|  28|0x0000000083800000, 0x0000000083800000, 0x0000000083900000|  0%| F|  |TAMS 0x0000000083800000| PB 0x0000000083800000| Untracked 
|  29|0x0000000083900000, 0x0000000083900000, 0x0000000083a00000|  0%| F|  |TAMS 0x0000000083900000| PB 0x0000000083900000| Untracked 
|  30|0x0000000083a00000, 0x0000000083b00000, 0x0000000083b00000|100%| O|  |TAMS 0x0000000083a00000| PB 0x0000000083a00000| Untracked 
|  31|0x0000000083b00000, 0x0000000083b00000, 0x0000000083c00000|  0%| F|  |TAMS 0x0000000083b00000| PB 0x0000000083b00000| Untracked 
|  32|0x0000000083c00000, 0x0000000083d00000, 0x0000000083d00000|100%| O|  |TAMS 0x0000000083c00000| PB 0x0000000083c00000| Untracked 
|  33|0x0000000083d00000, 0x0000000083e00000, 0x0000000083e00000|100%| O|  |TAMS 0x0000000083d00000| PB 0x0000000083d00000| Untracked 
|  34|0x0000000083e00000, 0x0000000083e00000, 0x0000000083f00000|  0%| F|  |TAMS 0x0000000083e00000| PB 0x0000000083e00000| Untracked 
|  35|0x0000000083f00000, 0x0000000083f00000, 0x0000000084000000|  0%| F|  |TAMS 0x0000000083f00000| PB 0x0000000083f00000| Untracked 
|  36|0x0000000084000000, 0x0000000084000000, 0x0000000084100000|  0%| F|  |TAMS 0x0000000084000000| PB 0x0000000084000000| Untracked 
|  37|0x0000000084100000, 0x0000000084100000, 0x0000000084200000|  0%| F|  |TAMS 0x0000000084100000| PB 0x0000000084100000| Untracked 
|  38|0x0000000084200000, 0x0000000084200000, 0x0000000084300000|  0%| F|  |TAMS 0x0000000084200000| PB 0x0000000084200000| Untracked 
|  39|0x0000000084300000, 0x000000008431c488, 0x0000000084400000| 11%| E|  |TAMS 0x0000000084300000| PB 0x0000000084300000| Complete 
|  40|0x0000000084400000, 0x00000000844ffc20, 0x0000000084500000| 99%| E|  |TAMS 0x0000000084400000| PB 0x0000000084400000| Complete 
|  41|0x0000000084500000, 0x0000000084600000, 0x0000000084600000|100%| E|CS|TAMS 0x0000000084500000| PB 0x0000000084500000| Complete 
|  42|0x0000000084600000, 0x0000000084700000, 0x0000000084700000|100%| E|CS|TAMS 0x0000000084600000| PB 0x0000000084600000| Complete 
|  43|0x0000000084700000, 0x0000000084800000, 0x0000000084800000|100%| E|CS|TAMS 0x0000000084700000| PB 0x0000000084700000| Complete 
|  44|0x0000000084800000, 0x0000000084900000, 0x0000000084900000|100%| E|CS|TAMS 0x0000000084800000| PB 0x0000000084800000| Complete 
|  77|0x0000000086900000, 0x0000000086a00000, 0x0000000086a00000|100%| E|CS|TAMS 0x0000000086900000| PB 0x0000000086900000| Complete 
|  78|0x0000000086a00000, 0x0000000086b00000, 0x0000000086b00000|100%| E|CS|TAMS 0x0000000086a00000| PB 0x0000000086a00000| Complete 
|  79|0x0000000086b00000, 0x0000000086c00000, 0x0000000086c00000|100%| E|CS|TAMS 0x0000000086b00000| PB 0x0000000086b00000| Complete 
|  80|0x0000000086c00000, 0x0000000086d00000, 0x0000000086d00000|100%| E|CS|TAMS 0x0000000086c00000| PB 0x0000000086c00000| Complete 
|  81|0x0000000086d00000, 0x0000000086e00000, 0x0000000086e00000|100%| E|CS|TAMS 0x0000000086d00000| PB 0x0000000086d00000| Complete 
|  82|0x0000000086e00000, 0x0000000086f00000, 0x0000000086f00000|100%| E|CS|TAMS 0x0000000086e00000| PB 0x0000000086e00000| Complete 
|  83|0x0000000086f00000, 0x0000000087000000, 0x0000000087000000|100%| E|CS|TAMS 0x0000000086f00000| PB 0x0000000086f00000| Complete 
|  84|0x0000000087000000, 0x0000000087100000, 0x0000000087100000|100%| E|CS|TAMS 0x0000000087000000| PB 0x0000000087000000| Complete 
| 127|0x0000000089b00000, 0x0000000089c00000, 0x0000000089c00000|100%| E|CS|TAMS 0x0000000089b00000| PB 0x0000000089b00000| Complete 

Card table byte_map: [0x0000020bde290000,0x0000020bde690000] _byte_map_base: 0x0000020bdde82000

Marking Bits: (CMBitMap*) 0x0000020bcb3ced40
 Bits: [0x0000020bde690000, 0x0000020be0620000)

Polling page: 0x0000020bc92c0000

Metaspace:

Usage:
  Non-class:     61.27 MB used.
      Class:      9.41 MB used.
       Both:     70.68 MB used.

Virtual space:
  Non-class space:       64.00 MB reserved,      61.75 MB ( 96%) committed,  1 nodes.
      Class space:        1.00 GB reserved,       9.88 MB ( <1%) committed,  1 nodes.
             Both:        1.06 GB reserved,      71.62 MB (  7%) committed. 

Chunk freelists:
   Non-Class:  2.41 MB
       Class:  6.37 MB
        Both:  8.77 MB

MaxMetaspaceSize: unlimited
CompressedClassSpaceSize: 1.00 GB
Initial GC threshold: 21.00 MB
Current GC threshold: 119.19 MB
CDS: on
 - commit_granule_bytes: 65536.
 - commit_granule_words: 8192.
 - virtual_space_node_default_size: 8388608.
 - enlarge_chunks_in_place: 1.
 - use_allocation_guard: 0.


Internal statistics:

num_allocs_failed_limit: 6.
num_arena_births: 1044.
num_arena_deaths: 386.
num_vsnodes_births: 2.
num_vsnodes_deaths: 0.
num_space_committed: 1146.
num_space_uncommitted: 0.
num_chunks_returned_to_freelist: 464.
num_chunks_taken_from_freelist: 3818.
num_chunk_merges: 112.
num_chunk_splits: 2650.
num_chunks_enlarged: 2028.
num_inconsistent_stats: 0.

CodeHeap 'non-profiled nmethods': size=120000Kb used=1605Kb max_used=3874Kb free=118394Kb
 bounds [0x0000020bd6960000, 0x0000020bd6d30000, 0x0000020bdde90000]
CodeHeap 'profiled nmethods': size=120000Kb used=2861Kb max_used=10439Kb free=117138Kb
 bounds [0x0000020bcee90000, 0x0000020bcf8e0000, 0x0000020bd63c0000]
CodeHeap 'non-nmethods': size=5760Kb used=1691Kb max_used=1772Kb free=4068Kb
 bounds [0x0000020bd63c0000, 0x0000020bd6630000, 0x0000020bd6960000]
 total_blobs=2586 nmethods=1861 adapters=629
 compilation: enabled
              stopped_count=0, restarted_count=0
 full_count=0

Compilation events (20 events):
Event: 43919.085 Thread 0x0000020be2b0f470 7582       4       jdk.internal.module.SystemModuleFinders$SystemImage::reader (4 bytes)
Event: 43919.086 Thread 0x0000020be2b0f470 nmethod 7582 0x0000020bd6992090 code [0x0000020bd6992220, 0x0000020bd6992290]
Event: 43919.087 Thread 0x0000020beb002700 nmethod 7571 0x0000020bd6969810 code [0x0000020bd6969a40, 0x0000020bd696a358]
Event: 43919.087 Thread 0x0000020be2b0f470 7572       4       jdk.internal.jimage.ImageStringsReader::hashCode (8 bytes)
Event: 43919.089 Thread 0x0000020beb002700 7584   !   4       jdk.internal.misc.ScopedMemoryAccess::getInt (16 bytes)
Event: 43919.091 Thread 0x0000020beb002700 nmethod 7584 0x0000020bd6991d10 code [0x0000020bd6991ea0, 0x0000020bd6991f78]
Event: 43919.091 Thread 0x0000020beb002700 7585   !   4       jdk.internal.misc.ScopedMemoryAccess::getIntInternal (34 bytes)
Event: 43919.093 Thread 0x0000020beb002700 nmethod 7585 0x0000020bd6b11d10 code [0x0000020bd6b11ea0, 0x0000020bd6b11f78]
Event: 43919.097 Thread 0x0000020be2b0f470 nmethod 7572 0x0000020bd6b11110 code [0x0000020bd6b112e0, 0x0000020bd6b11690]
Event: 43919.707 Thread 0x0000020be2b146c0 7591       3       java.lang.invoke.MethodHandles$Lookup::resolveOrFail (44 bytes)
Event: 43919.720 Thread 0x0000020be2b146c0 nmethod 7591 0x0000020bceef9790 code [0x0000020bceef9a40, 0x0000020bceefa5f0]
Event: 43919.721 Thread 0x0000020be2b146c0 7592       3       java.lang.invoke.MethodHandles$Lookup::getDirectMethodForConstant (72 bytes)
Event: 43919.732 Thread 0x0000020be2b146c0 nmethod 7592 0x0000020bcf2c2b10 code [0x0000020bcf2c2e60, 0x0000020bcf2c3f20]
Event: 43919.739 Thread 0x0000020be2b0f470 7593       4       java.lang.invoke.MemberName::isInvocable (8 bytes)
Event: 43919.740 Thread 0x0000020be2b146c0 7595       3       java.lang.invoke.InfoFromMemberName::getModifiers (8 bytes)
Event: 43919.740 Thread 0x0000020be2b146c0 nmethod 7595 0x0000020bcf0cf110 code [0x0000020bcf0cf2c0, 0x0000020bcf0cf438]
Event: 43919.742 Thread 0x0000020be2b0f470 nmethod 7593 0x0000020bd6b66a10 code [0x0000020bd6b66ba0, 0x0000020bd6b66c38]
Event: 43919.742 Thread 0x0000020be2b0f470 7594       4       java.lang.invoke.MemberName::anyFlagSet (15 bytes)
Event: 43919.742 Thread 0x0000020be2b0f470 nmethod 7594 0x0000020bd6b66710 code [0x0000020bd6b668a0, 0x0000020bd6b66930]
Event: 43919.755 Thread 0x0000020be2b0f470 7596       4       jdk.internal.org.objectweb.asm.SymbolTable::addConstantUtf8 (98 bytes)

GC Heap History (20 events):
Event: 39154.040 GC heap before
{Heap before GC invocations=81 (full 0):
 garbage-first heap   total 55296K, used 48975K [0x0000000081c00000, 0x0000000100000000)
  region size 1024K, 24 young (24576K), 1 survivors (1024K)
 Metaspace       used 72316K, committed 73216K, reserved 1114112K
  class space    used 9635K, committed 10112K, reserved 1048576K
}
Event: 39154.042 GC heap after
{Heap after GC invocations=82 (full 0):
 garbage-first heap   total 55296K, used 25366K [0x0000000081c00000, 0x0000000100000000)
  region size 1024K, 1 young (1024K), 1 survivors (1024K)
 Metaspace       used 72316K, committed 73216K, reserved 1114112K
  class space    used 9635K, committed 10112K, reserved 1048576K
}
Event: 39743.625 GC heap before
{Heap before GC invocations=82 (full 0):
 garbage-first heap   total 55296K, used 48918K [0x0000000081c00000, 0x0000000100000000)
  region size 1024K, 24 young (24576K), 1 survivors (1024K)
 Metaspace       used 72324K, committed 73280K, reserved 1114112K
  class space    used 9636K, committed 10112K, reserved 1048576K
}
Event: 39743.683 GC heap after
{Heap after GC invocations=83 (full 0):
 garbage-first heap   total 55296K, used 25244K [0x0000000081c00000, 0x0000000100000000)
  region size 1024K, 1 young (1024K), 1 survivors (1024K)
 Metaspace       used 72324K, committed 73280K, reserved 1114112K
  class space    used 9636K, committed 10112K, reserved 1048576K
}
Event: 40307.781 GC heap before
{Heap before GC invocations=83 (full 0):
 garbage-first heap   total 55296K, used 48796K [0x0000000081c00000, 0x0000000100000000)
  region size 1024K, 24 young (24576K), 1 survivors (1024K)
 Metaspace       used 72331K, committed 73280K, reserved 1114112K
  class space    used 9636K, committed 10112K, reserved 1048576K
}
Event: 40307.791 GC heap after
{Heap after GC invocations=84 (full 0):
 garbage-first heap   total 55296K, used 25315K [0x0000000081c00000, 0x0000000100000000)
  region size 1024K, 1 young (1024K), 1 survivors (1024K)
 Metaspace       used 72331K, committed 73280K, reserved 1114112K
  class space    used 9636K, committed 10112K, reserved 1048576K
}
Event: 40958.119 GC heap before
{Heap before GC invocations=85 (full 0):
 garbage-first heap   total 55296K, used 48867K [0x0000000081c00000, 0x0000000100000000)
  region size 1024K, 24 young (24576K), 1 survivors (1024K)
 Metaspace       used 72331K, committed 73280K, reserved 1114112K
  class space    used 9636K, committed 10112K, reserved 1048576K
}
Event: 40958.161 GC heap after
{Heap after GC invocations=86 (full 0):
 garbage-first heap   total 55296K, used 25300K [0x0000000081c00000, 0x0000000100000000)
  region size 1024K, 1 young (1024K), 1 survivors (1024K)
 Metaspace       used 72331K, committed 73280K, reserved 1114112K
  class space    used 9636K, committed 10112K, reserved 1048576K
}
Event: 41536.561 GC heap before
{Heap before GC invocations=86 (full 0):
 garbage-first heap   total 55296K, used 48852K [0x0000000081c00000, 0x0000000100000000)
  region size 1024K, 24 young (24576K), 1 survivors (1024K)
 Metaspace       used 72347K, committed 73280K, reserved 1114112K
  class space    used 9636K, committed 10112K, reserved 1048576K
}
Event: 41537.232 GC heap after
{Heap after GC invocations=87 (full 0):
 garbage-first heap   total 55296K, used 25157K [0x0000000081c00000, 0x0000000100000000)
  region size 1024K, 1 young (1024K), 1 survivors (1024K)
 Metaspace       used 72347K, committed 73280K, reserved 1114112K
  class space    used 9636K, committed 10112K, reserved 1048576K
}
Event: 42196.332 GC heap before
{Heap before GC invocations=87 (full 0):
 garbage-first heap   total 55296K, used 48709K [0x0000000081c00000, 0x0000000100000000)
  region size 1024K, 24 young (24576K), 1 survivors (1024K)
 Metaspace       used 72347K, committed 73280K, reserved 1114112K
  class space    used 9636K, committed 10112K, reserved 1048576K
}
Event: 42196.375 GC heap after
{Heap after GC invocations=88 (full 0):
 garbage-first heap   total 55296K, used 25186K [0x0000000081c00000, 0x0000000100000000)
  region size 1024K, 1 young (1024K), 1 survivors (1024K)
 Metaspace       used 72347K, committed 73280K, reserved 1114112K
  class space    used 9636K, committed 10112K, reserved 1048576K
}
Event: 42223.343 GC heap before
{Heap before GC invocations=89 (full 0):
 garbage-first heap   total 55296K, used 26210K [0x0000000081c00000, 0x0000000100000000)
  region size 1024K, 2 young (2048K), 1 survivors (1024K)
 Metaspace       used 72347K, committed 73280K, reserved 1114112K
  class space    used 9636K, committed 10112K, reserved 1048576K
}
Event: 42223.350 GC heap after
{Heap after GC invocations=90 (full 0):
 garbage-first heap   total 55296K, used 25118K [0x0000000081c00000, 0x0000000100000000)
  region size 1024K, 1 young (1024K), 1 survivors (1024K)
 Metaspace       used 72347K, committed 73280K, reserved 1114112K
  class space    used 9636K, committed 10112K, reserved 1048576K
}
Event: 42249.730 GC heap before
{Heap before GC invocations=90 (full 0):
 garbage-first heap   total 55296K, used 26142K [0x0000000081c00000, 0x0000000100000000)
  region size 1024K, 2 young (2048K), 1 survivors (1024K)
 Metaspace       used 72347K, committed 73280K, reserved 1114112K
  class space    used 9636K, committed 10112K, reserved 1048576K
}
Event: 42249.763 GC heap after
{Heap after GC invocations=91 (full 0):
 garbage-first heap   total 55296K, used 25062K [0x0000000081c00000, 0x0000000100000000)
  region size 1024K, 1 young (1024K), 1 survivors (1024K)
 Metaspace       used 72347K, committed 73280K, reserved 1114112K
  class space    used 9636K, committed 10112K, reserved 1048576K
}
Event: 42863.029 GC heap before
{Heap before GC invocations=91 (full 0):
 garbage-first heap   total 55296K, used 49638K [0x0000000081c00000, 0x0000000100000000)
  region size 1024K, 25 young (25600K), 1 survivors (1024K)
 Metaspace       used 72347K, committed 73280K, reserved 1114112K
  class space    used 9636K, committed 10112K, reserved 1048576K
}
Event: 42863.050 GC heap after
{Heap after GC invocations=92 (full 0):
 garbage-first heap   total 55296K, used 25034K [0x0000000081c00000, 0x0000000100000000)
  region size 1024K, 1 young (1024K), 1 survivors (1024K)
 Metaspace       used 72347K, committed 73280K, reserved 1114112K
  class space    used 9636K, committed 10112K, reserved 1048576K
}
Event: 43487.144 GC heap before
{Heap before GC invocations=93 (full 0):
 garbage-first heap   total 55296K, used 49610K [0x0000000081c00000, 0x0000000100000000)
  region size 1024K, 25 young (25600K), 1 survivors (1024K)
 Metaspace       used 72357K, committed 73280K, reserved 1114112K
  class space    used 9636K, committed 10112K, reserved 1048576K
}
Event: 43487.183 GC heap after
{Heap after GC invocations=94 (full 0):
 garbage-first heap   total 55296K, used 25042K [0x0000000081c00000, 0x0000000100000000)
  region size 1024K, 1 young (1024K), 1 survivors (1024K)
 Metaspace       used 72357K, committed 73280K, reserved 1114112K
  class space    used 9636K, committed 10112K, reserved 1048576K
}

Dll operation events (11 events):
Event: 0.014 Loaded shared library C:\Users\DELL\Downloads\Logiciel\eclipse-java-2024-12-R-win32-x86_64\eclipse\plugins\org.eclipse.justj.openjdk.hotspot.jre.full.win32.x86_64_21.0.5.v20241023-1957\jre\bin\java.dll
Event: 0.063 Loaded shared library C:\Users\DELL\Downloads\Logiciel\eclipse-java-2024-12-R-win32-x86_64\eclipse\plugins\org.eclipse.justj.openjdk.hotspot.jre.full.win32.x86_64_21.0.5.v20241023-1957\jre\bin\zip.dll
Event: 0.216 Loaded shared library C:\Users\DELL\Downloads\Logiciel\eclipse-java-2024-12-R-win32-x86_64\eclipse\plugins\org.eclipse.justj.openjdk.hotspot.jre.full.win32.x86_64_21.0.5.v20241023-1957\jre\bin\net.dll
Event: 0.220 Loaded shared library C:\Users\DELL\Downloads\Logiciel\eclipse-java-2024-12-R-win32-x86_64\eclipse\plugins\org.eclipse.justj.openjdk.hotspot.jre.full.win32.x86_64_21.0.5.v20241023-1957\jre\bin\nio.dll
Event: 0.229 Loaded shared library C:\Users\DELL\Downloads\Logiciel\eclipse-java-2024-12-R-win32-x86_64\eclipse\plugins\org.eclipse.justj.openjdk.hotspot.jre.full.win32.x86_64_21.0.5.v20241023-1957\jre\bin\zip.dll
Event: 0.522 Loaded shared library C:\Users\DELL\Downloads\Logiciel\eclipse-java-2024-12-R-win32-x86_64\eclipse\plugins\org.eclipse.justj.openjdk.hotspot.jre.full.win32.x86_64_21.0.5.v20241023-1957\jre\bin\jimage.dll
Event: 1.062 Loaded shared library C:\Users\DELL\Downloads\Logiciel\eclipse-java-2024-12-R-win32-x86_64\eclipse\plugins\org.eclipse.justj.openjdk.hotspot.jre.full.win32.x86_64_21.0.5.v20241023-1957\jre\bin\management.dll
Event: 1.070 Loaded shared library C:\Users\DELL\Downloads\Logiciel\eclipse-java-2024-12-R-win32-x86_64\eclipse\plugins\org.eclipse.justj.openjdk.hotspot.jre.full.win32.x86_64_21.0.5.v20241023-1957\jre\bin\management_ext.dll
Event: 3.634 Loaded shared library C:\Users\DELL\Downloads\Logiciel\eclipse-java-2024-12-R-win32-x86_64\eclipse\plugins\org.eclipse.justj.openjdk.hotspot.jre.full.win32.x86_64_21.0.5.v20241023-1957\jre\bin\sunmscapi.dll
Event: 8.958 Loaded shared library C:\Users\DELL\Downloads\Logiciel\eclipse-java-2024-12-R-win32-x86_64\eclipse\plugins\org.eclipse.justj.openjdk.hotspot.jre.full.win32.x86_64_21.0.5.v20241023-1957\jre\bin\verify.dll
Event: 10.201 Loaded shared library C:\Users\DELL\Downloads\Logiciel\eclipse-java-2024-12-R-win32-x86_64\eclipse\plugins\org.eclipse.justj.openjdk.hotspot.jre.full.win32.x86_64_21.0.5.v20241023-1957\jre\bin\extnet.dll

Deoptimization events (20 events):
Event: 38277.016 Thread 0x0000020bea219a30 DEOPT PACKING pc=0x0000020bd6afa91c sp=0x0000006fb23fdf80
Event: 38277.017 Thread 0x0000020bea219a30 DEOPT UNPACKING pc=0x0000020bd64146a2 sp=0x0000006fb23fdf18 mode 2
Event: 38277.025 Thread 0x0000020bea219a30 Uncommon trap: trap_request=0xffffffbe fr.pc=0x0000020bd6afa91c relative=0x00000000000005bc
Event: 38277.026 Thread 0x0000020bea219a30 Uncommon trap: reason=profile_predicate action=maybe_recompile pc=0x0000020bd6afa91c method=com.sun.crypto.provider.HmacCore.engineInit(Ljava/security/Key;Ljava/security/spec/AlgorithmParameterSpec;)V @ 88 c2
Event: 38277.026 Thread 0x0000020bea219a30 DEOPT PACKING pc=0x0000020bd6afa91c sp=0x0000006fb23fdf90
Event: 38277.032 Thread 0x0000020bea219a30 DEOPT UNPACKING pc=0x0000020bd64146a2 sp=0x0000006fb23fdf28 mode 2
Event: 38277.032 Thread 0x0000020bea219a30 Uncommon trap: trap_request=0xffffffbe fr.pc=0x0000020bd6afa91c relative=0x00000000000005bc
Event: 38277.032 Thread 0x0000020bea219a30 Uncommon trap: reason=profile_predicate action=maybe_recompile pc=0x0000020bd6afa91c method=com.sun.crypto.provider.HmacCore.engineInit(Ljava/security/Key;Ljava/security/spec/AlgorithmParameterSpec;)V @ 88 c2
Event: 38277.032 Thread 0x0000020bea219a30 DEOPT PACKING pc=0x0000020bd6afa91c sp=0x0000006fb23fdf90
Event: 38277.033 Thread 0x0000020bea219a30 DEOPT UNPACKING pc=0x0000020bd64146a2 sp=0x0000006fb23fdf28 mode 2
Event: 38277.033 Thread 0x0000020bea219a30 Uncommon trap: trap_request=0xffffffbe fr.pc=0x0000020bd6afa91c relative=0x00000000000005bc
Event: 38277.033 Thread 0x0000020bea219a30 Uncommon trap: reason=profile_predicate action=maybe_recompile pc=0x0000020bd6afa91c method=com.sun.crypto.provider.HmacCore.engineInit(Ljava/security/Key;Ljava/security/spec/AlgorithmParameterSpec;)V @ 88 c2
Event: 38277.033 Thread 0x0000020bea219a30 DEOPT PACKING pc=0x0000020bd6afa91c sp=0x0000006fb23fe090
Event: 38277.033 Thread 0x0000020bea219a30 DEOPT UNPACKING pc=0x0000020bd64146a2 sp=0x0000006fb23fe028 mode 2
Event: 39670.442 Thread 0x0000020bea21ade0 Uncommon trap: trap_request=0xfffffff4 fr.pc=0x0000020bd6b25d28 relative=0x0000000000000168
Event: 39670.442 Thread 0x0000020bea21ade0 Uncommon trap: reason=null_check action=make_not_entrant pc=0x0000020bd6b25d28 method=java.lang.Class.reflectionData()Ljava/lang/Class$ReflectionData; @ 18 c2
Event: 39670.442 Thread 0x0000020bea21ade0 DEOPT PACKING pc=0x0000020bd6b25d28 sp=0x0000006fb23fdee0
Event: 39670.442 Thread 0x0000020bea21ade0 DEOPT UNPACKING pc=0x0000020bd64146a2 sp=0x0000006fb23fde90 mode 2
Event: 43071.804 Thread 0x0000020bea21a0c0 DEOPT PACKING pc=0x0000020bcf1619e3 sp=0x0000006fb23fe4b0
Event: 43071.808 Thread 0x0000020bea21a0c0 DEOPT UNPACKING pc=0x0000020bd6414e42 sp=0x0000006fb23fd9d8 mode 0

Classes loaded (20 events):
Event: 35.507 Loading class java/time/format/DateTimeFormatterBuilder$ZoneTextPrinterParser
Event: 35.507 Loading class java/time/format/DateTimeFormatterBuilder$ZoneTextPrinterParser done
Event: 35.508 Loading class java/time/format/DateTimeFormatterBuilder$ReducedPrinterParser
Event: 35.508 Loading class java/time/format/DateTimeFormatterBuilder$ReducedPrinterParser done
Event: 35.517 Loading class java/util/OptionalInt
Event: 35.518 Loading class java/util/OptionalInt done
Event: 35.518 Loading class java/util/OptionalLong
Event: 35.518 Loading class java/util/OptionalLong done
Event: 35.518 Loading class java/util/OptionalDouble
Event: 35.518 Loading class java/util/OptionalDouble done
Event: 35.552 Loading class java/util/stream/DoubleStream
Event: 35.552 Loading class java/util/stream/DoubleStream done
Event: 35.553 Loading class java/util/stream/LongStream
Event: 35.553 Loading class java/util/stream/LongStream done
Event: 35.614 Loading class org/w3c/dom/Node
Event: 35.614 Loading class org/w3c/dom/Node done
Event: 35.614 Loading class org/w3c/dom/Document
Event: 35.614 Loading class org/w3c/dom/Document done
Event: 43919.646 Loading class java/util/ResourceBundle$Control$1
Event: 43919.666 Loading class java/util/ResourceBundle$Control$1 done

Classes unloaded (20 events):
Event: 2072.929 Thread 0x0000020be2adad60 Unloading class 0x0000020b81091000 'java/lang/invoke/LambdaForm$MH+0x0000020b81091000'
Event: 2072.929 Thread 0x0000020be2adad60 Unloading class 0x0000020b81090800 'java/lang/invoke/LambdaForm$MH+0x0000020b81090800'
Event: 2072.929 Thread 0x0000020be2adad60 Unloading class 0x0000020b81085000 'java/lang/invoke/LambdaForm$MH+0x0000020b81085000'
Event: 2072.930 Thread 0x0000020be2adad60 Unloading class 0x0000020b8101b800 'java/lang/invoke/LambdaForm$MH+0x0000020b8101b800'
Event: 2072.931 Thread 0x0000020be2adad60 Unloading class 0x0000020b8101b000 'java/lang/invoke/LambdaForm$MH+0x0000020b8101b000'
Event: 2072.931 Thread 0x0000020be2adad60 Unloading class 0x0000020b8101a800 'java/lang/invoke/LambdaForm$MH+0x0000020b8101a800'
Event: 2072.931 Thread 0x0000020be2adad60 Unloading class 0x0000020b8101a400 'java/lang/invoke/LambdaForm$MH+0x0000020b8101a400'
Event: 2072.932 Thread 0x0000020be2adad60 Unloading class 0x0000020b81019400 'java/lang/invoke/LambdaForm$MH+0x0000020b81019400'
Event: 2072.932 Thread 0x0000020be2adad60 Unloading class 0x0000020b81018800 'java/lang/invoke/LambdaForm$MH+0x0000020b81018800'
Event: 2072.932 Thread 0x0000020be2adad60 Unloading class 0x0000020b81018400 'java/lang/invoke/LambdaForm$MH+0x0000020b81018400'
Event: 2072.932 Thread 0x0000020be2adad60 Unloading class 0x0000020b81017c00 'java/lang/invoke/LambdaForm$MH+0x0000020b81017c00'
Event: 2072.932 Thread 0x0000020be2adad60 Unloading class 0x0000020b81017800 'java/lang/invoke/LambdaForm$MH+0x0000020b81017800'
Event: 2072.932 Thread 0x0000020be2adad60 Unloading class 0x0000020b81017400 'java/lang/invoke/LambdaForm$MH+0x0000020b81017400'
Event: 2072.932 Thread 0x0000020be2adad60 Unloading class 0x0000020b81016800 'java/lang/invoke/LambdaForm$MH+0x0000020b81016800'
Event: 2072.932 Thread 0x0000020be2adad60 Unloading class 0x0000020b81015800 'java/lang/invoke/LambdaForm$MH+0x0000020b81015800'
Event: 2072.932 Thread 0x0000020be2adad60 Unloading class 0x0000020b81014c00 'java/lang/invoke/LambdaForm$MH+0x0000020b81014c00'
Event: 2072.932 Thread 0x0000020be2adad60 Unloading class 0x0000020b81014400 'java/lang/invoke/LambdaForm$MH+0x0000020b81014400'
Event: 3967.781 Thread 0x0000020be2adad60 Unloading class 0x0000020b819a9400 'java/lang/invoke/LambdaForm$BMH+0x0000020b819a9400'
Event: 3967.782 Thread 0x0000020be2adad60 Unloading class 0x0000020b819a8800 'java/lang/invoke/LambdaForm$BMH+0x0000020b819a8800'
Event: 38519.683 Thread 0x0000020be2adad60 Unloading class 0x0000020b819a9400 'java/lang/invoke/LambdaForm$MH+0x0000020b819a9400'

Classes redefined (0 events):
No events

Internal exceptions (20 events):
Event: 16.334 Thread 0x0000020be78643f0 Implicit null exception at 0x0000020bd6acf2c8 to 0x0000020bd6acf348
Event: 16.394 Thread 0x0000020be78643f0 Exception <a 'java/lang/NoSuchMethodError'{0x00000000844bc7b8}: 'java.lang.Object java.lang.invoke.Invokers$Holder.invoke_MT(java.lang.Object, java.lang.Object, java.lang.Object, java.lang.Object, java.lang.Object, java.lang.Object, java.lang.Object, java.lang.Object, java.lang.Object, java.lang.Object, java.lang.Object)'> (0x00000000844bc7b8) 
thrown [s\src\hotspot\share\interpreter\linkResolver.cpp, line 773]
Event: 17.045 Thread 0x0000020be78643f0 Exception <a 'java/lang/NoSuchMethodError'{0x0000000086c9ae80}: 'java.lang.Object java.lang.invoke.DirectMethodHandle$Holder.newInvokeSpecial(java.lang.Object, java.lang.Object, int, java.lang.Object, java.lang.Object)'> (0x0000000086c9ae80) 
thrown [s\src\hotspot\share\interpreter\linkResolver.cpp, line 773]
Event: 28.311 Thread 0x0000020beb62a310 Exception <a 'java/lang/NoSuchMethodError'{0x00000000869dd848}: 'java.lang.Object java.lang.invoke.DirectMethodHandle$Holder.invokeStatic(java.lang.Object, java.lang.Object, java.lang.Object, int, int)'> (0x00000000869dd848) 
thrown [s\src\hotspot\share\interpreter\linkResolver.cpp, line 773]
Event: 28.311 Thread 0x0000020beb62a310 Exception <a 'java/lang/NoSuchMethodError'{0x00000000869e0fb0}: 'java.lang.Object java.lang.invoke.DirectMethodHandle$Holder.invokeStaticInit(java.lang.Object, java.lang.Object, java.lang.Object, int, int)'> (0x00000000869e0fb0) 
thrown [s\src\hotspot\share\interpreter\linkResolver.cpp, line 773]
Event: 28.419 Thread 0x0000020be85b5270 Exception <a 'java/lang/NoSuchMethodError'{0x0000000084318978}: 'java.lang.Object java.lang.invoke.DirectMethodHandle$Holder.invokeSpecial(java.lang.Object, java.lang.Object, java.lang.Object, java.lang.Object, java.lang.Object, long)'> (0x0000000084318978) 
thrown [s\src\hotspot\share\interpreter\linkResolver.cpp, line 773]
Event: 28.419 Thread 0x0000020be85b5270 Exception <a 'java/lang/NoSuchMethodError'{0x000000008431c368}: 'java.lang.Object java.lang.invoke.Invokers$Holder.linkToTargetMethod(java.lang.Object, java.lang.Object, java.lang.Object, long, java.lang.Object)'> (0x000000008431c368) 
thrown [s\src\hotspot\share\interpreter\linkResolver.cpp, line 773]
Event: 28.822 Thread 0x0000020be85b6cb0 Exception <a 'java/lang/NoSuchMethodError'{0x0000000086b29888}: 'java.lang.Object java.lang.invoke.DirectMethodHandle$Holder.invokeStatic(java.lang.Object, int, int)'> (0x0000000086b29888) 
thrown [s\src\hotspot\share\interpreter\linkResolver.cpp, line 773]
Event: 35.254 Thread 0x0000020be85b7340 Exception <a 'java/lang/NoSuchMethodError'{0x0000000086c51bc0}: 'java.lang.Object java.lang.invoke.DirectMethodHandle$Holder.invokeInterface(java.lang.Object, java.lang.Object, java.lang.Object, java.lang.Object)'> (0x0000000086c51bc0) 
thrown [s\src\hotspot\share\interpreter\linkResolver.cpp, line 773]
Event: 35.270 Thread 0x0000020be85b7340 Exception <a 'java/lang/IncompatibleClassChangeError'{0x0000000086ccc2a8}: Found class java.lang.Object, but interface was expected> (0x0000000086ccc2a8) 
thrown [s\src\hotspot\share\interpreter\linkResolver.cpp, line 840]
Event: 35.395 Thread 0x0000020be85b7340 Exception <a 'java/lang/IncompatibleClassChangeError'{0x000000008461eda0}: Found class java.lang.Object, but interface was expected> (0x000000008461eda0) 
thrown [s\src\hotspot\share\interpreter\linkResolver.cpp, line 840]
Event: 35.404 Thread 0x0000020be85b7340 Exception <a 'java/lang/NoSuchMethodError'{0x0000000084646718}: 'void java.lang.invoke.DirectMethodHandle$Holder.invokeSpecialIFC(java.lang.Object, java.lang.Object, int, java.lang.Object, java.lang.Object, java.lang.Object, java.lang.Object)'> (0x0000000084646718) 
thrown [s\src\hotspot\share\interpreter\linkResolver.cpp, line 773]
Event: 35.457 Thread 0x0000020be85b7340 Exception <a 'java/lang/NoSuchMethodError'{0x0000000084521f08}: 'double java.lang.invoke.DelegatingMethodHandle$Holder.reinvoke_L(java.lang.Object, java.lang.Object)'> (0x0000000084521f08) 
thrown [s\src\hotspot\share\interpreter\linkResolver.cpp, line 773]
Event: 35.458 Thread 0x0000020be85b7340 Exception <a 'java/lang/NoSuchMethodError'{0x000000008452cbc0}: 'void java.lang.invoke.DelegatingMethodHandle$Holder.reinvoke_L(java.lang.Object, java.lang.Object, double)'> (0x000000008452cbc0) 
thrown [s\src\hotspot\share\interpreter\linkResolver.cpp, line 773]
Event: 35.482 Thread 0x0000020be85b7340 Exception <a 'java/lang/NoSuchMethodError'{0x0000000084590728}: 'double java.lang.invoke.Invokers$Holder.invokeExact_MT(java.lang.Object, java.lang.Object, java.lang.Object)'> (0x0000000084590728) 
thrown [s\src\hotspot\share\interpreter\linkResolver.cpp, line 773]
Event: 5394.124 Thread 0x0000020bea308ce0 Implicit null exception at 0x0000020bd6baad60 to 0x0000020bd6bab038
Event: 5395.115 Thread 0x0000020bea308ce0 Implicit null exception at 0x0000020bd6baad60 to 0x0000020bd6bab038
Event: 5396.124 Thread 0x0000020bea308ce0 Implicit null exception at 0x0000020bd6baad60 to 0x0000020bd6bab038
Event: 5397.117 Thread 0x0000020bea308ce0 Implicit null exception at 0x0000020bd6baad60 to 0x0000020bd6bab038
Event: 39670.442 Thread 0x0000020bea21ade0 Implicit null exception at 0x0000020bd6b25c20 to 0x0000020bd6b25d10

ZGC Phase Switch (0 events):
No events

VM Operations (20 events):
Event: 42196.786 Executing VM operation: G1PauseCleanup
Event: 42196.787 Executing VM operation: G1PauseCleanup done
Event: 42223.343 Executing VM operation: G1CollectForAllocation (G1 Evacuation Pause)
Event: 42223.350 Executing VM operation: G1CollectForAllocation (G1 Evacuation Pause) done
Event: 42249.730 Executing VM operation: G1CollectForAllocation (G1 Evacuation Pause)
Event: 42249.763 Executing VM operation: G1CollectForAllocation (G1 Evacuation Pause) done
Event: 42562.129 Executing VM operation: Cleanup
Event: 42562.129 Executing VM operation: Cleanup done
Event: 42863.029 Executing VM operation: G1CollectForAllocation (G1 Evacuation Pause)
Event: 42863.051 Executing VM operation: G1CollectForAllocation (G1 Evacuation Pause) done
Event: 42863.247 Executing VM operation: G1PauseRemark
Event: 42863.261 Executing VM operation: G1PauseRemark done
Event: 42863.279 Executing VM operation: G1PauseCleanup
Event: 42863.279 Executing VM operation: G1PauseCleanup done
Event: 42997.248 Executing VM operation: Cleanup
Event: 42997.248 Executing VM operation: Cleanup done
Event: 43487.143 Executing VM operation: G1CollectForAllocation (G1 Evacuation Pause)
Event: 43487.183 Executing VM operation: G1CollectForAllocation (G1 Evacuation Pause) done
Event: 43919.403 Executing VM operation: Cleanup
Event: 43919.641 Executing VM operation: Cleanup done

Memory protections (0 events):
No events

Nmethod flushes (20 events):
Event: 40307.999 Thread 0x0000020be2adad60 flushing  nmethod 0x0000020bcf2f5b90
Event: 40307.999 Thread 0x0000020be2adad60 flushing  nmethod 0x0000020bcf346e90
Event: 40307.999 Thread 0x0000020be2adad60 flushing  nmethod 0x0000020bcf041690
Event: 40307.999 Thread 0x0000020be2adad60 flushing  nmethod 0x0000020bcf515210
Event: 42196.732 Thread 0x0000020be2adad60 flushing  nmethod 0x0000020bd6b25a10
Event: 42196.733 Thread 0x0000020be2adad60 flushing  nmethod 0x0000020bcf354510
Event: 42196.734 Thread 0x0000020be2adad60 flushing  nmethod 0x0000020bcf433290
Event: 42196.734 Thread 0x0000020be2adad60 flushing  nmethod 0x0000020bcf754110
Event: 42196.734 Thread 0x0000020be2adad60 flushing  nmethod 0x0000020bcf6bf090
Event: 42196.734 Thread 0x0000020be2adad60 flushing  nmethod 0x0000020bceef5610
Event: 42196.734 Thread 0x0000020be2adad60 flushing  nmethod 0x0000020bcf6bb190
Event: 42196.735 Thread 0x0000020be2adad60 flushing  nmethod 0x0000020bcf6e5e90
Event: 42863.255 Thread 0x0000020be2adad60 flushing  nmethod 0x0000020bcefb3c10
Event: 42863.255 Thread 0x0000020be2adad60 flushing  nmethod 0x0000020bcf080890
Event: 42863.255 Thread 0x0000020be2adad60 flushing  nmethod 0x0000020bcf0bc210
Event: 42863.255 Thread 0x0000020be2adad60 flushing  nmethod 0x0000020bcefee690
Event: 42863.256 Thread 0x0000020be2adad60 flushing  nmethod 0x0000020bcf090410
Event: 42863.256 Thread 0x0000020be2adad60 flushing  nmethod 0x0000020bcf14bd90
Event: 42863.258 Thread 0x0000020be2adad60 flushing  nmethod 0x0000020bceeee510
Event: 42863.259 Thread 0x0000020be2adad60 flushing  nmethod 0x0000020bcef56c10

Events (20 events):
Event: 43001.905 Thread 0x0000020bea218d10 Thread exited: 0x0000020bea218d10
Event: 43002.095 Thread 0x0000020bea21ade0 Thread exited: 0x0000020bea21ade0
Event: 43026.192 Thread 0x0000020beaf81810 Thread added: 0x0000020bea219a30
Event: 43026.194 Thread 0x0000020bea219a30 Thread added: 0x0000020bea21c190
Event: 43031.209 Thread 0x0000020bea219a30 Thread exited: 0x0000020bea219a30
Event: 43031.422 Thread 0x0000020bea21c190 Thread exited: 0x0000020bea21c190
Event: 43048.870 Thread 0x0000020beaf81810 Thread added: 0x0000020bea21c190
Event: 43048.889 Thread 0x0000020bea21c190 Thread added: 0x0000020bea21a0c0
Event: 43053.909 Thread 0x0000020bea21c190 Thread exited: 0x0000020bea21c190
Event: 43054.336 Thread 0x0000020bea21a0c0 Thread exited: 0x0000020bea21a0c0
Event: 43071.245 Thread 0x0000020beaf81810 Thread added: 0x0000020bea21c190
Event: 43071.257 Thread 0x0000020bea21c190 Thread added: 0x0000020bea21a0c0
Event: 43076.278 Thread 0x0000020bea21c190 Thread exited: 0x0000020bea21c190
Event: 43076.878 Thread 0x0000020bea21a0c0 Thread exited: 0x0000020bea21a0c0
Event: 43169.718 Thread 0x0000020beaf81810 Thread added: 0x0000020bea218d10
Event: 43169.720 Thread 0x0000020bea218d10 Thread added: 0x0000020bea21ade0
Event: 43174.726 Thread 0x0000020bea218d10 Thread exited: 0x0000020bea218d10
Event: 43175.093 Thread 0x0000020bea21ade0 Thread exited: 0x0000020bea21ade0
Event: 43918.951 Thread 0x0000020be2b146c0 Thread added: 0x0000020beb002700
Event: 43919.708 Thread 0x0000020beb002700 Thread exited: 0x0000020beb002700


Dynamic libraries:
0x00007ff64a8d0000 - 0x00007ff64a8de000 	C:\Users\DELL\Downloads\Logiciel\eclipse-java-2024-12-R-win32-x86_64\eclipse\plugins\org.eclipse.justj.openjdk.hotspot.jre.full.win32.x86_64_21.0.5.v20241023-1957\jre\bin\javaw.exe
0x00007ffd09210000 - 0x00007ffd09408000 	C:\WINDOWS\SYSTEM32\ntdll.dll
0x00007ffd08b70000 - 0x00007ffd08c32000 	C:\WINDOWS\System32\KERNEL32.DLL
0x00007ffd06a10000 - 0x00007ffd06d06000 	C:\WINDOWS\System32\KERNELBASE.dll
0x00007ffd07110000 - 0x00007ffd07210000 	C:\WINDOWS\System32\ucrtbase.dll
0x00007ffcfb9b0000 - 0x00007ffcfb9c8000 	C:\Users\DELL\Downloads\Logiciel\eclipse-java-2024-12-R-win32-x86_64\eclipse\plugins\org.eclipse.justj.openjdk.hotspot.jre.full.win32.x86_64_21.0.5.v20241023-1957\jre\bin\jli.dll
0x00007ffd07240000 - 0x00007ffd073dd000 	C:\WINDOWS\System32\USER32.dll
0x00007ffd07210000 - 0x00007ffd07232000 	C:\WINDOWS\System32\win32u.dll
0x00007ffd08a10000 - 0x00007ffd08a3b000 	C:\WINDOWS\System32\GDI32.dll
0x00007ffd06d10000 - 0x00007ffd06e2a000 	C:\WINDOWS\System32\gdi32full.dll
0x00007ffd068b0000 - 0x00007ffd0694d000 	C:\WINDOWS\System32\msvcp_win.dll
0x00007ffce27e0000 - 0x00007ffce27fe000 	C:\Users\DELL\Downloads\Logiciel\eclipse-java-2024-12-R-win32-x86_64\eclipse\plugins\org.eclipse.justj.openjdk.hotspot.jre.full.win32.x86_64_21.0.5.v20241023-1957\jre\bin\VCRUNTIME140.dll
0x00007ffcf1810000 - 0x00007ffcf1aaa000 	C:\WINDOWS\WinSxS\amd64_microsoft.windows.common-controls_6595b64144ccf1df_6.0.19041.5794_none_60bcd33171f2783c\COMCTL32.dll
0x00007ffd076a0000 - 0x00007ffd0773e000 	C:\WINDOWS\System32\msvcrt.dll
0x00007ffd08e20000 - 0x00007ffd08e4f000 	C:\WINDOWS\System32\IMM32.DLL
0x00007ffcec610000 - 0x00007ffcec61c000 	C:\Users\DELL\Downloads\Logiciel\eclipse-java-2024-12-R-win32-x86_64\eclipse\plugins\org.eclipse.justj.openjdk.hotspot.jre.full.win32.x86_64_21.0.5.v20241023-1957\jre\bin\vcruntime140_1.dll
0x00007ffcce7c0000 - 0x00007ffcce84d000 	C:\Users\DELL\Downloads\Logiciel\eclipse-java-2024-12-R-win32-x86_64\eclipse\plugins\org.eclipse.justj.openjdk.hotspot.jre.full.win32.x86_64_21.0.5.v20241023-1957\jre\bin\msvcp140.dll
0x00007ffcb9fe0000 - 0x00007ffcbad6f000 	C:\Users\DELL\Downloads\Logiciel\eclipse-java-2024-12-R-win32-x86_64\eclipse\plugins\org.eclipse.justj.openjdk.hotspot.jre.full.win32.x86_64_21.0.5.v20241023-1957\jre\bin\server\jvm.dll
0x00007ffd08a40000 - 0x00007ffd08aef000 	C:\WINDOWS\System32\ADVAPI32.dll
0x00007ffd07d50000 - 0x00007ffd07def000 	C:\WINDOWS\System32\sechost.dll
0x00007ffd088c0000 - 0x00007ffd089e3000 	C:\WINDOWS\System32\RPCRT4.dll
0x00007ffd069e0000 - 0x00007ffd06a07000 	C:\WINDOWS\System32\bcrypt.dll
0x00007ffd07cd0000 - 0x00007ffd07d3b000 	C:\WINDOWS\System32\WS2_32.dll
0x00007ffd06710000 - 0x00007ffd0675b000 	C:\WINDOWS\SYSTEM32\POWRPROF.dll
0x00007ffcef8e0000 - 0x00007ffcef907000 	C:\WINDOWS\SYSTEM32\WINMM.dll
0x00007ffcfc7a0000 - 0x00007ffcfc7aa000 	C:\WINDOWS\SYSTEM32\VERSION.dll
0x00007ffd066f0000 - 0x00007ffd06702000 	C:\WINDOWS\SYSTEM32\UMPDC.dll
0x00007ffd050d0000 - 0x00007ffd050e2000 	C:\WINDOWS\SYSTEM32\kernel.appcore.dll
0x00007ffd03700000 - 0x00007ffd0370a000 	C:\Users\DELL\Downloads\Logiciel\eclipse-java-2024-12-R-win32-x86_64\eclipse\plugins\org.eclipse.justj.openjdk.hotspot.jre.full.win32.x86_64_21.0.5.v20241023-1957\jre\bin\jimage.dll
0x00007ffd04db0000 - 0x00007ffd04fb1000 	C:\WINDOWS\SYSTEM32\DBGHELP.DLL
0x00007ffcf2880000 - 0x00007ffcf28b4000 	C:\WINDOWS\SYSTEM32\dbgcore.DLL
0x00007ffd06950000 - 0x00007ffd069d2000 	C:\WINDOWS\System32\bcryptPrimitives.dll
0x00007ffcfdd70000 - 0x00007ffcfdd8f000 	C:\Users\DELL\Downloads\Logiciel\eclipse-java-2024-12-R-win32-x86_64\eclipse\plugins\org.eclipse.justj.openjdk.hotspot.jre.full.win32.x86_64_21.0.5.v20241023-1957\jre\bin\java.dll
0x00007ffd08150000 - 0x00007ffd088be000 	C:\WINDOWS\System32\SHELL32.dll
0x00007ffd04530000 - 0x00007ffd04cd3000 	C:\WINDOWS\SYSTEM32\windows.storage.dll
0x00007ffd07df0000 - 0x00007ffd08143000 	C:\WINDOWS\System32\combase.dll
0x00007ffd06210000 - 0x00007ffd0623b000 	C:\WINDOWS\SYSTEM32\Wldp.dll
0x00007ffd08cc0000 - 0x00007ffd08d8d000 	C:\WINDOWS\System32\OLEAUT32.dll
0x00007ffd09120000 - 0x00007ffd091cd000 	C:\WINDOWS\System32\SHCORE.dll
0x00007ffd07740000 - 0x00007ffd07795000 	C:\WINDOWS\System32\shlwapi.dll
0x00007ffd067e0000 - 0x00007ffd06805000 	C:\WINDOWS\SYSTEM32\profapi.dll
0x00007ffce9cb0000 - 0x00007ffce9cc8000 	C:\Users\DELL\Downloads\Logiciel\eclipse-java-2024-12-R-win32-x86_64\eclipse\plugins\org.eclipse.justj.openjdk.hotspot.jre.full.win32.x86_64_21.0.5.v20241023-1957\jre\bin\zip.dll
0x00007ffcfe3c0000 - 0x00007ffcfe3d0000 	C:\Users\DELL\Downloads\Logiciel\eclipse-java-2024-12-R-win32-x86_64\eclipse\plugins\org.eclipse.justj.openjdk.hotspot.jre.full.win32.x86_64_21.0.5.v20241023-1957\jre\bin\net.dll
0x00007ffcfbd00000 - 0x00007ffcfbe0a000 	C:\WINDOWS\SYSTEM32\WINHTTP.dll
0x00007ffd05f70000 - 0x00007ffd05fdc000 	C:\WINDOWS\system32\mswsock.dll
0x00007ffce2920000 - 0x00007ffce2936000 	C:\Users\DELL\Downloads\Logiciel\eclipse-java-2024-12-R-win32-x86_64\eclipse\plugins\org.eclipse.justj.openjdk.hotspot.jre.full.win32.x86_64_21.0.5.v20241023-1957\jre\bin\nio.dll
0x00007ffcfe360000 - 0x00007ffcfe36a000 	C:\Users\DELL\Downloads\Logiciel\eclipse-java-2024-12-R-win32-x86_64\eclipse\plugins\org.eclipse.justj.openjdk.hotspot.jre.full.win32.x86_64_21.0.5.v20241023-1957\jre\bin\management.dll
0x00007ffcfe200000 - 0x00007ffcfe20b000 	C:\Users\DELL\Downloads\Logiciel\eclipse-java-2024-12-R-win32-x86_64\eclipse\plugins\org.eclipse.justj.openjdk.hotspot.jre.full.win32.x86_64_21.0.5.v20241023-1957\jre\bin\management_ext.dll
0x00007ffd07d40000 - 0x00007ffd07d48000 	C:\WINDOWS\System32\PSAPI.DLL
0x00007ffcf0690000 - 0x00007ffcf069e000 	C:\Users\DELL\Downloads\Logiciel\eclipse-java-2024-12-R-win32-x86_64\eclipse\plugins\org.eclipse.justj.openjdk.hotspot.jre.full.win32.x86_64_21.0.5.v20241023-1957\jre\bin\sunmscapi.dll
0x00007ffd06fb0000 - 0x00007ffd0710d000 	C:\WINDOWS\System32\CRYPT32.dll
0x00007ffd06280000 - 0x00007ffd062a7000 	C:\WINDOWS\SYSTEM32\ncrypt.dll
0x00007ffd06240000 - 0x00007ffd0627b000 	C:\WINDOWS\SYSTEM32\NTASN1.dll
0x00007ffd06160000 - 0x00007ffd06178000 	C:\WINDOWS\SYSTEM32\CRYPTSP.dll
0x00007ffd05890000 - 0x00007ffd058c8000 	C:\WINDOWS\system32\rsaenh.dll
0x00007ffd067a0000 - 0x00007ffd067ce000 	C:\WINDOWS\SYSTEM32\USERENV.dll
0x00007ffd06180000 - 0x00007ffd0618c000 	C:\WINDOWS\SYSTEM32\CRYPTBASE.dll
0x00007ffd05c50000 - 0x00007ffd05c8b000 	C:\WINDOWS\SYSTEM32\IPHLPAPI.DLL
0x00007ffd08b60000 - 0x00007ffd08b68000 	C:\WINDOWS\System32\NSI.dll
0x00007ffcf07f0000 - 0x00007ffcf0800000 	C:\Users\DELL\Downloads\Logiciel\eclipse-java-2024-12-R-win32-x86_64\eclipse\plugins\org.eclipse.justj.openjdk.hotspot.jre.full.win32.x86_64_21.0.5.v20241023-1957\jre\bin\verify.dll
0x00007ffd05c90000 - 0x00007ffd05d5a000 	C:\WINDOWS\SYSTEM32\DNSAPI.dll
0x00007ffcf33f0000 - 0x00007ffcf33fa000 	C:\Windows\System32\rasadhlp.dll
0x00007ffcf3470000 - 0x00007ffcf34f0000 	C:\WINDOWS\System32\fwpuclnt.dll
0x00007ffcf0370000 - 0x00007ffcf0379000 	C:\Users\DELL\Downloads\Logiciel\eclipse-java-2024-12-R-win32-x86_64\eclipse\plugins\org.eclipse.justj.openjdk.hotspot.jre.full.win32.x86_64_21.0.5.v20241023-1957\jre\bin\extnet.dll
0x00007ffce2570000 - 0x00007ffce2577000 	C:\WINDOWS\system32\wshunix.dll

dbghelp: loaded successfully - version: 4.0.5 - missing functions: none
symbol engine: initialized successfully - sym options: 0x614 - pdb path: .;C:\Users\DELL\Downloads\Logiciel\eclipse-java-2024-12-R-win32-x86_64\eclipse\plugins\org.eclipse.justj.openjdk.hotspot.jre.full.win32.x86_64_21.0.5.v20241023-1957\jre\bin;C:\WINDOWS\SYSTEM32;C:\WINDOWS\WinSxS\amd64_microsoft.windows.common-controls_6595b64144ccf1df_6.0.19041.5794_none_60bcd33171f2783c;C:\Users\DELL\Downloads\Logiciel\eclipse-java-2024-12-R-win32-x86_64\eclipse\plugins\org.eclipse.justj.openjdk.hotspot.jre.full.win32.x86_64_21.0.5.v20241023-1957\jre\bin\server

VM Arguments:
jvm_args: -Dfile.encoding=UTF-8 -Dstdout.encoding=UTF-8 -Dstderr.encoding=UTF-8 -XX:+ShowCodeDetailsInExceptionMessages 
java_command: com.blt.etud.etudPay.EtudPayApplication
java_class_path (initial): C:\Users\DELL\OneDrive\Documents\javaProject\etudPay\etudPay\target\classes;C:\Users\DELL\.m2\repository\org\springframework\boot\spring-boot-starter-data-jpa\3.5.0\spring-boot-starter-data-jpa-3.5.0.jar;C:\Users\DELL\.m2\repository\org\springframework\boot\spring-boot-starter\3.5.0\spring-boot-starter-3.5.0.jar;C:\Users\DELL\.m2\repository\org\springframework\boot\spring-boot-starter-logging\3.5.0\spring-boot-starter-logging-3.5.0.jar;C:\Users\DELL\.m2\repository\ch\qos\logback\logback-classic\1.5.18\logback-classic-1.5.18.jar;C:\Users\DELL\.m2\repository\ch\qos\logback\logback-core\1.5.18\logback-core-1.5.18.jar;C:\Users\DELL\.m2\repository\org\apache\logging\log4j\log4j-to-slf4j\2.24.3\log4j-to-slf4j-2.24.3.jar;C:\Users\DELL\.m2\repository\org\apache\logging\log4j\log4j-api\2.24.3\log4j-api-2.24.3.jar;C:\Users\DELL\.m2\repository\org\slf4j\jul-to-slf4j\2.0.17\jul-to-slf4j-2.0.17.jar;C:\Users\DELL\.m2\repository\jakarta\annotation\jakarta.annotation-api\2.1.1\jakarta.annotation-api-2.1.1.jar;C:\Users\DELL\.m2\repository\org\yaml\snakeyaml\2.4\snakeyaml-2.4.jar;C:\Users\DELL\.m2\repository\org\springframework\boot\spring-boot-starter-jdbc\3.5.0\spring-boot-starter-jdbc-3.5.0.jar;C:\Users\DELL\.m2\repository\com\zaxxer\HikariCP\6.3.0\HikariCP-6.3.0.jar;C:\Users\DELL\.m2\repository\org\springframework\spring-jdbc\6.2.7\spring-jdbc-6.2.7.jar;C:\Users\DELL\.m2\repository\org\hibernate\orm\hibernate-core\6.6.15.Final\hibernate-core-6.6.15.Final.jar;C:\Users\DELL\.m2\repository\jakarta\persistence\jakarta.persistence-api\3.1.0\jakarta.persistence-api-3.1.0.jar;C:\Users\DELL\.m2\repository\jakarta\transaction\jakarta.transaction-api\2.0.1\jakarta.transaction-api-2.0.1.jar;C:\Users\DELL\.m2\repository\org\jboss\logging\jboss-logging\3.6.1.Final\jboss-logging-3.6.1.Final.jar;C:\Users\DELL\.m2\repository\org\hibernate\common\hibernate-commons-annotations\7.0.3.Final\hibernate-commons-annotations-7.0.3.Final.jar;C:\Users\DELL\.m2\repository\io\smallrye\jandex\3.2.0\jandex-3.2.0.jar;C:\Users\DELL\.m2\repository\com\fasterxml\classmate\1.7.0\classmate-1.7.0.jar;C:\Users\DELL\.m2\repository\net\bytebuddy\byte-buddy\1.17.5\byte-buddy-1.17.5.jar;C:\Users\DELL\.m2\repository\org\glassfish\jaxb\jaxb-runtime\4.0.5\jaxb-runtime-4.0.5.jar;C:\Users\DELL\.m2\repository\org\glassfish\jaxb\jaxb-core\4.0.5\jaxb-core-4.0.5.jar;C:\Users\DELL\.m2\repository\org\eclipse\angus\angus-activation\2.0.2\angus-activation-2.0.2.jar;C:\Users\DELL\.m2\repository\org\glassfish\jaxb\txw2\4.0.5\txw2-4.0.5.jar;C:\Users\DELL\.m2\repository\com\sun\istack\istack-commons-runtime\4.1.2\istack-commons-runtime-4.1.2.jar;C:\Users\DELL\.m2\repository\jakarta\inject\jakarta.inject-api\2.0.1\jakarta.inject-api-2.0.1.jar;C:\Users\DELL\.m2\repository\org\antlr\antlr4-runtime\4.13.0\antlr4-runtime-4.13.0.jar;C:\Users\DELL\.m2\repository\org\springframework\data\spring-data-jpa\3.5.0\spring-data-jpa-3.5.0.jar;C:\Users\DELL\.m2\repository\org\springframework\data\spring-data-commons\3.5.0\spring-data-commons-3.5.0.jar;C:\Users\DELL\.m2\repository\org\springframework\spring-orm\6.2.7\spring-orm-6.2.7.jar;C:\Users\DELL\.m2\repository\org\springframework\spring-context\6.2.7\spring-context-6.2.7.jar;C:\Users\DELL\.m2\repository\org\springframework\spring-tx\6.2.7\spring-tx-6.2.7.jar;C:\Users\DELL\.m2\repository\org\springframework\spring-beans\6.2.7\spring-beans-6.2.7.jar;C:\Users\DELL\.m2\repository\org\slf4j\slf4j-api\2.0.17\slf4j-api-2.0.17.jar;C:\Users\DELL\.m2\repository\org\springframework\spring-aspects\6.2.7\spring-aspects-6.2.7.jar;C:\Users\DELL\.m2\repository\org\aspectj\aspectjweaver\1.9.24\aspectjweaver-1.9.24.jar;C:\Users\DELL\.m2\repository\org\springframework\boot\spring-boot-starter-security\3.5.0\spring-boot-starter-security-3.5.0.jar;C:\Users\DELL\.m2\repository\org\springframework\spring-aop\6.2.7\spring-aop-6.2.7.jar;C:\Users\DELL\.m2\repository\org\springframework\security\spring-security-config\6.5.0\spring-security-config-6.5.0.jar;C:\Users\DELL\.m2\repository\org\springframework\security\spring-security-core\6.5.0\spring-security-core-6.5.0.jar;C:\Users\DELL\.m2\repository\org\springframework\security\spring-security-crypto\6.5.0\spring-security-crypto-6.5.0.jar;C:\Users\DELL\.m2\repository\org\springframework\security\spring-security-web\6.5.0\spring-security-web-6.5.0.jar;C:\Users\DELL\.m2\repository\org\springframework\spring-expression\6.2.7\spring-expression-6.2.7.jar;C:\Users\DELL\.m2\repository\org\springframework\boot\spring-boot-starter-web\3.5.0\spring-boot-starter-web-3.5.0.jar;C:\Users\DELL\.m2\repository\org\springframework\boot\spring-boot-starter-json\3.5.0\spring-boot-starter-json-3.5.0.jar;C:\Users\DELL\.m2\repository\com\fasterxml\jackson\core\jackson-databind\2.19.0\jackson-databind-2.19.0.jar;C:\Users\DELL\.m2\repository\com\fasterxml\jackson\core\jackson-annotations\2.19.0\jackson-annotations-2.19.0.jar;C:\Users\DELL\.m2\repository\com\fasterxml\jackson\core\jackson-core\2.19.0\jackson-core-2.19.0.jar;C:\Users\DELL\.m2\repository\com\fasterxml\jackson\datatype\jackson-datatype-jdk8\2.19.0\jackson-datatype-jdk8-2.19.0.jar;C:\Users\DELL\.m2\repository\com\fasterxml\jackson\datatype\jackson-datatype-jsr310\2.19.0\jackson-datatype-jsr310-2.19.0.jar;C:\Users\DELL\.m2\repository\com\fasterxml\jackson\module\jackson-module-parameter-names\2.19.0\jackson-module-parameter-names-2.19.0.jar;C:\Users\DELL\.m2\repository\org\springframework\boot\spring-boot-starter-tomcat\3.5.0\spring-boot-starter-tomcat-3.5.0.jar;C:\Users\DELL\.m2\repository\org\apache\tomcat\embed\tomcat-embed-core\10.1.41\tomcat-embed-core-10.1.41.jar;C:\Users\DELL\.m2\repository\org\apache\tomcat\embed\tomcat-embed-el\10.1.41\tomcat-embed-el-10.1.41.jar;C:\Users\DELL\.m2\repository\org\apache\tomcat\embed\tomcat-embed-websocket\10.1.41\tomcat-embed-websocket-10.1.41.jar;C:\Users\DELL\.m2\repository\org\springframework\spring-web\6.2.7\spring-web-6.2.7.jar;C:\Users\DELL\.m2\repository\io\micrometer\micrometer-observation\1.15.0\micrometer-observation-1.15.0.jar;C:\Users\DELL\.m2\repository\io\micrometer\micrometer-commons\1.15.0\micrometer-commons-1.15.0.jar;C:\Users\DELL\.m2\repository\org\springframework\spring-webmvc\6.2.7\spring-webmvc-6.2.7.jar;C:\Users\DELL\.m2\repository\org\springframework\boot\spring-boot-devtools\3.5.0\spring-boot-devtools-3.5.0.jar;C:\Users\DELL\.m2\repository\org\springframework\boot\spring-boot\3.5.0\spring-boot-3.5.0.jar;C:\Users\DELL\.m2\repository\org\springframework\boot\spring-boot-autoconfigure\3.5.0\spring-boot-autoconfigure-3.5.0.jar;C:\Users\DELL\.m2\repository\org\postgresql\postgresql\42.7.5\postgresql-42.7.5.jar;C:\Users\DELL\.m2\repository\org\checkerframework\checker-qual\3.48.3\checker-qual-3.48.3.jar;C:\Users\DELL\.m2\repository\org\projectlombok\lombok\1.18.38\lombok-1.18.38.jar;C:\Users\DELL\.m2\repository\jakarta\xml\bind\jakarta.xml.bind-api\4.0.2\jakarta.xml.bind-api-4.0.2.jar;C:\Users\DELL\.m2\repository\jakarta\activation\jakarta.activation-api\2.1.3\jakarta.activation-api-2.1.3.jar;C:\Users\DELL\.m2\repository\org\springframework\spring-core\6.2.7\spring-core-6.2.7.jar;C:\Users\DELL\.m2\repository\org\springframework\spring-jcl\6.2.7\spring-jcl-6.2.7.jar
Launcher Type: SUN_STANDARD

[Global flags]
     bool UseCompressedOops                        = true                           {product lp64_product} {ergonomic}
     bool UseLargePagesIndividualAllocation        = false                                  {pd product} {ergonomic}
     bool ShowCodeDetailsInExceptionMessages       = true                                   {manageable} {command line}
     intx CICompilerCount                          = 3                                         {product} {ergonomic}
   size_t MinHeapDeltaBytes                        = 1048576                                   {product} {ergonomic}
     bool SegmentedCodeCache                       = true                                      {product} {ergonomic}
    uintx ReservedCodeCacheSize                    = 251658240                              {pd product} {ergonomic}
    uintx NonProfiledCodeHeapSize                  = 122912730                              {pd product} {ergonomic}
    uintx ProfiledCodeHeapSize                     = 122912730                              {pd product} {ergonomic}
    uintx NonNMethodCodeHeapSize                   = 5832780                                {pd product} {ergonomic}
   size_t G1HeapRegionSize                         = 1048576                                   {product} {ergonomic}
     uint G1ConcRefinementThreads                  = 4                                         {product} {ergonomic}
     bool UseG1GC                                  = true                                      {product} {ergonomic}
     uint ConcGCThreads                            = 1                                         {product} {ergonomic}
   size_t MarkStackSize                            = 4194304                                   {product} {ergonomic}
   size_t MinHeapSize                              = 8388608                                   {product} {ergonomic}
   size_t InitialHeapSize                          = 134217728                                 {product} {ergonomic}
   size_t MaxHeapSize                              = 2118123520                                {product} {ergonomic}
   size_t SoftMaxHeapSize                          = 2118123520                             {manageable} {ergonomic}
   size_t MaxNewSize                               = 1270874112                                {product} {ergonomic}
    uintx GCDrainStackTargetSize                   = 64                                        {product} {ergonomic}

Logging:
Log output configuration:
 #0: stdout all=warning uptime,level,tags foldmultilines=false
 #1: stderr all=off uptime,level,tags foldmultilines=false

Environment Variables:
PATH=C:/Users/DELL/Downloads/Logiciel/eclipse-java-2024-12-R-win32-x86_64/eclipse//plugins/org.eclipse.justj.openjdk.hotspot.jre.full.win32.x86_64_21.0.5.v20241023-1957/jre/bin/server;C:/Users/DELL/Downloads/Logiciel/eclipse-java-2024-12-R-win32-x86_64/eclipse//plugins/org.eclipse.justj.openjdk.hotspot.jre.full.win32.x86_64_21.0.5.v20241023-1957/jre/bin;C:\Program Files (x86)\Common Files\Oracle\Java\java8path;C:\Program Files (x86)\Common Files\Oracle\Java\javapath;C:\WINDOWS\system32;C:\WINDOWS;C:\WINDOWS\System32\Wbem;C:\WINDOWS\System32\WindowsPowerShell\v1.0\;C:\WINDOWS\System32\OpenSSH\;C:\Users\DELL\AppData\Local\Microsoft\WindowsApps;C:\Users\DELL\Downloads\Logiciel\eclipse-java-2024-12-R-win32-x86_64\eclipse;
USERNAME=DELL
OS=Windows_NT
PROCESSOR_IDENTIFIER=Intel64 Family 6 Model 78 Stepping 3, GenuineIntel
TMP=C:\Users\DELL\AppData\Local\Temp
TEMP=C:\Users\DELL\AppData\Local\Temp




Periodic native trim disabled

---------------  S Y S T E M  ---------------

OS:
 Windows 10 , 64 bit Build 19041 (10.0.19041.5794)
OS uptime: 1 days 21:24 hours
Hyper-V role detected

CPU: total 4 (initial active 4) (2 cores per cpu, 2 threads per core) family 6 model 78 stepping 3 microcode 0xec, cx8, cmov, fxsr, ht, mmx, 3dnowpref, sse, sse2, sse3, ssse3, sse4.1, sse4.2, popcnt, lzcnt, tsc, tscinvbit, avx, avx2, aes, erms, clmul, bmi1, bmi2, rtm, adx, fma, vzeroupper, clflush, clflushopt, hv, rdtscp, f16c
Processor Information for all 4 processors :
  Max Mhz: 2496, Current Mhz: 2396, Mhz Limit: 2396

Memory: 4k page, system-wide physical 8075M (620M free)
TotalPageFile size 32651M (AvailPageFile size 0M)
current process WorkingSet (physical memory assigned to process): 46M, peak: 267M
current process commit charge ("private bytes"): 264M, peak: 294M

vm_info: OpenJDK 64-Bit Server VM (21.0.5+11-LTS) for windows-amd64 JRE (21.0.5+11-LTS), built on 2024-10-15T00:00:00Z by "admin" with MS VC++ 17.7 (VS2022)

END.
