#
# There is insufficient memory for the Java Runtime Environment to continue.
# Native memory allocation (mmap) failed to map 65536 bytes. Error detail: Failed to commit metaspace.
# Possible reasons:
#   The system is out of physical RAM or swap space
#   This process is running with CompressedOops enabled, and the Java Heap may be blocking the growth of the native heap
# Possible solutions:
#   Reduce memory load on the system
#   Increase physical memory or swap space
#   Check if swap backing store is full
#   Decrease Java heap size (-Xmx/-Xms)
#
#  Out of Memory Error (virtualSpaceNode.cpp:113), pid=10820, tid=4236
#
# JRE version: OpenJDK Runtime Environment Temurin-21.0.5+11 (21.0.5+11) (build 21.0.5+11-LTS)
# Java VM: OpenJDK 64-Bit Server VM Temurin-21.0.5+11 (21.0.5+11-LTS, mixed mode, sharing, tiered, compressed oops, compressed class ptrs, g1 gc, windows-amd64)
# No core dump will be written. Minidumps are not enabled by default on client versions of Windows
#

---------------  S U M M A R Y ------------

Command Line: -Dfile.encoding=UTF-8 -Dstdout.encoding=UTF-8 -Dstderr.encoding=UTF-8 -XX:+ShowCodeDetailsInExceptionMessages com.blt.etud.etudPay.EtudPayApplication

Host: Intel(R) Core(TM) i5-6300U CPU @ 2.40GHz, 4 cores, 7G,  Windows 10 , 64 bit Build 19041 (10.0.19041.5794)
Time: Wed Jun 11 13:03:46 2025 Temps universel coordonné elapsed time: 1651.224525 seconds (0d 0h 27m 31s)

---------------  T H R E A D  ---------------

Current thread (0x000001d761015f10):  JavaThread "C1 CompilerThread0" daemon [_thread_in_vm, id=4236, stack(0x000000a40a300000,0x000000a40a400000) (1024K)]


Current CompileTask:
C1:1651225 8124       3       org.postgresql.core.v3.ExecuteRequest::<init> (20 bytes)

Stack: [0x000000a40a300000,0x000000a40a400000]
Native frames: (J=compiled Java code, j=interpreted, Vv=VM code, C=native code)
V  [jvm.dll+0x6cd4e9]
V  [jvm.dll+0x8a7941]
V  [jvm.dll+0x8a9e6e]
V  [jvm.dll+0x8aa543]
V  [jvm.dll+0x27f6d6]
V  [jvm.dll+0x8a368e]
V  [jvm.dll+0x6701c5]
V  [jvm.dll+0x1e470c]
V  [jvm.dll+0x1e44de]
V  [jvm.dll+0x672ac2]
V  [jvm.dll+0x6728e2]
V  [jvm.dll+0x670b9e]
V  [jvm.dll+0x68204a]
V  [jvm.dll+0x67b122]
V  [jvm.dll+0x1f2550]
V  [jvm.dll+0x1f2738]
V  [jvm.dll+0x152f2e]
V  [jvm.dll+0x153274]
V  [jvm.dll+0x1526a6]
V  [jvm.dll+0x15447d]
V  [jvm.dll+0x25682a]
V  [jvm.dll+0x254dca]
V  [jvm.dll+0x3f00d6]
V  [jvm.dll+0x8514fb]
V  [jvm.dll+0x6cbbed]
C  [ucrtbase.dll+0x21bb2]
C  [KERNEL32.DLL+0x17374]
C  [ntdll.dll+0x4cc91]


---------------  P R O C E S S  ---------------

Threads class SMR info:
_java_thread_list=0x000001d76386e440, length=30, elements={
0x000001d75ca97f70, 0x000001d75ca9d970, 0x000001d75ca9e1d0, 0x000001d75caa2660,
0x000001d75caa30b0, 0x000001d75caa5b10, 0x000001d75caa6890, 0x000001d761015f10,
0x000001d7610f0900, 0x000001d7610f59a0, 0x000001d763a7d380, 0x000001d763a7b2b0,
0x000001d763a79f00, 0x000001d763a7ac20, 0x000001d763a7b940, 0x000001d763a7ccf0,
0x000001d7644a6c60, 0x000001d7644a3e70, 0x000001d7644aa770, 0x000001d7644a65d0,
0x000001d7644a93c0, 0x000001d7644a37e0, 0x000001d7644a4500, 0x000001d7644a8d30,
0x000001d7644a5220, 0x000001d7644a4b90, 0x000001d7644aae00, 0x000001d7644a86a0,
0x000001d7644a58b0, 0x000001d7644a5f40
}

Java Threads: ( => current thread )
  0x000001d75ca97f70 JavaThread "Reference Handler"          daemon [_thread_blocked, id=6080, stack(0x000000a409c00000,0x000000a409d00000) (1024K)]
  0x000001d75ca9d970 JavaThread "Finalizer"                  daemon [_thread_blocked, id=8648, stack(0x000000a409d00000,0x000000a409e00000) (1024K)]
  0x000001d75ca9e1d0 JavaThread "Signal Dispatcher"          daemon [_thread_blocked, id=12768, stack(0x000000a409e00000,0x000000a409f00000) (1024K)]
  0x000001d75caa2660 JavaThread "Attach Listener"            daemon [_thread_blocked, id=704, stack(0x000000a409f00000,0x000000a40a000000) (1024K)]
  0x000001d75caa30b0 JavaThread "Service Thread"             daemon [_thread_blocked, id=1872, stack(0x000000a40a000000,0x000000a40a100000) (1024K)]
  0x000001d75caa5b10 JavaThread "Monitor Deflation Thread"   daemon [_thread_blocked, id=12136, stack(0x000000a40a100000,0x000000a40a200000) (1024K)]
  0x000001d75caa6890 JavaThread "C2 CompilerThread0"         daemon [_thread_blocked, id=2964, stack(0x000000a40a200000,0x000000a40a300000) (1024K)]
=>0x000001d761015f10 JavaThread "C1 CompilerThread0"         daemon [_thread_in_vm, id=4236, stack(0x000000a40a300000,0x000000a40a400000) (1024K)]
  0x000001d7610f0900 JavaThread "Notification Thread"        daemon [_thread_blocked, id=13052, stack(0x000000a40a400000,0x000000a40a500000) (1024K)]
  0x000001d7610f59a0 JavaThread "Common-Cleaner"             daemon [_thread_blocked, id=7408, stack(0x000000a40a500000,0x000000a40a600000) (1024K)]
  0x000001d763a7d380 JavaThread "Catalina-utility-1"                [_thread_blocked, id=13272, stack(0x000000a40ac00000,0x000000a40ad00000) (1024K)]
  0x000001d763a7b2b0 JavaThread "Catalina-utility-2"                [_thread_blocked, id=4252, stack(0x000000a40ad00000,0x000000a40ae00000) (1024K)]
  0x000001d763a79f00 JavaThread "container-0"                       [_thread_blocked, id=13064, stack(0x000000a40ae00000,0x000000a40af00000) (1024K)]
  0x000001d763a7ac20 JavaThread "PostgreSQL-JDBC-Cleaner"    daemon [_thread_blocked, id=11272, stack(0x000000a40b000000,0x000000a40b100000) (1024K)]
  0x000001d763a7b940 JavaThread "HikariPool-1:housekeeper"   daemon [_thread_blocked, id=12488, stack(0x000000a40b100000,0x000000a40b200000) (1024K)]
  0x000001d763a7ccf0 JavaThread "File Watcher"               daemon [_thread_in_native, id=1776, stack(0x000000a40b200000,0x000000a40b300000) (1024K)]
  0x000001d7644a6c60 JavaThread "Live Reload Server"         daemon [_thread_in_native, id=12836, stack(0x000000a40b400000,0x000000a40b500000) (1024K)]
  0x000001d7644a3e70 JavaThread "http-nio-8083-exec-1"       daemon [_thread_blocked, id=3836, stack(0x000000a40b300000,0x000000a40b400000) (1024K)]
  0x000001d7644aa770 JavaThread "http-nio-8083-exec-2"       daemon [_thread_blocked, id=10444, stack(0x000000a40b500000,0x000000a40b600000) (1024K)]
  0x000001d7644a65d0 JavaThread "http-nio-8083-exec-3"       daemon [_thread_blocked, id=4648, stack(0x000000a40b600000,0x000000a40b700000) (1024K)]
  0x000001d7644a93c0 JavaThread "http-nio-8083-exec-4"       daemon [_thread_blocked, id=9004, stack(0x000000a40b700000,0x000000a40b800000) (1024K)]
  0x000001d7644a37e0 JavaThread "http-nio-8083-exec-5"       daemon [_thread_blocked, id=2368, stack(0x000000a40b800000,0x000000a40b900000) (1024K)]
  0x000001d7644a4500 JavaThread "http-nio-8083-exec-6"       daemon [_thread_blocked, id=13048, stack(0x000000a40b900000,0x000000a40ba00000) (1024K)]
  0x000001d7644a8d30 JavaThread "http-nio-8083-exec-7"       daemon [_thread_blocked, id=10428, stack(0x000000a40ba00000,0x000000a40bb00000) (1024K)]
  0x000001d7644a5220 JavaThread "http-nio-8083-exec-8"       daemon [_thread_blocked, id=1304, stack(0x000000a40bb00000,0x000000a40bc00000) (1024K)]
  0x000001d7644a4b90 JavaThread "http-nio-8083-exec-9"       daemon [_thread_blocked, id=1556, stack(0x000000a40bc00000,0x000000a40bd00000) (1024K)]
  0x000001d7644aae00 JavaThread "http-nio-8083-exec-10"      daemon [_thread_blocked, id=2452, stack(0x000000a40bd00000,0x000000a40be00000) (1024K)]
  0x000001d7644a86a0 JavaThread "http-nio-8083-Poller"       daemon [_thread_in_native, id=2980, stack(0x000000a40be00000,0x000000a40bf00000) (1024K)]
  0x000001d7644a58b0 JavaThread "http-nio-8083-Acceptor"     daemon [_thread_in_native, id=6376, stack(0x000000a40bf00000,0x000000a40c000000) (1024K)]
  0x000001d7644a5f40 JavaThread "DestroyJavaVM"                     [_thread_blocked, id=2924, stack(0x000000a409400000,0x000000a409500000) (1024K)]
Total: 30

Other Threads:
  0x000001d75ca7c580 VMThread "VM Thread"                           [id=12808, stack(0x000000a409b00000,0x000000a409c00000) (1024K)]
  0x000001d75ca6cff0 WatcherThread "VM Periodic Task Thread"        [id=1504, stack(0x000000a409a00000,0x000000a409b00000) (1024K)]
  0x000001d745480130 WorkerThread "GC Thread#0"                     [id=468, stack(0x000000a409500000,0x000000a409600000) (1024K)]
  0x000001d7617db870 WorkerThread "GC Thread#1"                     [id=3104, stack(0x000000a40a700000,0x000000a40a800000) (1024K)]
  0x000001d7617dbc10 WorkerThread "GC Thread#2"                     [id=8520, stack(0x000000a40a800000,0x000000a40a900000) (1024K)]
  0x000001d76188dbf0 WorkerThread "GC Thread#3"                     [id=9968, stack(0x000000a40a900000,0x000000a40aa00000) (1024K)]
  0x000001d7454916e0 ConcurrentGCThread "G1 Main Marker"            [id=12864, stack(0x000000a409600000,0x000000a409700000) (1024K)]
  0x000001d7454921e0 WorkerThread "G1 Conc#0"                       [id=6796, stack(0x000000a409700000,0x000000a409800000) (1024K)]
  0x000001d7454ee9a0 ConcurrentGCThread "G1 Refine#0"               [id=13000, stack(0x000000a409800000,0x000000a409900000) (1024K)]
  0x000001d75c92e680 ConcurrentGCThread "G1 Service"                [id=12512, stack(0x000000a409900000,0x000000a409a00000) (1024K)]
Total: 10

Threads with active compile tasks:
C1 CompilerThread0  1651348 8124       3       org.postgresql.core.v3.ExecuteRequest::<init> (20 bytes)
Total: 1

VM state: not at safepoint (normal execution)

VM Mutex/Monitor currently owned by a thread:  ([mutex/lock_event])
[0x00007ffd0c4eb300] Metaspace_lock - owner thread: 0x000001d761015f10

Heap address: 0x0000000081c00000, size: 2020 MB, Compressed Oops mode: 32-bit

CDS archive(s) mapped at: [0x000001d700000000-0x000001d700c80000-0x000001d700c80000), size 13107200, SharedBaseAddress: 0x000001d700000000, ArchiveRelocationMode: 1.
Compressed class space mapped at: 0x000001d701000000-0x000001d741000000, reserved size: 1073741824
Narrow klass base: 0x000001d700000000, Narrow klass shift: 0, Narrow klass range: 0x100000000

GC Precious Log:
 CardTable entry size: 512
 Card Set container configuration: InlinePtr #cards 5 size 8 Array Of Cards #cards 12 size 40 Howl #buckets 4 coarsen threshold 1843 Howl Bitmap #cards 512 size 80 coarsen threshold 460 Card regions per heap region 1 cards per card region 2048
 CPUs: 4 total, 4 available
 Memory: 8075M
 Large Page Support: Disabled
 NUMA Support: Disabled
 Compressed Oops: Enabled (32-bit)
 Heap Region Size: 1M
 Heap Min Capacity: 8M
 Heap Initial Capacity: 128M
 Heap Max Capacity: 2020M
 Pre-touch: Disabled
 Parallel Workers: 4
 Concurrent Workers: 1
 Concurrent Refinement Workers: 4
 Periodic GC: Disabled

Heap:
 garbage-first heap   total 61440K, used 37210K [0x0000000081c00000, 0x0000000100000000)
  region size 1024K, 4 young (4096K), 2 survivors (2048K)
 Metaspace       used 78183K, committed 79040K, reserved 1179648K
  class space    used 10529K, committed 10944K, reserved 1048576K

Heap Regions: E=young(eden), S=young(survivor), O=old, HS=humongous(starts), HC=humongous(continues), CS=collection set, F=free, TAMS=top-at-mark-start, PB=parsable bottom
|   0|0x0000000081c00000, 0x0000000081d00000, 0x0000000081d00000|100%|HS|  |TAMS 0x0000000081c00000| PB 0x0000000081c00000| Complete 
|   1|0x0000000081d00000, 0x0000000081e00000, 0x0000000081e00000|100%|HS|  |TAMS 0x0000000081d00000| PB 0x0000000081d00000| Complete 
|   2|0x0000000081e00000, 0x0000000081f00000, 0x0000000081f00000|100%| O|  |TAMS 0x0000000081e00000| PB 0x0000000081e00000| Untracked 
|   3|0x0000000081f00000, 0x0000000082000000, 0x0000000082000000|100%| O|  |TAMS 0x0000000081f00000| PB 0x0000000081f00000| Untracked 
|   4|0x0000000082000000, 0x0000000082100000, 0x0000000082100000|100%| O|  |TAMS 0x0000000082000000| PB 0x0000000082000000| Untracked 
|   5|0x0000000082100000, 0x0000000082200000, 0x0000000082200000|100%| O|  |TAMS 0x0000000082100000| PB 0x0000000082100000| Untracked 
|   6|0x0000000082200000, 0x0000000082300000, 0x0000000082300000|100%| O|  |TAMS 0x0000000082200000| PB 0x0000000082200000| Untracked 
|   7|0x0000000082300000, 0x0000000082400000, 0x0000000082400000|100%| O|  |TAMS 0x0000000082300000| PB 0x0000000082300000| Untracked 
|   8|0x0000000082400000, 0x0000000082500000, 0x0000000082500000|100%| O|  |TAMS 0x0000000082400000| PB 0x0000000082400000| Untracked 
|   9|0x0000000082500000, 0x0000000082600000, 0x0000000082600000|100%| O|  |TAMS 0x0000000082500000| PB 0x0000000082500000| Untracked 
|  10|0x0000000082600000, 0x0000000082700000, 0x0000000082700000|100%| O|  |TAMS 0x0000000082600000| PB 0x0000000082600000| Untracked 
|  11|0x0000000082700000, 0x0000000082800000, 0x0000000082800000|100%| O|  |TAMS 0x0000000082700000| PB 0x0000000082700000| Untracked 
|  12|0x0000000082800000, 0x0000000082900000, 0x0000000082900000|100%| O|  |TAMS 0x0000000082800000| PB 0x0000000082800000| Untracked 
|  13|0x0000000082900000, 0x0000000082a00000, 0x0000000082a00000|100%| O|  |TAMS 0x0000000082900000| PB 0x0000000082900000| Untracked 
|  14|0x0000000082a00000, 0x0000000082b00000, 0x0000000082b00000|100%| O|  |TAMS 0x0000000082a00000| PB 0x0000000082a00000| Untracked 
|  15|0x0000000082b00000, 0x0000000082c00000, 0x0000000082c00000|100%| O|  |TAMS 0x0000000082b00000| PB 0x0000000082b00000| Untracked 
|  16|0x0000000082c00000, 0x0000000082d00000, 0x0000000082d00000|100%| O|  |TAMS 0x0000000082c00000| PB 0x0000000082c00000| Untracked 
|  17|0x0000000082d00000, 0x0000000082e00000, 0x0000000082e00000|100%| O|  |TAMS 0x0000000082d00000| PB 0x0000000082d00000| Untracked 
|  18|0x0000000082e00000, 0x0000000082f00000, 0x0000000082f00000|100%| O|  |TAMS 0x0000000082e00000| PB 0x0000000082e00000| Untracked 
|  19|0x0000000082f00000, 0x0000000083000000, 0x0000000083000000|100%| O|Cm|TAMS 0x0000000082f00000| PB 0x0000000082f00000| Complete 
|  20|0x0000000083000000, 0x0000000083100000, 0x0000000083100000|100%| O|  |TAMS 0x0000000083000000| PB 0x0000000083000000| Untracked 
|  21|0x0000000083100000, 0x0000000083200000, 0x0000000083200000|100%| O|  |TAMS 0x0000000083100000| PB 0x0000000083100000| Untracked 
|  22|0x0000000083200000, 0x0000000083300000, 0x0000000083300000|100%| O|  |TAMS 0x0000000083200000| PB 0x0000000083200000| Untracked 
|  23|0x0000000083300000, 0x0000000083400000, 0x0000000083400000|100%| O|  |TAMS 0x0000000083300000| PB 0x0000000083300000| Untracked 
|  24|0x0000000083400000, 0x0000000083500000, 0x0000000083500000|100%| O|  |TAMS 0x0000000083400000| PB 0x0000000083400000| Untracked 
|  25|0x0000000083500000, 0x0000000083600000, 0x0000000083600000|100%| O|  |TAMS 0x0000000083500000| PB 0x0000000083500000| Untracked 
|  26|0x0000000083600000, 0x0000000083700000, 0x0000000083700000|100%| O|  |TAMS 0x0000000083600000| PB 0x0000000083600000| Untracked 
|  27|0x0000000083700000, 0x0000000083800000, 0x0000000083800000|100%| O|  |TAMS 0x0000000083700000| PB 0x0000000083700000| Untracked 
|  28|0x0000000083800000, 0x0000000083900000, 0x0000000083900000|100%| O|  |TAMS 0x0000000083800000| PB 0x0000000083800000| Untracked 
|  29|0x0000000083900000, 0x00000000839119a0, 0x0000000083a00000|  6%| O|  |TAMS 0x0000000083900000| PB 0x0000000083900000| Untracked 
|  30|0x0000000083a00000, 0x0000000083b00000, 0x0000000083b00000|100%| O|  |TAMS 0x0000000083a00000| PB 0x0000000083a00000| Untracked 
|  31|0x0000000083b00000, 0x0000000083c00000, 0x0000000083c00000|100%| O|  |TAMS 0x0000000083b00000| PB 0x0000000083b00000| Untracked 
|  32|0x0000000083c00000, 0x0000000083d00000, 0x0000000083d00000|100%| O|  |TAMS 0x0000000083c00000| PB 0x0000000083c00000| Untracked 
|  33|0x0000000083d00000, 0x0000000083e00000, 0x0000000083e00000|100%| O|  |TAMS 0x0000000083d00000| PB 0x0000000083d00000| Untracked 
|  34|0x0000000083e00000, 0x0000000083f00000, 0x0000000083f00000|100%| O|  |TAMS 0x0000000083e00000| PB 0x0000000083e00000| Untracked 
|  35|0x0000000083f00000, 0x0000000083f00000, 0x0000000084000000|  0%| F|  |TAMS 0x0000000083f00000| PB 0x0000000083f00000| Untracked 
|  36|0x0000000084000000, 0x0000000084000000, 0x0000000084100000|  0%| F|  |TAMS 0x0000000084000000| PB 0x0000000084000000| Untracked 
|  37|0x0000000084100000, 0x0000000084100000, 0x0000000084200000|  0%| F|  |TAMS 0x0000000084100000| PB 0x0000000084100000| Untracked 
|  38|0x0000000084200000, 0x0000000084200000, 0x0000000084300000|  0%| F|  |TAMS 0x0000000084200000| PB 0x0000000084200000| Untracked 
|  39|0x0000000084300000, 0x0000000084300000, 0x0000000084400000|  0%| F|  |TAMS 0x0000000084300000| PB 0x0000000084300000| Untracked 
|  40|0x0000000084400000, 0x0000000084400000, 0x0000000084500000|  0%| F|  |TAMS 0x0000000084400000| PB 0x0000000084400000| Untracked 
|  41|0x0000000084500000, 0x0000000084544fe8, 0x0000000084600000| 26%| S|CS|TAMS 0x0000000084500000| PB 0x0000000084500000| Complete 
|  42|0x0000000084600000, 0x0000000084700000, 0x0000000084700000|100%| S|CS|TAMS 0x0000000084600000| PB 0x0000000084600000| Complete 
|  43|0x0000000084700000, 0x0000000084700000, 0x0000000084800000|  0%| F|  |TAMS 0x0000000084700000| PB 0x0000000084700000| Untracked 
|  44|0x0000000084800000, 0x0000000084800000, 0x0000000084900000|  0%| F|  |TAMS 0x0000000084800000| PB 0x0000000084800000| Untracked 
|  45|0x0000000084900000, 0x0000000084900000, 0x0000000084a00000|  0%| F|  |TAMS 0x0000000084900000| PB 0x0000000084900000| Untracked 
|  46|0x0000000084a00000, 0x0000000084a00000, 0x0000000084b00000|  0%| F|  |TAMS 0x0000000084a00000| PB 0x0000000084a00000| Untracked 
|  47|0x0000000084b00000, 0x0000000084b00000, 0x0000000084c00000|  0%| F|  |TAMS 0x0000000084b00000| PB 0x0000000084b00000| Untracked 
|  48|0x0000000084c00000, 0x0000000084c00000, 0x0000000084d00000|  0%| F|  |TAMS 0x0000000084c00000| PB 0x0000000084c00000| Untracked 
|  49|0x0000000084d00000, 0x0000000084d00000, 0x0000000084e00000|  0%| F|  |TAMS 0x0000000084d00000| PB 0x0000000084d00000| Untracked 
|  50|0x0000000084e00000, 0x0000000084e00000, 0x0000000084f00000|  0%| F|  |TAMS 0x0000000084e00000| PB 0x0000000084e00000| Untracked 
|  51|0x0000000084f00000, 0x0000000084f00000, 0x0000000085000000|  0%| F|  |TAMS 0x0000000084f00000| PB 0x0000000084f00000| Untracked 
|  52|0x0000000085000000, 0x0000000085000000, 0x0000000085100000|  0%| F|  |TAMS 0x0000000085000000| PB 0x0000000085000000| Untracked 
|  86|0x0000000087200000, 0x0000000087200000, 0x0000000087300000|  0%| F|  |TAMS 0x0000000087200000| PB 0x0000000087200000| Untracked 
|  87|0x0000000087300000, 0x0000000087300000, 0x0000000087400000|  0%| F|  |TAMS 0x0000000087300000| PB 0x0000000087300000| Untracked 
|  88|0x0000000087400000, 0x0000000087400000, 0x0000000087500000|  0%| F|  |TAMS 0x0000000087400000| PB 0x0000000087400000| Untracked 
|  93|0x0000000087900000, 0x0000000087900000, 0x0000000087a00000|  0%| F|  |TAMS 0x0000000087900000| PB 0x0000000087900000| Untracked 
|  94|0x0000000087a00000, 0x0000000087a00000, 0x0000000087b00000|  0%| F|  |TAMS 0x0000000087a00000| PB 0x0000000087a00000| Untracked 
|  95|0x0000000087b00000, 0x0000000087c00000, 0x0000000087c00000|100%| E|  |TAMS 0x0000000087b00000| PB 0x0000000087b00000| Complete 
|  96|0x0000000087c00000, 0x0000000087d00000, 0x0000000087d00000|100%| E|CS|TAMS 0x0000000087c00000| PB 0x0000000087c00000| Complete 

Card table byte_map: [0x000001d758340000,0x000001d758740000] _byte_map_base: 0x000001d757f32000

Marking Bits: (CMBitMap*) 0x000001d745480830
 Bits: [0x000001d758740000, 0x000001d75a6d0000)

Polling page: 0x000001d7431f0000

Metaspace:

Usage:
  Non-class:     66.07 MB used.
      Class:     10.28 MB used.
       Both:     76.35 MB used.

Virtual space:
  Non-class space:      128.00 MB reserved,      66.50 MB ( 52%) committed,  2 nodes.
      Class space:        1.00 GB reserved,      10.69 MB (  1%) committed,  1 nodes.
             Both:        1.12 GB reserved,      77.19 MB (  7%) committed. 

Chunk freelists:
   Non-Class:  12.92 MB
       Class:  5.28 MB
        Both:  18.20 MB

MaxMetaspaceSize: unlimited
CompressedClassSpaceSize: 1.00 GB
Initial GC threshold: 21.00 MB
Current GC threshold: 128.69 MB
CDS: on
 - commit_granule_bytes: 65536.
 - commit_granule_words: 8192.
 - virtual_space_node_default_size: 8388608.
 - enlarge_chunks_in_place: 1.
 - use_allocation_guard: 0.


Internal statistics:

num_allocs_failed_limit: 6.
num_arena_births: 1302.
num_arena_deaths: 4.
num_vsnodes_births: 3.
num_vsnodes_deaths: 0.
num_space_committed: 1235.
num_space_uncommitted: 0.
num_chunks_returned_to_freelist: 12.
num_chunks_taken_from_freelist: 4220.
num_chunk_merges: 7.
num_chunk_splits: 3032.
num_chunks_enlarged: 2329.
num_inconsistent_stats: 0.

CodeHeap 'non-profiled nmethods': size=120000Kb used=3910Kb max_used=4356Kb free=116089Kb
 bounds [0x000001d750a10000, 0x000001d750e60000, 0x000001d757f40000]
CodeHeap 'profiled nmethods': size=120000Kb used=11009Kb max_used=13378Kb free=108991Kb
 bounds [0x000001d748f40000, 0x000001d749c60000, 0x000001d750470000]
CodeHeap 'non-nmethods': size=5760Kb used=1707Kb max_used=1783Kb free=4052Kb
 bounds [0x000001d750470000, 0x000001d7506e0000, 0x000001d750a10000]
 total_blobs=6316 nmethods=5578 adapters=641
 compilation: enabled
              stopped_count=0, restarted_count=0
 full_count=0

Compilation events (20 events):
Event: 1591.396 Thread 0x000001d75caa6890 8116       4       java.lang.Integer::hashCode (8 bytes)
Event: 1591.398 Thread 0x000001d75caa6890 nmethod 8116 0x000001d750aa2f90 code [0x000001d750aa3120, 0x000001d750aa31a8]
Event: 1591.400 Thread 0x000001d761015f10 nmethod 8114 0x000001d74985ac90 code [0x000001d74985b320, 0x000001d74985df38]
Event: 1591.401 Thread 0x000001d761015f10 8115   !   3       java.security.Provider$Service::newInstanceUtil (60 bytes)
Event: 1591.405 Thread 0x000001d761015f10 nmethod 8115 0x000001d749067a90 code [0x000001d749067d60, 0x000001d749068aa8]
Event: 1591.405 Thread 0x000001d761015f10 8117   !   3       org.postgresql.PGProperty::getInt (44 bytes)
Event: 1591.407 Thread 0x000001d761015f10 nmethod 8117 0x000001d7492be510 code [0x000001d7492be740, 0x000001d7492bf138]
Event: 1593.949 Thread 0x000001d761015f10 8118       3       org.postgresql.core.PGStream::flush (22 bytes)
Event: 1593.950 Thread 0x000001d761015f10 nmethod 8118 0x000001d748f47390 code [0x000001d748f47580, 0x000001d748f47b98]
Event: 1593.950 Thread 0x000001d761015f10 8119       3       java.io.OutputStreamWriter::flush (8 bytes)
Event: 1593.951 Thread 0x000001d761015f10 nmethod 8119 0x000001d748fedf90 code [0x000001d748fee140, 0x000001d748fee280]
Event: 1593.951 Thread 0x000001d761015f10 8120   !   3       sun.nio.cs.StreamEncoder::flush (63 bytes)
Event: 1593.955 Thread 0x000001d761015f10 nmethod 8120 0x000001d7492e3810 code [0x000001d7492e3b80, 0x000001d7492e5140]
Event: 1594.041 Thread 0x000001d761015f10 8121       1       com.zaxxer.hikari.HikariConfig::getMaximumPoolSize (5 bytes)
Event: 1594.041 Thread 0x000001d761015f10 nmethod 8121 0x000001d750aa3690 code [0x000001d750aa3820, 0x000001d750aa38e8]
Event: 1603.286 Thread 0x000001d75caa6890 8122       4       java.util.logging.Logger::isLoggable (27 bytes)
Event: 1603.290 Thread 0x000001d75caa6890 nmethod 8122 0x000001d750aa5190 code [0x000001d750aa5320, 0x000001d750aa53f0]
Event: 1604.084 Thread 0x000001d761015f10 8123       3       sun.nio.ch.NioSocketImpl::intValue (43 bytes)
Event: 1604.086 Thread 0x000001d761015f10 nmethod 8123 0x000001d749304f10 code [0x000001d749305160, 0x000001d749305970]
Event: 1651.209 Thread 0x000001d761015f10 8124       3       org.postgresql.core.v3.ExecuteRequest::<init> (20 bytes)

GC Heap History (20 events):
Event: 44.167 GC heap before
{Heap before GC invocations=19 (full 0):
 garbage-first heap   total 48128K, used 41512K [0x0000000081c00000, 0x0000000100000000)
  region size 1024K, 16 young (16384K), 3 survivors (3072K)
 Metaspace       used 65074K, committed 65792K, reserved 1114112K
  class space    used 8788K, committed 9088K, reserved 1048576K
}
Event: 44.181 GC heap after
{Heap after GC invocations=20 (full 0):
 garbage-first heap   total 48128K, used 29503K [0x0000000081c00000, 0x0000000100000000)
  region size 1024K, 2 young (2048K), 2 survivors (2048K)
 Metaspace       used 65074K, committed 65792K, reserved 1114112K
  class space    used 8788K, committed 9088K, reserved 1048576K
}
Event: 46.371 GC heap before
{Heap before GC invocations=20 (full 0):
 garbage-first heap   total 48128K, used 41791K [0x0000000081c00000, 0x0000000100000000)
  region size 1024K, 14 young (14336K), 2 survivors (2048K)
 Metaspace       used 66966K, committed 67648K, reserved 1114112K
  class space    used 9045K, committed 9344K, reserved 1048576K
}
Event: 46.385 GC heap after
{Heap after GC invocations=21 (full 0):
 garbage-first heap   total 48128K, used 31003K [0x0000000081c00000, 0x0000000100000000)
  region size 1024K, 2 young (2048K), 2 survivors (2048K)
 Metaspace       used 66966K, committed 67648K, reserved 1114112K
  class space    used 9045K, committed 9344K, reserved 1048576K
}
Event: 47.881 GC heap before
{Heap before GC invocations=21 (full 0):
 garbage-first heap   total 48128K, used 42267K [0x0000000081c00000, 0x0000000100000000)
  region size 1024K, 13 young (13312K), 2 survivors (2048K)
 Metaspace       used 68803K, committed 69568K, reserved 1114112K
  class space    used 9307K, committed 9664K, reserved 1048576K
}
Event: 47.891 GC heap after
{Heap after GC invocations=22 (full 0):
 garbage-first heap   total 48128K, used 32484K [0x0000000081c00000, 0x0000000100000000)
  region size 1024K, 2 young (2048K), 2 survivors (2048K)
 Metaspace       used 68803K, committed 69568K, reserved 1114112K
  class space    used 9307K, committed 9664K, reserved 1048576K
}
Event: 86.515 GC heap before
{Heap before GC invocations=23 (full 0):
 garbage-first heap   total 56320K, used 40676K [0x0000000081c00000, 0x0000000100000000)
  region size 1024K, 10 young (10240K), 2 survivors (2048K)
 Metaspace       used 70089K, committed 70848K, reserved 1114112K
  class space    used 9480K, committed 9856K, reserved 1048576K
}
Event: 86.536 GC heap after
{Heap after GC invocations=24 (full 0):
 garbage-first heap   total 56320K, used 33073K [0x0000000081c00000, 0x0000000100000000)
  region size 1024K, 1 young (1024K), 1 survivors (1024K)
 Metaspace       used 70089K, committed 70848K, reserved 1114112K
  class space    used 9480K, committed 9856K, reserved 1048576K
}
Event: 170.506 GC heap before
{Heap before GC invocations=24 (full 0):
 garbage-first heap   total 56320K, used 48433K [0x0000000081c00000, 0x0000000100000000)
  region size 1024K, 17 young (17408K), 1 survivors (1024K)
 Metaspace       used 73970K, committed 74816K, reserved 1114112K
  class space    used 9996K, committed 10368K, reserved 1048576K
}
Event: 170.522 GC heap after
{Heap after GC invocations=25 (full 0):
 garbage-first heap   total 56320K, used 33855K [0x0000000081c00000, 0x0000000100000000)
  region size 1024K, 2 young (2048K), 2 survivors (2048K)
 Metaspace       used 73970K, committed 74816K, reserved 1114112K
  class space    used 9996K, committed 10368K, reserved 1048576K
}
Event: 472.544 GC heap before
{Heap before GC invocations=25 (full 0):
 garbage-first heap   total 56320K, used 48191K [0x0000000081c00000, 0x0000000100000000)
  region size 1024K, 17 young (17408K), 2 survivors (2048K)
 Metaspace       used 75159K, committed 75968K, reserved 1179648K
  class space    used 10145K, committed 10496K, reserved 1048576K
}
Event: 472.730 GC heap after
{Heap after GC invocations=26 (full 0):
 garbage-first heap   total 56320K, used 34116K [0x0000000081c00000, 0x0000000100000000)
  region size 1024K, 2 young (2048K), 2 survivors (2048K)
 Metaspace       used 75159K, committed 75968K, reserved 1179648K
  class space    used 10145K, committed 10496K, reserved 1048576K
}
Event: 878.511 GC heap before
{Heap before GC invocations=27 (full 0):
 garbage-first heap   total 60416K, used 48452K [0x0000000081c00000, 0x0000000100000000)
  region size 1024K, 16 young (16384K), 2 survivors (2048K)
 Metaspace       used 75173K, committed 75968K, reserved 1179648K
  class space    used 10146K, committed 10496K, reserved 1048576K
}
Event: 878.526 GC heap after
{Heap after GC invocations=28 (full 0):
 garbage-first heap   total 60416K, used 34177K [0x0000000081c00000, 0x0000000100000000)
  region size 1024K, 1 young (1024K), 1 survivors (1024K)
 Metaspace       used 75173K, committed 75968K, reserved 1179648K
  class space    used 10146K, committed 10496K, reserved 1048576K
}
Event: 1008.420 GC heap before
{Heap before GC invocations=28 (full 0):
 garbage-first heap   total 60416K, used 52609K [0x0000000081c00000, 0x0000000100000000)
  region size 1024K, 20 young (20480K), 1 survivors (1024K)
 Metaspace       used 77244K, committed 78080K, reserved 1179648K
  class space    used 10428K, committed 10816K, reserved 1048576K
}
Event: 1008.444 GC heap after
{Heap after GC invocations=29 (full 0):
 garbage-first heap   total 60416K, used 35056K [0x0000000081c00000, 0x0000000100000000)
  region size 1024K, 2 young (2048K), 2 survivors (2048K)
 Metaspace       used 77244K, committed 78080K, reserved 1179648K
  class space    used 10428K, committed 10816K, reserved 1048576K
}
Event: 1185.676 GC heap before
{Heap before GC invocations=29 (full 0):
 garbage-first heap   total 60416K, used 52464K [0x0000000081c00000, 0x0000000100000000)
  region size 1024K, 20 young (20480K), 2 survivors (2048K)
 Metaspace       used 78135K, committed 79040K, reserved 1179648K
  class space    used 10529K, committed 10944K, reserved 1048576K
}
Event: 1185.689 GC heap after
{Heap after GC invocations=30 (full 0):
 garbage-first heap   total 60416K, used 35894K [0x0000000081c00000, 0x0000000100000000)
  region size 1024K, 3 young (3072K), 3 survivors (3072K)
 Metaspace       used 78135K, committed 79040K, reserved 1179648K
  class space    used 10529K, committed 10944K, reserved 1048576K
}
Event: 1599.897 GC heap before
{Heap before GC invocations=31 (full 0):
 garbage-first heap   total 61440K, used 53302K [0x0000000081c00000, 0x0000000100000000)
  region size 1024K, 20 young (20480K), 3 survivors (3072K)
 Metaspace       used 78183K, committed 79040K, reserved 1179648K
  class space    used 10529K, committed 10944K, reserved 1048576K
}
Event: 1599.918 GC heap after
{Heap after GC invocations=32 (full 0):
 garbage-first heap   total 61440K, used 36186K [0x0000000081c00000, 0x0000000100000000)
  region size 1024K, 2 young (2048K), 2 survivors (2048K)
 Metaspace       used 78183K, committed 79040K, reserved 1179648K
  class space    used 10529K, committed 10944K, reserved 1048576K
}

Dll operation events (11 events):
Event: 0.024 Loaded shared library C:\Users\DELL\Downloads\Logiciel\eclipse-java-2024-12-R-win32-x86_64\eclipse\plugins\org.eclipse.justj.openjdk.hotspot.jre.full.win32.x86_64_21.0.5.v20241023-1957\jre\bin\java.dll
Event: 0.590 Loaded shared library C:\Users\DELL\Downloads\Logiciel\eclipse-java-2024-12-R-win32-x86_64\eclipse\plugins\org.eclipse.justj.openjdk.hotspot.jre.full.win32.x86_64_21.0.5.v20241023-1957\jre\bin\zip.dll
Event: 0.933 Loaded shared library C:\Users\DELL\Downloads\Logiciel\eclipse-java-2024-12-R-win32-x86_64\eclipse\plugins\org.eclipse.justj.openjdk.hotspot.jre.full.win32.x86_64_21.0.5.v20241023-1957\jre\bin\net.dll
Event: 0.938 Loaded shared library C:\Users\DELL\Downloads\Logiciel\eclipse-java-2024-12-R-win32-x86_64\eclipse\plugins\org.eclipse.justj.openjdk.hotspot.jre.full.win32.x86_64_21.0.5.v20241023-1957\jre\bin\nio.dll
Event: 0.948 Loaded shared library C:\Users\DELL\Downloads\Logiciel\eclipse-java-2024-12-R-win32-x86_64\eclipse\plugins\org.eclipse.justj.openjdk.hotspot.jre.full.win32.x86_64_21.0.5.v20241023-1957\jre\bin\zip.dll
Event: 1.363 Loaded shared library C:\Users\DELL\Downloads\Logiciel\eclipse-java-2024-12-R-win32-x86_64\eclipse\plugins\org.eclipse.justj.openjdk.hotspot.jre.full.win32.x86_64_21.0.5.v20241023-1957\jre\bin\jimage.dll
Event: 2.368 Loaded shared library C:\Users\DELL\Downloads\Logiciel\eclipse-java-2024-12-R-win32-x86_64\eclipse\plugins\org.eclipse.justj.openjdk.hotspot.jre.full.win32.x86_64_21.0.5.v20241023-1957\jre\bin\management.dll
Event: 2.401 Loaded shared library C:\Users\DELL\Downloads\Logiciel\eclipse-java-2024-12-R-win32-x86_64\eclipse\plugins\org.eclipse.justj.openjdk.hotspot.jre.full.win32.x86_64_21.0.5.v20241023-1957\jre\bin\management_ext.dll
Event: 15.211 Loaded shared library C:\Users\DELL\Downloads\Logiciel\eclipse-java-2024-12-R-win32-x86_64\eclipse\plugins\org.eclipse.justj.openjdk.hotspot.jre.full.win32.x86_64_21.0.5.v20241023-1957\jre\bin\sunmscapi.dll
Event: 30.547 Loaded shared library C:\Users\DELL\Downloads\Logiciel\eclipse-java-2024-12-R-win32-x86_64\eclipse\plugins\org.eclipse.justj.openjdk.hotspot.jre.full.win32.x86_64_21.0.5.v20241023-1957\jre\bin\verify.dll
Event: 32.318 Loaded shared library C:\Users\DELL\Downloads\Logiciel\eclipse-java-2024-12-R-win32-x86_64\eclipse\plugins\org.eclipse.justj.openjdk.hotspot.jre.full.win32.x86_64_21.0.5.v20241023-1957\jre\bin\extnet.dll

Deoptimization events (20 events):
Event: 1098.802 Thread 0x000001d7644aa770 DEOPT PACKING pc=0x000001d750e4ae78 sp=0x000000a40b5fd210
Event: 1098.802 Thread 0x000001d7644aa770 DEOPT UNPACKING pc=0x000001d7504c46a2 sp=0x000000a40b5fd1d8 mode 2
Event: 1098.803 Thread 0x000001d7644aa770 Uncommon trap: trap_request=0xffffffde fr.pc=0x000001d750e4ae78 relative=0x0000000000000df8
Event: 1098.803 Thread 0x000001d7644aa770 Uncommon trap: reason=class_check action=maybe_recompile pc=0x000001d750e4ae78 method=com.fasterxml.jackson.databind.ser.BeanPropertyWriter.serializeAsField(Ljava/lang/Object;Lcom/fasterxml/jackson/core/JsonGenerator;Lcom/fasterxml/jackson/databind/Serial
Event: 1098.803 Thread 0x000001d7644aa770 DEOPT PACKING pc=0x000001d750e4ae78 sp=0x000000a40b5fd210
Event: 1098.803 Thread 0x000001d7644aa770 DEOPT UNPACKING pc=0x000001d7504c46a2 sp=0x000000a40b5fd1d8 mode 2
Event: 1098.803 Thread 0x000001d7644aa770 Uncommon trap: trap_request=0xffffffde fr.pc=0x000001d750e4ae78 relative=0x0000000000000df8
Event: 1098.803 Thread 0x000001d7644aa770 Uncommon trap: reason=class_check action=maybe_recompile pc=0x000001d750e4ae78 method=com.fasterxml.jackson.databind.ser.BeanPropertyWriter.serializeAsField(Ljava/lang/Object;Lcom/fasterxml/jackson/core/JsonGenerator;Lcom/fasterxml/jackson/databind/Serial
Event: 1098.803 Thread 0x000001d7644aa770 DEOPT PACKING pc=0x000001d750e4ae78 sp=0x000000a40b5fd210
Event: 1098.803 Thread 0x000001d7644aa770 DEOPT UNPACKING pc=0x000001d7504c46a2 sp=0x000000a40b5fd1d8 mode 2
Event: 1098.804 Thread 0x000001d7644aa770 Uncommon trap: trap_request=0xffffffde fr.pc=0x000001d750e4ae78 relative=0x0000000000000df8
Event: 1098.804 Thread 0x000001d7644aa770 Uncommon trap: reason=class_check action=maybe_recompile pc=0x000001d750e4ae78 method=com.fasterxml.jackson.databind.ser.BeanPropertyWriter.serializeAsField(Ljava/lang/Object;Lcom/fasterxml/jackson/core/JsonGenerator;Lcom/fasterxml/jackson/databind/Serial
Event: 1098.804 Thread 0x000001d7644aa770 DEOPT PACKING pc=0x000001d750e4ae78 sp=0x000000a40b5fd210
Event: 1098.804 Thread 0x000001d7644aa770 DEOPT UNPACKING pc=0x000001d7504c46a2 sp=0x000000a40b5fd1d8 mode 2
Event: 1098.814 Thread 0x000001d7644aa770 Uncommon trap: trap_request=0xfffffff4 fr.pc=0x000001d750e12a98 relative=0x0000000000000258
Event: 1098.814 Thread 0x000001d7644aa770 Uncommon trap: reason=null_check action=make_not_entrant pc=0x000001d750e12a98 method=com.fasterxml.jackson.databind.introspect.JacksonAnnotationIntrospector.isAnnotationBundle(Ljava/lang/annotation/Annotation;)Z @ 20 c2
Event: 1098.814 Thread 0x000001d7644aa770 DEOPT PACKING pc=0x000001d750e12a98 sp=0x000000a40b5fc9a0
Event: 1098.814 Thread 0x000001d7644aa770 DEOPT UNPACKING pc=0x000001d7504c46a2 sp=0x000000a40b5fc910 mode 2
Event: 1482.740 Thread 0x000001d7644a72f0 DEOPT PACKING pc=0x000001d748fc6c3b sp=0x000000a4093fe270
Event: 1482.740 Thread 0x000001d7644a72f0 DEOPT UNPACKING pc=0x000001d7504c4e42 sp=0x000000a4093fd740 mode 0

Classes loaded (20 events):
Event: 1005.489 Loading class java/util/TreeMap$EntrySpliterator
Event: 1005.493 Loading class java/util/TreeMap$EntrySpliterator done
Event: 1007.313 Loading class java/text/CharacterIterator
Event: 1007.314 Loading class java/text/CharacterIterator done
Event: 1007.315 Loading class java/text/StringCharacterIterator
Event: 1007.316 Loading class java/text/StringCharacterIterator done
Event: 1007.502 Loading class java/lang/package-info
Event: 1007.502 Loading class java/lang/package-info done
Event: 1008.167 Loading class java/util/stream/ReduceOps$4
Event: 1008.168 Loading class java/util/stream/ReduceOps$4 done
Event: 1008.168 Loading class java/util/stream/ReduceOps$4ReducingSink
Event: 1008.169 Loading class java/util/stream/ReduceOps$4ReducingSink done
Event: 1008.333 Loading class java/time/DayOfWeek
Event: 1008.334 Loading class java/time/DayOfWeek done
Event: 1008.336 Loading class java/lang/invoke/SerializedLambda
Event: 1008.339 Loading class java/lang/invoke/SerializedLambda done
Event: 1008.344 Loading class java/time/package-info
Event: 1008.344 Loading class java/time/package-info done
Event: 1008.416 Loading class java/util/package-info
Event: 1008.416 Loading class java/util/package-info done

Classes unloaded (2 events):
Event: 48.072 Thread 0x000001d75ca7c580 Unloading class 0x000001d7018e3400 'jdk/internal/reflect/GeneratedSerializationConstructorAccessor2'
Event: 48.072 Thread 0x000001d75ca7c580 Unloading class 0x000001d7018e3000 'jdk/internal/reflect/GeneratedSerializationConstructorAccessor1'

Classes redefined (0 events):
No events

Internal exceptions (20 events):
Event: 46.623 Thread 0x000001d761bef790 Implicit null exception at 0x000001d750ae4152 to 0x000001d750ae41f2
Event: 47.278 Thread 0x000001d761bef790 Exception <a 'java/lang/NoSuchMethodError'{0x00000000872e8e98}: 'java.lang.Object java.lang.invoke.DirectMethodHandle$Holder.invokeVirtual(java.lang.Object, java.lang.Object, java.lang.Object, java.lang.Object, java.lang.Object, java.lang.Object, java.lang.Object, java.lang.Object, java.lang.Object)'> (0x00000000872e8e98) 
thrown [s\src\hotspot\share\interpreter\linkResolver.cpp, line 773]
Event: 47.432 Thread 0x000001d761bef790 Exception <a 'java/lang/NoSuchMethodError'{0x000000008420ae98}: 'java.lang.Object java.lang.invoke.DirectMethodHandle$Holder.invokeVirtual(java.lang.Object, java.lang.Object, java.lang.Object, java.lang.Object, java.lang.Object, java.lang.Object, java.lang.Object)'> (0x000000008420ae98) 
thrown [s\src\hotspot\share\interpreter\linkResolver.cpp, line 773]
Event: 47.519 Thread 0x000001d761bef790 Exception <a 'java/lang/NoSuchMethodError'{0x00000000842b78d0}: 'java.lang.Object java.lang.invoke.DirectMethodHandle$Holder.invokeVirtual(java.lang.Object, java.lang.Object, java.lang.Object, java.lang.Object, java.lang.Object, java.lang.Object, java.lang.Object, java.lang.Object, java.lang.Object, java.lang.Object)'> (0x00000000842b78d0) 
thrown [s\src\hotspot\share\interpreter\linkResolver.cpp, line 773]
Event: 47.687 Thread 0x000001d761bef790 Exception <a 'java/lang/IncompatibleClassChangeError'{0x00000000841fcc10}: Found class java.lang.Object, but interface was expected> (0x00000000841fcc10) 
thrown [s\src\hotspot\share\interpreter\linkResolver.cpp, line 840]
Event: 47.751 Thread 0x000001d761bef790 Implicit null exception at 0x000001d750ba2a48 to 0x000001d750ba2ac8
Event: 48.070 Thread 0x000001d761bef790 Exception <a 'java/lang/NoSuchMethodError'{0x0000000087c584e8}: 'java.lang.Object java.lang.invoke.Invokers$Holder.invoke_MT(java.lang.Object, java.lang.Object, java.lang.Object, java.lang.Object, java.lang.Object, java.lang.Object, java.lang.Object, java.lang.Object, java.lang.Object, java.lang.Object, java.lang.Object)'> (0x0000000087c584e8) 
thrown [s\src\hotspot\share\interpreter\linkResolver.cpp, line 773]
Event: 48.915 Thread 0x000001d761bef790 Exception <a 'java/lang/NoSuchMethodError'{0x00000000879a4098}: 'java.lang.Object java.lang.invoke.DirectMethodHandle$Holder.newInvokeSpecial(java.lang.Object, java.lang.Object, int, java.lang.Object, java.lang.Object)'> (0x00000000879a4098) 
thrown [s\src\hotspot\share\interpreter\linkResolver.cpp, line 773]
Event: 86.310 Thread 0x000001d7644a58b0 Exception <a 'java/lang/NoSuchMethodError'{0x0000000084b12ab0}: 'java.lang.Object java.lang.invoke.DirectMethodHandle$Holder.invokeStatic(java.lang.Object, java.lang.Object, java.lang.Object, int, int)'> (0x0000000084b12ab0) 
thrown [s\src\hotspot\share\interpreter\linkResolver.cpp, line 773]
Event: 86.311 Thread 0x000001d7644a58b0 Exception <a 'java/lang/NoSuchMethodError'{0x0000000084b16248}: 'java.lang.Object java.lang.invoke.DirectMethodHandle$Holder.invokeStaticInit(java.lang.Object, java.lang.Object, java.lang.Object, int, int)'> (0x0000000084b16248) 
thrown [s\src\hotspot\share\interpreter\linkResolver.cpp, line 773]
Event: 86.609 Thread 0x000001d7644a3e70 Exception <a 'java/lang/NoSuchMethodError'{0x0000000087c560f0}: 'java.lang.Object java.lang.invoke.DirectMethodHandle$Holder.invokeSpecial(java.lang.Object, java.lang.Object, java.lang.Object, java.lang.Object, java.lang.Object, long)'> (0x0000000087c560f0) 
thrown [s\src\hotspot\share\interpreter\linkResolver.cpp, line 773]
Event: 86.610 Thread 0x000001d7644a3e70 Exception <a 'java/lang/NoSuchMethodError'{0x0000000087c59d28}: 'java.lang.Object java.lang.invoke.Invokers$Holder.linkToTargetMethod(java.lang.Object, java.lang.Object, java.lang.Object, long, java.lang.Object)'> (0x0000000087c59d28) 
thrown [s\src\hotspot\share\interpreter\linkResolver.cpp, line 773]
Event: 87.637 Thread 0x000001d7644a65d0 Exception <a 'java/lang/NoSuchMethodError'{0x000000008743f030}: 'java.lang.Object java.lang.invoke.DirectMethodHandle$Holder.invokeStatic(java.lang.Object, int, int)'> (0x000000008743f030) 
thrown [s\src\hotspot\share\interpreter\linkResolver.cpp, line 773]
Event: 170.361 Thread 0x000001d7644a4500 Exception <a 'java/lang/IncompatibleClassChangeError'{0x00000000844eb650}: Found class java.lang.Object, but interface was expected> (0x00000000844eb650) 
thrown [s\src\hotspot\share\interpreter\linkResolver.cpp, line 840]
Event: 170.699 Thread 0x000001d7644a4500 Exception <a 'java/lang/IncompatibleClassChangeError'{0x0000000087b66c50}: Found class java.lang.Object, but interface was expected> (0x0000000087b66c50) 
thrown [s\src\hotspot\share\interpreter\linkResolver.cpp, line 840]
Event: 170.715 Thread 0x000001d7644a4500 Exception <a 'java/lang/NoSuchMethodError'{0x0000000087b8dde0}: 'void java.lang.invoke.DirectMethodHandle$Holder.invokeSpecialIFC(java.lang.Object, java.lang.Object, int, java.lang.Object, java.lang.Object, java.lang.Object, java.lang.Object)'> (0x0000000087b8dde0) 
thrown [s\src\hotspot\share\interpreter\linkResolver.cpp, line 773]
Event: 170.827 Thread 0x000001d7644a4500 Exception <a 'java/lang/NoSuchMethodError'{0x0000000087a6d368}: 'double java.lang.invoke.DelegatingMethodHandle$Holder.reinvoke_L(java.lang.Object, java.lang.Object)'> (0x0000000087a6d368) 
thrown [s\src\hotspot\share\interpreter\linkResolver.cpp, line 773]
Event: 170.832 Thread 0x000001d7644a4500 Exception <a 'java/lang/NoSuchMethodError'{0x0000000087a77b10}: 'void java.lang.invoke.DelegatingMethodHandle$Holder.reinvoke_L(java.lang.Object, java.lang.Object, double)'> (0x0000000087a77b10) 
thrown [s\src\hotspot\share\interpreter\linkResolver.cpp, line 773]
Event: 170.888 Thread 0x000001d7644a4500 Exception <a 'java/lang/NoSuchMethodError'{0x0000000087adc538}: 'double java.lang.invoke.Invokers$Holder.invokeExact_MT(java.lang.Object, java.lang.Object, java.lang.Object)'> (0x0000000087adc538) 
thrown [s\src\hotspot\share\interpreter\linkResolver.cpp, line 773]
Event: 1098.813 Thread 0x000001d7644aa770 Implicit null exception at 0x000001d750e12996 to 0x000001d750e12a89

ZGC Phase Switch (0 events):
No events

VM Operations (20 events):
Event: 1493.548 Executing VM operation: Cleanup
Event: 1493.548 Executing VM operation: Cleanup done
Event: 1503.648 Executing VM operation: Cleanup
Event: 1503.648 Executing VM operation: Cleanup done
Event: 1505.673 Executing VM operation: Cleanup
Event: 1505.673 Executing VM operation: Cleanup done
Event: 1514.754 Executing VM operation: Cleanup
Event: 1514.754 Executing VM operation: Cleanup done
Event: 1518.793 Executing VM operation: Cleanup
Event: 1518.793 Executing VM operation: Cleanup done
Event: 1527.882 Executing VM operation: Cleanup
Event: 1527.882 Executing VM operation: Cleanup done
Event: 1547.047 Executing VM operation: Cleanup
Event: 1547.047 Executing VM operation: Cleanup done
Event: 1591.427 Executing VM operation: Cleanup
Event: 1591.427 Executing VM operation: Cleanup done
Event: 1599.897 Executing VM operation: G1CollectForAllocation (G1 Evacuation Pause)
Event: 1599.918 Executing VM operation: G1CollectForAllocation (G1 Evacuation Pause) done
Event: 1600.923 Executing VM operation: Cleanup
Event: 1600.923 Executing VM operation: Cleanup done

Memory protections (0 events):
No events

Nmethod flushes (20 events):
Event: 1185.989 Thread 0x000001d75ca7c580 flushing  nmethod 0x000001d749758590
Event: 1185.989 Thread 0x000001d75ca7c580 flushing  nmethod 0x000001d749759310
Event: 1185.989 Thread 0x000001d75ca7c580 flushing  nmethod 0x000001d74975bc10
Event: 1185.989 Thread 0x000001d75ca7c580 flushing  nmethod 0x000001d749788b90
Event: 1185.989 Thread 0x000001d75ca7c580 flushing  nmethod 0x000001d749789110
Event: 1185.989 Thread 0x000001d75ca7c580 flushing  nmethod 0x000001d74978c110
Event: 1185.989 Thread 0x000001d75ca7c580 flushing  nmethod 0x000001d7497e4a10
Event: 1185.989 Thread 0x000001d75ca7c580 flushing  nmethod 0x000001d7497e8190
Event: 1185.989 Thread 0x000001d75ca7c580 flushing  nmethod 0x000001d749805290
Event: 1185.989 Thread 0x000001d75ca7c580 flushing  nmethod 0x000001d749813a10
Event: 1185.989 Thread 0x000001d75ca7c580 flushing  nmethod 0x000001d749864290
Event: 1185.989 Thread 0x000001d75ca7c580 flushing  nmethod 0x000001d749868010
Event: 1185.989 Thread 0x000001d75ca7c580 flushing  nmethod 0x000001d749868410
Event: 1185.989 Thread 0x000001d75ca7c580 flushing  nmethod 0x000001d74986d490
Event: 1185.989 Thread 0x000001d75ca7c580 flushing  nmethod 0x000001d74992d690
Event: 1185.989 Thread 0x000001d75ca7c580 flushing  nmethod 0x000001d749984f90
Event: 1185.989 Thread 0x000001d75ca7c580 flushing  nmethod 0x000001d749985310
Event: 1185.989 Thread 0x000001d75ca7c580 flushing  nmethod 0x000001d7499ca990
Event: 1185.989 Thread 0x000001d75ca7c580 flushing  nmethod 0x000001d7499cc910
Event: 1185.989 Thread 0x000001d75ca7c580 flushing  nmethod 0x000001d7499d3210

Events (20 events):
Event: 1482.545 Thread 0x000001d763a7b940 Thread added: 0x000001d7644a8010
Event: 1482.547 Thread 0x000001d7644a8010 Thread added: 0x000001d7644a72f0
Event: 1487.563 Thread 0x000001d7644a8010 Thread exited: 0x000001d7644a8010
Event: 1487.803 Thread 0x000001d7644a72f0 Thread exited: 0x000001d7644a72f0
Event: 1505.374 Thread 0x000001d763a7b940 Thread added: 0x000001d7644a72f0
Event: 1505.375 Thread 0x000001d7644a72f0 Thread added: 0x000001d7644a7980
Event: 1510.388 Thread 0x000001d7644a72f0 Thread exited: 0x000001d7644a72f0
Event: 1510.561 Thread 0x000001d7644a7980 Thread exited: 0x000001d7644a7980
Event: 1514.473 Thread 0x000001d763a7b940 Thread added: 0x000001d7644a72f0
Event: 1514.475 Thread 0x000001d7644a72f0 Thread added: 0x000001d7644a7980
Event: 1519.495 Thread 0x000001d7644a72f0 Thread exited: 0x000001d7644a72f0
Event: 1519.632 Thread 0x000001d7644a7980 Thread exited: 0x000001d7644a7980
Event: 1546.659 Thread 0x000001d763a7b940 Thread added: 0x000001d7644a72f0
Event: 1546.661 Thread 0x000001d7644a72f0 Thread added: 0x000001d7644a9a50
Event: 1551.662 Thread 0x000001d7644a72f0 Thread exited: 0x000001d7644a72f0
Event: 1551.866 Thread 0x000001d7644a9a50 Thread exited: 0x000001d7644a9a50
Event: 1591.272 Thread 0x000001d763a7b940 Thread added: 0x000001d7644a72f0
Event: 1591.274 Thread 0x000001d7644a72f0 Thread added: 0x000001d7644a7980
Event: 1596.289 Thread 0x000001d7644a72f0 Thread exited: 0x000001d7644a72f0
Event: 1596.433 Thread 0x000001d7644a7980 Thread exited: 0x000001d7644a7980


Dynamic libraries:
0x00007ff6f8f80000 - 0x00007ff6f8f8e000 	C:\Users\DELL\Downloads\Logiciel\eclipse-java-2024-12-R-win32-x86_64\eclipse\plugins\org.eclipse.justj.openjdk.hotspot.jre.full.win32.x86_64_21.0.5.v20241023-1957\jre\bin\javaw.exe
0x00007ffd4b730000 - 0x00007ffd4b928000 	C:\WINDOWS\SYSTEM32\ntdll.dll
0x00007ffd49eb0000 - 0x00007ffd49f72000 	C:\WINDOWS\System32\KERNEL32.DLL
0x00007ffd49070000 - 0x00007ffd49366000 	C:\WINDOWS\System32\KERNELBASE.dll
0x00007ffd49370000 - 0x00007ffd49470000 	C:\WINDOWS\System32\ucrtbase.dll
0x00007ffd414c0000 - 0x00007ffd414d8000 	C:\Users\DELL\Downloads\Logiciel\eclipse-java-2024-12-R-win32-x86_64\eclipse\plugins\org.eclipse.justj.openjdk.hotspot.jre.full.win32.x86_64_21.0.5.v20241023-1957\jre\bin\jli.dll
0x00007ffd4b550000 - 0x00007ffd4b6ed000 	C:\WINDOWS\System32\USER32.dll
0x00007ffd48ef0000 - 0x00007ffd48f12000 	C:\WINDOWS\System32\win32u.dll
0x00007ffd4a390000 - 0x00007ffd4a3bb000 	C:\WINDOWS\System32\GDI32.dll
0x00007ffd48dd0000 - 0x00007ffd48eea000 	C:\WINDOWS\System32\gdi32full.dll
0x00007ffd48fd0000 - 0x00007ffd4906d000 	C:\WINDOWS\System32\msvcp_win.dll
0x00007ffd41520000 - 0x00007ffd4153e000 	C:\Users\DELL\Downloads\Logiciel\eclipse-java-2024-12-R-win32-x86_64\eclipse\plugins\org.eclipse.justj.openjdk.hotspot.jre.full.win32.x86_64_21.0.5.v20241023-1957\jre\bin\VCRUNTIME140.dll
0x00007ffd33d40000 - 0x00007ffd33fda000 	C:\WINDOWS\WinSxS\amd64_microsoft.windows.common-controls_6595b64144ccf1df_6.0.19041.5794_none_60bcd33171f2783c\COMCTL32.dll
0x00007ffd4a030000 - 0x00007ffd4a0ce000 	C:\WINDOWS\System32\msvcrt.dll
0x00007ffd4a4e0000 - 0x00007ffd4a50f000 	C:\WINDOWS\System32\IMM32.DLL
0x00007ffd41510000 - 0x00007ffd4151c000 	C:\Users\DELL\Downloads\Logiciel\eclipse-java-2024-12-R-win32-x86_64\eclipse\plugins\org.eclipse.justj.openjdk.hotspot.jre.full.win32.x86_64_21.0.5.v20241023-1957\jre\bin\vcruntime140_1.dll
0x00007ffd3fa90000 - 0x00007ffd3fb1d000 	C:\Users\DELL\Downloads\Logiciel\eclipse-java-2024-12-R-win32-x86_64\eclipse\plugins\org.eclipse.justj.openjdk.hotspot.jre.full.win32.x86_64_21.0.5.v20241023-1957\jre\bin\msvcp140.dll
0x00007ffd0b840000 - 0x00007ffd0c5cf000 	C:\Users\DELL\Downloads\Logiciel\eclipse-java-2024-12-R-win32-x86_64\eclipse\plugins\org.eclipse.justj.openjdk.hotspot.jre.full.win32.x86_64_21.0.5.v20241023-1957\jre\bin\server\jvm.dll
0x00007ffd4a430000 - 0x00007ffd4a4df000 	C:\WINDOWS\System32\ADVAPI32.dll
0x00007ffd4a2f0000 - 0x00007ffd4a38f000 	C:\WINDOWS\System32\sechost.dll
0x00007ffd4a0f0000 - 0x00007ffd4a213000 	C:\WINDOWS\System32\RPCRT4.dll
0x00007ffd49470000 - 0x00007ffd49497000 	C:\WINDOWS\System32\bcrypt.dll
0x00007ffd4a3c0000 - 0x00007ffd4a42b000 	C:\WINDOWS\System32\WS2_32.dll
0x00007ffd48c30000 - 0x00007ffd48c7b000 	C:\WINDOWS\SYSTEM32\POWRPROF.dll
0x00007ffd31c80000 - 0x00007ffd31ca7000 	C:\WINDOWS\SYSTEM32\WINMM.dll
0x00007ffd3c930000 - 0x00007ffd3c93a000 	C:\WINDOWS\SYSTEM32\VERSION.dll
0x00007ffd48c10000 - 0x00007ffd48c22000 	C:\WINDOWS\SYSTEM32\UMPDC.dll
0x00007ffd475f0000 - 0x00007ffd47602000 	C:\WINDOWS\SYSTEM32\kernel.appcore.dll
0x00007ffd42b00000 - 0x00007ffd42b0a000 	C:\Users\DELL\Downloads\Logiciel\eclipse-java-2024-12-R-win32-x86_64\eclipse\plugins\org.eclipse.justj.openjdk.hotspot.jre.full.win32.x86_64_21.0.5.v20241023-1957\jre\bin\jimage.dll
0x00007ffd472d0000 - 0x00007ffd474d1000 	C:\WINDOWS\SYSTEM32\DBGHELP.DLL
0x00007ffd34e90000 - 0x00007ffd34ec4000 	C:\WINDOWS\SYSTEM32\dbgcore.DLL
0x00007ffd496d0000 - 0x00007ffd49752000 	C:\WINDOWS\System32\bcryptPrimitives.dll
0x00007ffd414e0000 - 0x00007ffd414ff000 	C:\Users\DELL\Downloads\Logiciel\eclipse-java-2024-12-R-win32-x86_64\eclipse\plugins\org.eclipse.justj.openjdk.hotspot.jre.full.win32.x86_64_21.0.5.v20241023-1957\jre\bin\java.dll
0x00007ffd4ac50000 - 0x00007ffd4b3be000 	C:\WINDOWS\System32\SHELL32.dll
0x00007ffd46b10000 - 0x00007ffd472b3000 	C:\WINDOWS\SYSTEM32\windows.storage.dll
0x00007ffd4a8f0000 - 0x00007ffd4ac43000 	C:\WINDOWS\System32\combase.dll
0x00007ffd48730000 - 0x00007ffd4875b000 	C:\WINDOWS\SYSTEM32\Wldp.dll
0x00007ffd49de0000 - 0x00007ffd49ead000 	C:\WINDOWS\System32\OLEAUT32.dll
0x00007ffd4a7d0000 - 0x00007ffd4a87d000 	C:\WINDOWS\System32\SHCORE.dll
0x00007ffd4a290000 - 0x00007ffd4a2e5000 	C:\WINDOWS\System32\shlwapi.dll
0x00007ffd48d00000 - 0x00007ffd48d25000 	C:\WINDOWS\SYSTEM32\profapi.dll
0x00007ffd41440000 - 0x00007ffd41458000 	C:\Users\DELL\Downloads\Logiciel\eclipse-java-2024-12-R-win32-x86_64\eclipse\plugins\org.eclipse.justj.openjdk.hotspot.jre.full.win32.x86_64_21.0.5.v20241023-1957\jre\bin\zip.dll
0x00007ffd426c0000 - 0x00007ffd426d0000 	C:\Users\DELL\Downloads\Logiciel\eclipse-java-2024-12-R-win32-x86_64\eclipse\plugins\org.eclipse.justj.openjdk.hotspot.jre.full.win32.x86_64_21.0.5.v20241023-1957\jre\bin\net.dll
0x00007ffd3e3e0000 - 0x00007ffd3e4ea000 	C:\WINDOWS\SYSTEM32\WINHTTP.dll
0x00007ffd48490000 - 0x00007ffd484fc000 	C:\WINDOWS\system32\mswsock.dll
0x00007ffd40fe0000 - 0x00007ffd40ff6000 	C:\Users\DELL\Downloads\Logiciel\eclipse-java-2024-12-R-win32-x86_64\eclipse\plugins\org.eclipse.justj.openjdk.hotspot.jre.full.win32.x86_64_21.0.5.v20241023-1957\jre\bin\nio.dll
0x00007ffd415f0000 - 0x00007ffd415fa000 	C:\Users\DELL\Downloads\Logiciel\eclipse-java-2024-12-R-win32-x86_64\eclipse\plugins\org.eclipse.justj.openjdk.hotspot.jre.full.win32.x86_64_21.0.5.v20241023-1957\jre\bin\management.dll
0x00007ffd415e0000 - 0x00007ffd415eb000 	C:\Users\DELL\Downloads\Logiciel\eclipse-java-2024-12-R-win32-x86_64\eclipse\plugins\org.eclipse.justj.openjdk.hotspot.jre.full.win32.x86_64_21.0.5.v20241023-1957\jre\bin\management_ext.dll
0x00007ffd4a880000 - 0x00007ffd4a888000 	C:\WINDOWS\System32\PSAPI.DLL
0x00007ffd40f80000 - 0x00007ffd40f8e000 	C:\Users\DELL\Downloads\Logiciel\eclipse-java-2024-12-R-win32-x86_64\eclipse\plugins\org.eclipse.justj.openjdk.hotspot.jre.full.win32.x86_64_21.0.5.v20241023-1957\jre\bin\sunmscapi.dll
0x00007ffd49520000 - 0x00007ffd4967d000 	C:\WINDOWS\System32\CRYPT32.dll
0x00007ffd487a0000 - 0x00007ffd487c7000 	C:\WINDOWS\SYSTEM32\ncrypt.dll
0x00007ffd48760000 - 0x00007ffd4879b000 	C:\WINDOWS\SYSTEM32\NTASN1.dll
0x00007ffd48680000 - 0x00007ffd48698000 	C:\WINDOWS\SYSTEM32\CRYPTSP.dll
0x00007ffd47db0000 - 0x00007ffd47de8000 	C:\WINDOWS\system32\rsaenh.dll
0x00007ffd48cc0000 - 0x00007ffd48cee000 	C:\WINDOWS\SYSTEM32\USERENV.dll
0x00007ffd486a0000 - 0x00007ffd486ac000 	C:\WINDOWS\SYSTEM32\CRYPTBASE.dll
0x00007ffd48170000 - 0x00007ffd481ab000 	C:\WINDOWS\SYSTEM32\IPHLPAPI.DLL
0x00007ffd49cf0000 - 0x00007ffd49cf8000 	C:\WINDOWS\System32\NSI.dll
0x00007ffd40ef0000 - 0x00007ffd40f00000 	C:\Users\DELL\Downloads\Logiciel\eclipse-java-2024-12-R-win32-x86_64\eclipse\plugins\org.eclipse.justj.openjdk.hotspot.jre.full.win32.x86_64_21.0.5.v20241023-1957\jre\bin\verify.dll
0x00007ffd481b0000 - 0x00007ffd4827a000 	C:\WINDOWS\SYSTEM32\DNSAPI.dll
0x00007ffd3cab0000 - 0x00007ffd3caba000 	C:\Windows\System32\rasadhlp.dll
0x00007ffd357a0000 - 0x00007ffd35820000 	C:\WINDOWS\System32\fwpuclnt.dll
0x00007ffd40f70000 - 0x00007ffd40f79000 	C:\Users\DELL\Downloads\Logiciel\eclipse-java-2024-12-R-win32-x86_64\eclipse\plugins\org.eclipse.justj.openjdk.hotspot.jre.full.win32.x86_64_21.0.5.v20241023-1957\jre\bin\extnet.dll
0x00007ffd429e0000 - 0x00007ffd429e7000 	C:\WINDOWS\system32\wshunix.dll

dbghelp: loaded successfully - version: 4.0.5 - missing functions: none
symbol engine: initialized successfully - sym options: 0x614 - pdb path: .;C:\Users\DELL\Downloads\Logiciel\eclipse-java-2024-12-R-win32-x86_64\eclipse\plugins\org.eclipse.justj.openjdk.hotspot.jre.full.win32.x86_64_21.0.5.v20241023-1957\jre\bin;C:\WINDOWS\SYSTEM32;C:\WINDOWS\WinSxS\amd64_microsoft.windows.common-controls_6595b64144ccf1df_6.0.19041.5794_none_60bcd33171f2783c;C:\Users\DELL\Downloads\Logiciel\eclipse-java-2024-12-R-win32-x86_64\eclipse\plugins\org.eclipse.justj.openjdk.hotspot.jre.full.win32.x86_64_21.0.5.v20241023-1957\jre\bin\server

VM Arguments:
jvm_args: -Dfile.encoding=UTF-8 -Dstdout.encoding=UTF-8 -Dstderr.encoding=UTF-8 -XX:+ShowCodeDetailsInExceptionMessages 
java_command: com.blt.etud.etudPay.EtudPayApplication
java_class_path (initial): C:\Users\DELL\OneDrive\Documents\javaProject\etudPay\etudPay\target\classes;C:\Users\DELL\.m2\repository\org\springframework\boot\spring-boot-starter-data-jpa\3.5.0\spring-boot-starter-data-jpa-3.5.0.jar;C:\Users\DELL\.m2\repository\org\springframework\boot\spring-boot-starter\3.5.0\spring-boot-starter-3.5.0.jar;C:\Users\DELL\.m2\repository\org\springframework\boot\spring-boot-starter-logging\3.5.0\spring-boot-starter-logging-3.5.0.jar;C:\Users\DELL\.m2\repository\ch\qos\logback\logback-classic\1.5.18\logback-classic-1.5.18.jar;C:\Users\DELL\.m2\repository\ch\qos\logback\logback-core\1.5.18\logback-core-1.5.18.jar;C:\Users\DELL\.m2\repository\org\apache\logging\log4j\log4j-to-slf4j\2.24.3\log4j-to-slf4j-2.24.3.jar;C:\Users\DELL\.m2\repository\org\apache\logging\log4j\log4j-api\2.24.3\log4j-api-2.24.3.jar;C:\Users\DELL\.m2\repository\org\slf4j\jul-to-slf4j\2.0.17\jul-to-slf4j-2.0.17.jar;C:\Users\DELL\.m2\repository\jakarta\annotation\jakarta.annotation-api\2.1.1\jakarta.annotation-api-2.1.1.jar;C:\Users\DELL\.m2\repository\org\yaml\snakeyaml\2.4\snakeyaml-2.4.jar;C:\Users\DELL\.m2\repository\org\springframework\boot\spring-boot-starter-jdbc\3.5.0\spring-boot-starter-jdbc-3.5.0.jar;C:\Users\DELL\.m2\repository\com\zaxxer\HikariCP\6.3.0\HikariCP-6.3.0.jar;C:\Users\DELL\.m2\repository\org\springframework\spring-jdbc\6.2.7\spring-jdbc-6.2.7.jar;C:\Users\DELL\.m2\repository\org\hibernate\orm\hibernate-core\6.6.15.Final\hibernate-core-6.6.15.Final.jar;C:\Users\DELL\.m2\repository\jakarta\persistence\jakarta.persistence-api\3.1.0\jakarta.persistence-api-3.1.0.jar;C:\Users\DELL\.m2\repository\jakarta\transaction\jakarta.transaction-api\2.0.1\jakarta.transaction-api-2.0.1.jar;C:\Users\DELL\.m2\repository\org\jboss\logging\jboss-logging\3.6.1.Final\jboss-logging-3.6.1.Final.jar;C:\Users\DELL\.m2\repository\org\hibernate\common\hibernate-commons-annotations\7.0.3.Final\hibernate-commons-annotations-7.0.3.Final.jar;C:\Users\DELL\.m2\repository\io\smallrye\jandex\3.2.0\jandex-3.2.0.jar;C:\Users\DELL\.m2\repository\com\fasterxml\classmate\1.7.0\classmate-1.7.0.jar;C:\Users\DELL\.m2\repository\net\bytebuddy\byte-buddy\1.17.5\byte-buddy-1.17.5.jar;C:\Users\DELL\.m2\repository\org\glassfish\jaxb\jaxb-runtime\4.0.5\jaxb-runtime-4.0.5.jar;C:\Users\DELL\.m2\repository\org\glassfish\jaxb\jaxb-core\4.0.5\jaxb-core-4.0.5.jar;C:\Users\DELL\.m2\repository\org\eclipse\angus\angus-activation\2.0.2\angus-activation-2.0.2.jar;C:\Users\DELL\.m2\repository\org\glassfish\jaxb\txw2\4.0.5\txw2-4.0.5.jar;C:\Users\DELL\.m2\repository\com\sun\istack\istack-commons-runtime\4.1.2\istack-commons-runtime-4.1.2.jar;C:\Users\DELL\.m2\repository\jakarta\inject\jakarta.inject-api\2.0.1\jakarta.inject-api-2.0.1.jar;C:\Users\DELL\.m2\repository\org\antlr\antlr4-runtime\4.13.0\antlr4-runtime-4.13.0.jar;C:\Users\DELL\.m2\repository\org\springframework\data\spring-data-jpa\3.5.0\spring-data-jpa-3.5.0.jar;C:\Users\DELL\.m2\repository\org\springframework\data\spring-data-commons\3.5.0\spring-data-commons-3.5.0.jar;C:\Users\DELL\.m2\repository\org\springframework\spring-orm\6.2.7\spring-orm-6.2.7.jar;C:\Users\DELL\.m2\repository\org\springframework\spring-context\6.2.7\spring-context-6.2.7.jar;C:\Users\DELL\.m2\repository\org\springframework\spring-aop\6.2.7\spring-aop-6.2.7.jar;C:\Users\DELL\.m2\repository\org\springframework\spring-tx\6.2.7\spring-tx-6.2.7.jar;C:\Users\DELL\.m2\repository\org\springframework\spring-beans\6.2.7\spring-beans-6.2.7.jar;C:\Users\DELL\.m2\repository\org\slf4j\slf4j-api\2.0.17\slf4j-api-2.0.17.jar;C:\Users\DELL\.m2\repository\org\springframework\spring-aspects\6.2.7\spring-aspects-6.2.7.jar;C:\Users\DELL\.m2\repository\org\aspectj\aspectjweaver\1.9.24\aspectjweaver-1.9.24.jar;C:\Users\DELL\.m2\repository\org\springframework\boot\spring-boot-starter-web\3.5.0\spring-boot-starter-web-3.5.0.jar;C:\Users\DELL\.m2\repository\org\springframework\boot\spring-boot-starter-json\3.5.0\spring-boot-starter-json-3.5.0.jar;C:\Users\DELL\.m2\repository\com\fasterxml\jackson\core\jackson-databind\2.19.0\jackson-databind-2.19.0.jar;C:\Users\DELL\.m2\repository\com\fasterxml\jackson\core\jackson-annotations\2.19.0\jackson-annotations-2.19.0.jar;C:\Users\DELL\.m2\repository\com\fasterxml\jackson\core\jackson-core\2.19.0\jackson-core-2.19.0.jar;C:\Users\DELL\.m2\repository\com\fasterxml\jackson\datatype\jackson-datatype-jdk8\2.19.0\jackson-datatype-jdk8-2.19.0.jar;C:\Users\DELL\.m2\repository\com\fasterxml\jackson\datatype\jackson-datatype-jsr310\2.19.0\jackson-datatype-jsr310-2.19.0.jar;C:\Users\DELL\.m2\repository\com\fasterxml\jackson\module\jackson-module-parameter-names\2.19.0\jackson-module-parameter-names-2.19.0.jar;C:\Users\DELL\.m2\repository\org\springframework\boot\spring-boot-starter-tomcat\3.5.0\spring-boot-starter-tomcat-3.5.0.jar;C:\Users\DELL\.m2\repository\org\apache\tomcat\embed\tomcat-embed-core\10.1.41\tomcat-embed-core-10.1.41.jar;C:\Users\DELL\.m2\repository\org\apache\tomcat\embed\tomcat-embed-el\10.1.41\tomcat-embed-el-10.1.41.jar;C:\Users\DELL\.m2\repository\org\apache\tomcat\embed\tomcat-embed-websocket\10.1.41\tomcat-embed-websocket-10.1.41.jar;C:\Users\DELL\.m2\repository\org\springframework\spring-web\6.2.7\spring-web-6.2.7.jar;C:\Users\DELL\.m2\repository\io\micrometer\micrometer-observation\1.15.0\micrometer-observation-1.15.0.jar;C:\Users\DELL\.m2\repository\io\micrometer\micrometer-commons\1.15.0\micrometer-commons-1.15.0.jar;C:\Users\DELL\.m2\repository\org\springframework\spring-webmvc\6.2.7\spring-webmvc-6.2.7.jar;C:\Users\DELL\.m2\repository\org\springframework\spring-expression\6.2.7\spring-expression-6.2.7.jar;C:\Users\DELL\.m2\repository\org\springframework\boot\spring-boot-devtools\3.5.0\spring-boot-devtools-3.5.0.jar;C:\Users\DELL\.m2\repository\org\springframework\boot\spring-boot\3.5.0\spring-boot-3.5.0.jar;C:\Users\DELL\.m2\repository\org\springframework\boot\spring-boot-autoconfigure\3.5.0\spring-boot-autoconfigure-3.5.0.jar;C:\Users\DELL\.m2\repository\org\postgresql\postgresql\42.7.5\postgresql-42.7.5.jar;C:\Users\DELL\.m2\repository\org\checkerframework\checker-qual\3.48.3\checker-qual-3.48.3.jar;C:\Users\DELL\.m2\repository\org\projectlombok\lombok\1.18.38\lombok-1.18.38.jar;C:\Users\DELL\.m2\repository\jakarta\xml\bind\jakarta.xml.bind-api\4.0.2\jakarta.xml.bind-api-4.0.2.jar;C:\Users\DELL\.m2\repository\jakarta\activation\jakarta.activation-api\2.1.3\jakarta.activation-api-2.1.3.jar;C:\Users\DELL\.m2\repository\org\springframework\spring-core\6.2.7\spring-core-6.2.7.jar;C:\Users\DELL\.m2\repository\org\springframework\spring-jcl\6.2.7\spring-jcl-6.2.7.jar;C:\Users\DELL\.m2\repository\org\springdoc\springdoc-openapi-starter-webmvc-ui\2.8.9\springdoc-openapi-starter-webmvc-ui-2.8.9.jar;C:\Users\DELL\.m2\repository\org\springdoc\springdoc-openapi-starter-webmvc-api\2.8.9\springdoc-openapi-starter-webmvc-api-2.8.9.jar;C:\Users\DELL\.m2\repository\org\springdoc\springdoc-openapi-starter-common\2.8.9\springdoc-openapi-starter-common-2.8.9.jar;C:\Users\DELL\.m2\repository\org\springframework\boot\spring-boot-starter-validation\3.5.0\spring-boot-starter-validation-3.5.0.jar;C:\Users\DELL\.m2\repository\org\hibernate\validator\hibernate-validator\8.0.2.Final\hibernate-validator-8.0.2.Final.jar;C:\Users\DELL\.m2\repository\io\swagger\core\v3\swagger-core-jakarta\2.2.30\swagger-core-jakarta-2.2.30.jar;C:\Users\DELL\.m2\repository\org\apache\commons\commons-lang3\3.17.0\commons-lang3-3.17.0.jar;C:\Users\DELL\.m2\repository\io\swagger\core\v3\swagger-annotations-jakarta\2.2.30\swagger-annotations-jakarta-2.2.30.jar;C:\Users\DELL\.m2\repository\io\swagger\core\v3\swagger-models-jakarta\2.2.30\swagger-models-jakarta-2.2.30.jar;C:\Users\DELL\.m2\repository\jakarta\validation\jakarta.validation-api\3.0.2\jakarta.validation-api-3.0.2.jar;C:\Users\DELL\.m2\repository\com\fasterxml\jackson\dataformat\jackson-dataformat-yaml\2.19.0\jackson-dataformat-yaml-2.19.0.jar;C:\Users\DELL\.m2\repository\org\webjars\swagger-ui\5.21.0\swagger-ui-5.21.0.jar;C:\Users\DELL\.m2\repository\org\webjars\webjars-locator-lite\1.1.0\webjars-locator-lite-1.1.0.jar;C:\Users\DELL\.m2\repository\org\jspecify\jspecify\1.0.0\jspecify-1.0.0.jar
Launcher Type: SUN_STANDARD

[Global flags]
     intx CICompilerCount                          = 3                                         {product} {ergonomic}
     uint ConcGCThreads                            = 1                                         {product} {ergonomic}
     uint G1ConcRefinementThreads                  = 4                                         {product} {ergonomic}
   size_t G1HeapRegionSize                         = 1048576                                   {product} {ergonomic}
    uintx GCDrainStackTargetSize                   = 64                                        {product} {ergonomic}
   size_t InitialHeapSize                          = 134217728                                 {product} {ergonomic}
   size_t MarkStackSize                            = 4194304                                   {product} {ergonomic}
   size_t MaxHeapSize                              = 2118123520                                {product} {ergonomic}
   size_t MaxNewSize                               = 1270874112                                {product} {ergonomic}
   size_t MinHeapDeltaBytes                        = 1048576                                   {product} {ergonomic}
   size_t MinHeapSize                              = 8388608                                   {product} {ergonomic}
    uintx NonNMethodCodeHeapSize                   = 5832780                                {pd product} {ergonomic}
    uintx NonProfiledCodeHeapSize                  = 122912730                              {pd product} {ergonomic}
    uintx ProfiledCodeHeapSize                     = 122912730                              {pd product} {ergonomic}
    uintx ReservedCodeCacheSize                    = 251658240                              {pd product} {ergonomic}
     bool SegmentedCodeCache                       = true                                      {product} {ergonomic}
     bool ShowCodeDetailsInExceptionMessages       = true                                   {manageable} {command line}
   size_t SoftMaxHeapSize                          = 2118123520                             {manageable} {ergonomic}
     bool UseCompressedOops                        = true                           {product lp64_product} {ergonomic}
     bool UseG1GC                                  = true                                      {product} {ergonomic}
     bool UseLargePagesIndividualAllocation        = false                                  {pd product} {ergonomic}

Logging:
Log output configuration:
 #0: stdout all=warning uptime,level,tags foldmultilines=false
 #1: stderr all=off uptime,level,tags foldmultilines=false

Environment Variables:
PATH=C:/Users/DELL/Downloads/Logiciel/eclipse-java-2024-12-R-win32-x86_64/eclipse//plugins/org.eclipse.justj.openjdk.hotspot.jre.full.win32.x86_64_21.0.5.v20241023-1957/jre/bin/server;C:/Users/DELL/Downloads/Logiciel/eclipse-java-2024-12-R-win32-x86_64/eclipse//plugins/org.eclipse.justj.openjdk.hotspot.jre.full.win32.x86_64_21.0.5.v20241023-1957/jre/bin;C:\Program Files\Eclipse Adoptium\jdk-21.0.7.6-hotspot\bin;C:\Program Files\Common Files\Oracle\Java\javapath;C:\Program Files (x86)\Common Files\Oracle\Java\java8path;C:\Program Files (x86)\Common Files\Oracle\Java\javapath;C:\WINDOWS\system32;C:\WINDOWS;C:\WINDOWS\System32\Wbem;C:\WINDOWS\System32\WindowsPowerShell\v1.0\;C:\WINDOWS\System32\OpenSSH\;C:\Program Files\Git\cmd;C:\Users\DELL\AppData\Local\Microsoft\WindowsApps;;C:\Users\DELL\Downloads\Logiciel\eclipse-java-2024-12-R-win32-x86_64\eclipse;
USERNAME=DELL
OS=Windows_NT
PROCESSOR_IDENTIFIER=Intel64 Family 6 Model 78 Stepping 3, GenuineIntel
TMP=C:\Users\DELL\AppData\Local\Temp
TEMP=C:\Users\DELL\AppData\Local\Temp




Periodic native trim disabled

---------------  S Y S T E M  ---------------

OS:
 Windows 10 , 64 bit Build 19041 (10.0.19041.5794)
OS uptime: 0 days 1:37 hours
Hyper-V role detected

CPU: total 4 (initial active 4) (2 cores per cpu, 2 threads per core) family 6 model 78 stepping 3 microcode 0xec, cx8, cmov, fxsr, ht, mmx, 3dnowpref, sse, sse2, sse3, ssse3, sse4.1, sse4.2, popcnt, lzcnt, tsc, tscinvbit, avx, avx2, aes, erms, clmul, bmi1, bmi2, rtm, adx, fma, vzeroupper, clflush, clflushopt, hv, rdtscp, f16c
Processor Information for processor 0
  Max Mhz: 2496, Current Mhz: 2396, Mhz Limit: 2396
Processor Information for processor 1
  Max Mhz: 2496, Current Mhz: 2396, Mhz Limit: 2396
Processor Information for processor 2
  Max Mhz: 2496, Current Mhz: 1497, Mhz Limit: 2396
Processor Information for processor 3
  Max Mhz: 2496, Current Mhz: 2396, Mhz Limit: 2396

Memory: 4k page, system-wide physical 8075M (644M free)
TotalPageFile size 32651M (AvailPageFile size 0M)
current process WorkingSet (physical memory assigned to process): 45M, peak: 262M
current process commit charge ("private bytes"): 290M, peak: 320M

vm_info: OpenJDK 64-Bit Server VM (21.0.5+11-LTS) for windows-amd64 JRE (21.0.5+11-LTS), built on 2024-10-15T00:00:00Z by "admin" with MS VC++ 17.7 (VS2022)

END.
