#
# There is insufficient memory for the Java Runtime Environment to continue.
# Native memory allocation (malloc) failed to allocate 1036496 bytes. Error detail: Chunk::new
# Possible reasons:
#   The system is out of physical RAM or swap space
#   This process is running with CompressedOops enabled, and the Java Heap may be blocking the growth of the native heap
# Possible solutions:
#   Reduce memory load on the system
#   Increase physical memory or swap space
#   Check if swap backing store is full
#   Decrease Java heap size (-Xmx/-Xms)
#   Decrease number of Java threads
#   Decrease Java thread stack sizes (-Xss)
#   Set larger code cache with -XX:ReservedCodeCacheSize=
#   JVM is running with Unscaled Compressed Oops mode in which the Java heap is
#     placed in the first 4GB address space. The Java Heap base address is the
#     maximum limit for the native heap growth. Please use -XX:HeapBaseMinAddress
#     to set the Java Heap base and to place the Java Heap above 4GB virtual address.
# This output file may be truncated or incomplete.
#
#  Out of Memory Error (arena.cpp:168), pid=16952, tid=16508
#
# JRE version: OpenJDK Runtime Environment Temurin-21.0.5+11 (21.0.5+11) (build 21.0.5+11-LTS)
# Java VM: OpenJDK 64-Bit Server VM Temurin-21.0.5+11 (21.0.5+11-LTS, mixed mode, sharing, tiered, compressed oops, compressed class ptrs, g1 gc, windows-amd64)
# No core dump will be written. Minidumps are not enabled by default on client versions of Windows
#

---------------  S U M M A R Y ------------

Command Line: -Dfile.encoding=UTF-8 -Dstdout.encoding=UTF-8 -Dstderr.encoding=UTF-8 -XX:+ShowCodeDetailsInExceptionMessages com.blt.etud.etudPay.EtudPayApplication

Host: Intel(R) Core(TM) i5-6300U CPU @ 2.40GHz, 4 cores, 7G,  Windows 10 , 64 bit Build 19041 (10.0.19041.5794)
Time: Thu Jun 12 19:41:19 2025 Temps universel coordonné elapsed time: 8.224389 seconds (0d 0h 0m 8s)

---------------  T H R E A D  ---------------

Current thread (0x0000022feaa88510):  JavaThread "C2 CompilerThread0" daemon [_thread_in_native, id=16508, stack(0x000000857b500000,0x000000857b600000) (1024K)]


Current CompileTask:
C2:8224 2173       4       java.lang.invoke.MethodType::methodType (69 bytes)

Stack: [0x000000857b500000,0x000000857b600000]
Native frames: (J=compiled Java code, j=interpreted, Vv=VM code, C=native code)
V  [jvm.dll+0x6cd4e9]
V  [jvm.dll+0x8a7941]
V  [jvm.dll+0x8a9e6e]
V  [jvm.dll+0x8aa543]
V  [jvm.dll+0x27f6d6]
V  [jvm.dll+0xc500d]
V  [jvm.dll+0xc5543]
V  [jvm.dll+0x2f2a9d]
V  [jvm.dll+0x5f67ea]
V  [jvm.dll+0x250b82]
V  [jvm.dll+0x249506]
V  [jvm.dll+0x246ea4]
V  [jvm.dll+0x1c75ce]
V  [jvm.dll+0x25682a]
V  [jvm.dll+0x254dca]
V  [jvm.dll+0x3f00d6]
V  [jvm.dll+0x8514fb]
V  [jvm.dll+0x6cbbed]
C  [ucrtbase.dll+0x21bb2]
C  [KERNEL32.DLL+0x17374]
C  [ntdll.dll+0x4cc91]


---------------  P R O C E S S  ---------------

Threads class SMR info:
_java_thread_list=0x0000022fefc73130, length=15, elements={
0x0000022fd11d5980, 0x0000022feaa7c4c0, 0x0000022feaa7ea20, 0x0000022feaa7f670,
0x0000022feaa83880, 0x0000022feaa842d0, 0x0000022feaa84fa0, 0x0000022feaa88510,
0x0000022feaa8c4d0, 0x0000022fef1106c0, 0x0000022fef11aec0, 0x0000022fefc6b8b0,
0x0000022fefc413e0, 0x0000022ff02c0c40, 0x0000022ff067b400
}

Java Threads: ( => current thread )
  0x0000022fd11d5980 JavaThread "main"                              [_thread_blocked, id=12420, stack(0x000000857a700000,0x000000857a800000) (1024K)]
  0x0000022feaa7c4c0 JavaThread "Reference Handler"          daemon [_thread_blocked, id=14804, stack(0x000000857af00000,0x000000857b000000) (1024K)]
  0x0000022feaa7ea20 JavaThread "Finalizer"                  daemon [_thread_blocked, id=12008, stack(0x000000857b000000,0x000000857b100000) (1024K)]
  0x0000022feaa7f670 JavaThread "Signal Dispatcher"          daemon [_thread_blocked, id=16732, stack(0x000000857b100000,0x000000857b200000) (1024K)]
  0x0000022feaa83880 JavaThread "Attach Listener"            daemon [_thread_blocked, id=14232, stack(0x000000857b200000,0x000000857b300000) (1024K)]
  0x0000022feaa842d0 JavaThread "Service Thread"             daemon [_thread_blocked, id=15768, stack(0x000000857b300000,0x000000857b400000) (1024K)]
  0x0000022feaa84fa0 JavaThread "Monitor Deflation Thread"   daemon [_thread_blocked, id=15236, stack(0x000000857b400000,0x000000857b500000) (1024K)]
=>0x0000022feaa88510 JavaThread "C2 CompilerThread0"         daemon [_thread_in_native, id=16508, stack(0x000000857b500000,0x000000857b600000) (1024K)]
  0x0000022feaa8c4d0 JavaThread "C1 CompilerThread0"         daemon [_thread_in_native, id=14544, stack(0x000000857b600000,0x000000857b700000) (1024K)]
  0x0000022fef1106c0 JavaThread "Notification Thread"        daemon [_thread_blocked, id=3724, stack(0x000000857b700000,0x000000857b800000) (1024K)]
  0x0000022fef11aec0 JavaThread "Common-Cleaner"             daemon [_thread_blocked, id=10740, stack(0x000000857b800000,0x000000857b900000) (1024K)]
  0x0000022fefc6b8b0 JavaThread "Thread-0"                          [_thread_blocked, id=5340, stack(0x000000857bc00000,0x000000857bd00000) (1024K)]
  0x0000022fefc413e0 JavaThread "restartedMain"                     [_thread_in_Java, id=10596, stack(0x000000857bd00000,0x000000857be00000) (1024K)]
  0x0000022ff02c0c40 JavaThread "background-preinit"                [_thread_in_native, id=10380, stack(0x000000857be00000,0x000000857bf00000) (1024K)]
  0x0000022ff067b400 JavaThread "C2 CompilerThread1"         daemon [_thread_in_native, id=11816, stack(0x000000857bf00000,0x000000857c000000) (1024K)]
Total: 15

Other Threads:
  0x0000022feaa59830 VMThread "VM Thread"                           [id=17100, stack(0x000000857ae00000,0x000000857af00000) (1024K)]
  0x0000022feaa4aee0 WatcherThread "VM Periodic Task Thread"        [id=16032, stack(0x000000857ad00000,0x000000857ae00000) (1024K)]
  0x0000022fd335f120 WorkerThread "GC Thread#0"                     [id=16276, stack(0x000000857a800000,0x000000857a900000) (1024K)]
  0x0000022fef882740 WorkerThread "GC Thread#1"                     [id=14812, stack(0x000000857b900000,0x000000857ba00000) (1024K)]
  0x0000022fef882ae0 WorkerThread "GC Thread#2"                     [id=1896, stack(0x000000857ba00000,0x000000857bb00000) (1024K)]
  0x0000022fef7408a0 WorkerThread "GC Thread#3"                     [id=9624, stack(0x000000857bb00000,0x000000857bc00000) (1024K)]
  0x0000022fd336fd80 ConcurrentGCThread "G1 Main Marker"            [id=14252, stack(0x000000857a900000,0x000000857aa00000) (1024K)]
  0x0000022fd3370880 WorkerThread "G1 Conc#0"                       [id=14420, stack(0x000000857aa00000,0x000000857ab00000) (1024K)]
  0x0000022fd33ce590 ConcurrentGCThread "G1 Refine#0"               [id=15440, stack(0x000000857ab00000,0x000000857ac00000) (1024K)]
  0x0000022fea90ea30 ConcurrentGCThread "G1 Service"                [id=17080, stack(0x000000857ac00000,0x000000857ad00000) (1024K)]
Total: 10

Threads with active compile tasks:
C2 CompilerThread0  8322 2173       4       java.lang.invoke.MethodType::methodType (69 bytes)
C1 CompilerThread0  8322 2293   !   3       jdk.internal.reflect.DirectConstructorHandleAccessor::newInstance (130 bytes)
C2 CompilerThread1  8323 2240   !   4       java.net.URL::<init> (543 bytes)
Total: 3

VM state: not at safepoint (normal execution)

VM Mutex/Monitor currently owned by a thread: None

Heap address: 0x0000000081c00000, size: 2020 MB, Compressed Oops mode: 32-bit

CDS archive(s) mapped at: [0x0000022f80000000-0x0000022f80c80000-0x0000022f80c80000), size 13107200, SharedBaseAddress: 0x0000022f80000000, ArchiveRelocationMode: 1.
Compressed class space mapped at: 0x0000022f81000000-0x0000022fc1000000, reserved size: 1073741824
Narrow klass base: 0x0000022f80000000, Narrow klass shift: 0, Narrow klass range: 0x100000000

GC Precious Log:
 CardTable entry size: 512
 Card Set container configuration: InlinePtr #cards 5 size 8 Array Of Cards #cards 12 size 40 Howl #buckets 4 coarsen threshold 1843 Howl Bitmap #cards 512 size 80 coarsen threshold 460 Card regions per heap region 1 cards per card region 2048
 CPUs: 4 total, 4 available
 Memory: 8075M
 Large Page Support: Disabled
 NUMA Support: Disabled
 Compressed Oops: Enabled (32-bit)
 Heap Region Size: 1M
 Heap Min Capacity: 8M
 Heap Initial Capacity: 128M
 Heap Max Capacity: 2020M
 Pre-touch: Disabled
 Parallel Workers: 4
 Concurrent Workers: 1
 Concurrent Refinement Workers: 4
 Periodic GC: Disabled

Heap:
 garbage-first heap   total 131072K, used 13535K [0x0000000081c00000, 0x0000000100000000)
  region size 1024K, 8 young (8192K), 4 survivors (4096K)
 Metaspace       used 15189K, committed 15552K, reserved 1114112K
  class space    used 2001K, committed 2176K, reserved 1048576K

Heap Regions: E=young(eden), S=young(survivor), O=old, HS=humongous(starts), HC=humongous(continues), CS=collection set, F=free, TAMS=top-at-mark-start, PB=parsable bottom
|   0|0x0000000081c00000, 0x0000000081d00000, 0x0000000081d00000|100%|HS|  |TAMS 0x0000000081c00000| PB 0x0000000081c00000| Complete 
|   1|0x0000000081d00000, 0x0000000081e00000, 0x0000000081e00000|100%|HS|  |TAMS 0x0000000081d00000| PB 0x0000000081d00000| Complete 
|   2|0x0000000081e00000, 0x0000000081f00000, 0x0000000081f00000|100%| O|  |TAMS 0x0000000081e00000| PB 0x0000000081e00000| Untracked 
|   3|0x0000000081f00000, 0x0000000082000000, 0x0000000082000000|100%| O|  |TAMS 0x0000000081f00000| PB 0x0000000081f00000| Untracked 
|   4|0x0000000082000000, 0x0000000082100000, 0x0000000082100000|100%| O|  |TAMS 0x0000000082000000| PB 0x0000000082000000| Untracked 
|   5|0x0000000082100000, 0x0000000082200000, 0x0000000082200000|100%| O|  |TAMS 0x0000000082100000| PB 0x0000000082100000| Untracked 
|   6|0x0000000082200000, 0x00000000822ea190, 0x0000000082300000| 91%| O|  |TAMS 0x0000000082200000| PB 0x0000000082200000| Untracked 
|   7|0x0000000082300000, 0x0000000082300000, 0x0000000082400000|  0%| F|  |TAMS 0x0000000082300000| PB 0x0000000082300000| Untracked 
|   8|0x0000000082400000, 0x0000000082400000, 0x0000000082500000|  0%| F|  |TAMS 0x0000000082400000| PB 0x0000000082400000| Untracked 
|   9|0x0000000082500000, 0x0000000082500000, 0x0000000082600000|  0%| F|  |TAMS 0x0000000082500000| PB 0x0000000082500000| Untracked 
|  10|0x0000000082600000, 0x0000000082600000, 0x0000000082700000|  0%| F|  |TAMS 0x0000000082600000| PB 0x0000000082600000| Untracked 
|  11|0x0000000082700000, 0x0000000082700000, 0x0000000082800000|  0%| F|  |TAMS 0x0000000082700000| PB 0x0000000082700000| Untracked 
|  12|0x0000000082800000, 0x0000000082800000, 0x0000000082900000|  0%| F|  |TAMS 0x0000000082800000| PB 0x0000000082800000| Untracked 
|  13|0x0000000082900000, 0x0000000082900000, 0x0000000082a00000|  0%| F|  |TAMS 0x0000000082900000| PB 0x0000000082900000| Untracked 
|  14|0x0000000082a00000, 0x0000000082a00000, 0x0000000082b00000|  0%| F|  |TAMS 0x0000000082a00000| PB 0x0000000082a00000| Untracked 
|  15|0x0000000082b00000, 0x0000000082b00000, 0x0000000082c00000|  0%| F|  |TAMS 0x0000000082b00000| PB 0x0000000082b00000| Untracked 
|  16|0x0000000082c00000, 0x0000000082c00000, 0x0000000082d00000|  0%| F|  |TAMS 0x0000000082c00000| PB 0x0000000082c00000| Untracked 
|  17|0x0000000082d00000, 0x0000000082d00000, 0x0000000082e00000|  0%| F|  |TAMS 0x0000000082d00000| PB 0x0000000082d00000| Untracked 
|  18|0x0000000082e00000, 0x0000000082e00000, 0x0000000082f00000|  0%| F|  |TAMS 0x0000000082e00000| PB 0x0000000082e00000| Untracked 
|  19|0x0000000082f00000, 0x0000000082f00000, 0x0000000083000000|  0%| F|  |TAMS 0x0000000082f00000| PB 0x0000000082f00000| Untracked 
|  20|0x0000000083000000, 0x0000000083000000, 0x0000000083100000|  0%| F|  |TAMS 0x0000000083000000| PB 0x0000000083000000| Untracked 
|  21|0x0000000083100000, 0x0000000083100000, 0x0000000083200000|  0%| F|  |TAMS 0x0000000083100000| PB 0x0000000083100000| Untracked 
|  22|0x0000000083200000, 0x0000000083200000, 0x0000000083300000|  0%| F|  |TAMS 0x0000000083200000| PB 0x0000000083200000| Untracked 
|  23|0x0000000083300000, 0x0000000083300000, 0x0000000083400000|  0%| F|  |TAMS 0x0000000083300000| PB 0x0000000083300000| Untracked 
|  24|0x0000000083400000, 0x0000000083400000, 0x0000000083500000|  0%| F|  |TAMS 0x0000000083400000| PB 0x0000000083400000| Untracked 
|  25|0x0000000083500000, 0x0000000083500000, 0x0000000083600000|  0%| F|  |TAMS 0x0000000083500000| PB 0x0000000083500000| Untracked 
|  26|0x0000000083600000, 0x0000000083600000, 0x0000000083700000|  0%| F|  |TAMS 0x0000000083600000| PB 0x0000000083600000| Untracked 
|  27|0x0000000083700000, 0x0000000083700000, 0x0000000083800000|  0%| F|  |TAMS 0x0000000083700000| PB 0x0000000083700000| Untracked 
|  28|0x0000000083800000, 0x0000000083800000, 0x0000000083900000|  0%| F|  |TAMS 0x0000000083800000| PB 0x0000000083800000| Untracked 
|  29|0x0000000083900000, 0x0000000083900000, 0x0000000083a00000|  0%| F|  |TAMS 0x0000000083900000| PB 0x0000000083900000| Untracked 
|  30|0x0000000083a00000, 0x0000000083a00000, 0x0000000083b00000|  0%| F|  |TAMS 0x0000000083a00000| PB 0x0000000083a00000| Untracked 
|  31|0x0000000083b00000, 0x0000000083b00000, 0x0000000083c00000|  0%| F|  |TAMS 0x0000000083b00000| PB 0x0000000083b00000| Untracked 
|  32|0x0000000083c00000, 0x0000000083c00000, 0x0000000083d00000|  0%| F|  |TAMS 0x0000000083c00000| PB 0x0000000083c00000| Untracked 
|  33|0x0000000083d00000, 0x0000000083d00000, 0x0000000083e00000|  0%| F|  |TAMS 0x0000000083d00000| PB 0x0000000083d00000| Untracked 
|  34|0x0000000083e00000, 0x0000000083e00000, 0x0000000083f00000|  0%| F|  |TAMS 0x0000000083e00000| PB 0x0000000083e00000| Untracked 
|  35|0x0000000083f00000, 0x0000000083f00000, 0x0000000084000000|  0%| F|  |TAMS 0x0000000083f00000| PB 0x0000000083f00000| Untracked 
|  36|0x0000000084000000, 0x0000000084000000, 0x0000000084100000|  0%| F|  |TAMS 0x0000000084000000| PB 0x0000000084000000| Untracked 
|  37|0x0000000084100000, 0x0000000084100000, 0x0000000084200000|  0%| F|  |TAMS 0x0000000084100000| PB 0x0000000084100000| Untracked 
|  38|0x0000000084200000, 0x0000000084200000, 0x0000000084300000|  0%| F|  |TAMS 0x0000000084200000| PB 0x0000000084200000| Untracked 
|  39|0x0000000084300000, 0x0000000084300000, 0x0000000084400000|  0%| F|  |TAMS 0x0000000084300000| PB 0x0000000084300000| Untracked 
|  40|0x0000000084400000, 0x0000000084400000, 0x0000000084500000|  0%| F|  |TAMS 0x0000000084400000| PB 0x0000000084400000| Untracked 
|  41|0x0000000084500000, 0x0000000084500000, 0x0000000084600000|  0%| F|  |TAMS 0x0000000084500000| PB 0x0000000084500000| Untracked 
|  42|0x0000000084600000, 0x0000000084600000, 0x0000000084700000|  0%| F|  |TAMS 0x0000000084600000| PB 0x0000000084600000| Untracked 
|  43|0x0000000084700000, 0x0000000084700000, 0x0000000084800000|  0%| F|  |TAMS 0x0000000084700000| PB 0x0000000084700000| Untracked 
|  44|0x0000000084800000, 0x0000000084800000, 0x0000000084900000|  0%| F|  |TAMS 0x0000000084800000| PB 0x0000000084800000| Untracked 
|  45|0x0000000084900000, 0x0000000084900000, 0x0000000084a00000|  0%| F|  |TAMS 0x0000000084900000| PB 0x0000000084900000| Untracked 
|  46|0x0000000084a00000, 0x0000000084a00000, 0x0000000084b00000|  0%| F|  |TAMS 0x0000000084a00000| PB 0x0000000084a00000| Untracked 
|  47|0x0000000084b00000, 0x0000000084b00000, 0x0000000084c00000|  0%| F|  |TAMS 0x0000000084b00000| PB 0x0000000084b00000| Untracked 
|  48|0x0000000084c00000, 0x0000000084c00000, 0x0000000084d00000|  0%| F|  |TAMS 0x0000000084c00000| PB 0x0000000084c00000| Untracked 
|  49|0x0000000084d00000, 0x0000000084d00000, 0x0000000084e00000|  0%| F|  |TAMS 0x0000000084d00000| PB 0x0000000084d00000| Untracked 
|  50|0x0000000084e00000, 0x0000000084e00000, 0x0000000084f00000|  0%| F|  |TAMS 0x0000000084e00000| PB 0x0000000084e00000| Untracked 
|  51|0x0000000084f00000, 0x0000000084f00000, 0x0000000085000000|  0%| F|  |TAMS 0x0000000084f00000| PB 0x0000000084f00000| Untracked 
|  52|0x0000000085000000, 0x0000000085000000, 0x0000000085100000|  0%| F|  |TAMS 0x0000000085000000| PB 0x0000000085000000| Untracked 
|  53|0x0000000085100000, 0x0000000085100000, 0x0000000085200000|  0%| F|  |TAMS 0x0000000085100000| PB 0x0000000085100000| Untracked 
|  54|0x0000000085200000, 0x0000000085200000, 0x0000000085300000|  0%| F|  |TAMS 0x0000000085200000| PB 0x0000000085200000| Untracked 
|  55|0x0000000085300000, 0x0000000085300000, 0x0000000085400000|  0%| F|  |TAMS 0x0000000085300000| PB 0x0000000085300000| Untracked 
|  56|0x0000000085400000, 0x0000000085400000, 0x0000000085500000|  0%| F|  |TAMS 0x0000000085400000| PB 0x0000000085400000| Untracked 
|  57|0x0000000085500000, 0x0000000085500000, 0x0000000085600000|  0%| F|  |TAMS 0x0000000085500000| PB 0x0000000085500000| Untracked 
|  58|0x0000000085600000, 0x0000000085600000, 0x0000000085700000|  0%| F|  |TAMS 0x0000000085600000| PB 0x0000000085600000| Untracked 
|  59|0x0000000085700000, 0x0000000085700000, 0x0000000085800000|  0%| F|  |TAMS 0x0000000085700000| PB 0x0000000085700000| Untracked 
|  60|0x0000000085800000, 0x0000000085800000, 0x0000000085900000|  0%| F|  |TAMS 0x0000000085800000| PB 0x0000000085800000| Untracked 
|  61|0x0000000085900000, 0x0000000085900000, 0x0000000085a00000|  0%| F|  |TAMS 0x0000000085900000| PB 0x0000000085900000| Untracked 
|  62|0x0000000085a00000, 0x0000000085a00000, 0x0000000085b00000|  0%| F|  |TAMS 0x0000000085a00000| PB 0x0000000085a00000| Untracked 
|  63|0x0000000085b00000, 0x0000000085b00000, 0x0000000085c00000|  0%| F|  |TAMS 0x0000000085b00000| PB 0x0000000085b00000| Untracked 
|  64|0x0000000085c00000, 0x0000000085c00000, 0x0000000085d00000|  0%| F|  |TAMS 0x0000000085c00000| PB 0x0000000085c00000| Untracked 
|  65|0x0000000085d00000, 0x0000000085d00000, 0x0000000085e00000|  0%| F|  |TAMS 0x0000000085d00000| PB 0x0000000085d00000| Untracked 
|  66|0x0000000085e00000, 0x0000000085e00000, 0x0000000085f00000|  0%| F|  |TAMS 0x0000000085e00000| PB 0x0000000085e00000| Untracked 
|  67|0x0000000085f00000, 0x0000000085f00000, 0x0000000086000000|  0%| F|  |TAMS 0x0000000085f00000| PB 0x0000000085f00000| Untracked 
|  68|0x0000000086000000, 0x0000000086000000, 0x0000000086100000|  0%| F|  |TAMS 0x0000000086000000| PB 0x0000000086000000| Untracked 
|  69|0x0000000086100000, 0x0000000086100000, 0x0000000086200000|  0%| F|  |TAMS 0x0000000086100000| PB 0x0000000086100000| Untracked 
|  70|0x0000000086200000, 0x0000000086200000, 0x0000000086300000|  0%| F|  |TAMS 0x0000000086200000| PB 0x0000000086200000| Untracked 
|  71|0x0000000086300000, 0x0000000086300000, 0x0000000086400000|  0%| F|  |TAMS 0x0000000086300000| PB 0x0000000086300000| Untracked 
|  72|0x0000000086400000, 0x0000000086400000, 0x0000000086500000|  0%| F|  |TAMS 0x0000000086400000| PB 0x0000000086400000| Untracked 
|  73|0x0000000086500000, 0x0000000086500000, 0x0000000086600000|  0%| F|  |TAMS 0x0000000086500000| PB 0x0000000086500000| Untracked 
|  74|0x0000000086600000, 0x0000000086600000, 0x0000000086700000|  0%| F|  |TAMS 0x0000000086600000| PB 0x0000000086600000| Untracked 
|  75|0x0000000086700000, 0x0000000086700000, 0x0000000086800000|  0%| F|  |TAMS 0x0000000086700000| PB 0x0000000086700000| Untracked 
|  76|0x0000000086800000, 0x0000000086800000, 0x0000000086900000|  0%| F|  |TAMS 0x0000000086800000| PB 0x0000000086800000| Untracked 
|  77|0x0000000086900000, 0x0000000086900000, 0x0000000086a00000|  0%| F|  |TAMS 0x0000000086900000| PB 0x0000000086900000| Untracked 
|  78|0x0000000086a00000, 0x0000000086a00000, 0x0000000086b00000|  0%| F|  |TAMS 0x0000000086a00000| PB 0x0000000086a00000| Untracked 
|  79|0x0000000086b00000, 0x0000000086b00000, 0x0000000086c00000|  0%| F|  |TAMS 0x0000000086b00000| PB 0x0000000086b00000| Untracked 
|  80|0x0000000086c00000, 0x0000000086c00000, 0x0000000086d00000|  0%| F|  |TAMS 0x0000000086c00000| PB 0x0000000086c00000| Untracked 
|  81|0x0000000086d00000, 0x0000000086d00000, 0x0000000086e00000|  0%| F|  |TAMS 0x0000000086d00000| PB 0x0000000086d00000| Untracked 
|  82|0x0000000086e00000, 0x0000000086e00000, 0x0000000086f00000|  0%| F|  |TAMS 0x0000000086e00000| PB 0x0000000086e00000| Untracked 
|  83|0x0000000086f00000, 0x0000000086f00000, 0x0000000087000000|  0%| F|  |TAMS 0x0000000086f00000| PB 0x0000000086f00000| Untracked 
|  84|0x0000000087000000, 0x0000000087000000, 0x0000000087100000|  0%| F|  |TAMS 0x0000000087000000| PB 0x0000000087000000| Untracked 
|  85|0x0000000087100000, 0x0000000087100000, 0x0000000087200000|  0%| F|  |TAMS 0x0000000087100000| PB 0x0000000087100000| Untracked 
|  86|0x0000000087200000, 0x0000000087200000, 0x0000000087300000|  0%| F|  |TAMS 0x0000000087200000| PB 0x0000000087200000| Untracked 
|  87|0x0000000087300000, 0x0000000087300000, 0x0000000087400000|  0%| F|  |TAMS 0x0000000087300000| PB 0x0000000087300000| Untracked 
|  88|0x0000000087400000, 0x0000000087400000, 0x0000000087500000|  0%| F|  |TAMS 0x0000000087400000| PB 0x0000000087400000| Untracked 
|  89|0x0000000087500000, 0x0000000087500000, 0x0000000087600000|  0%| F|  |TAMS 0x0000000087500000| PB 0x0000000087500000| Untracked 
|  90|0x0000000087600000, 0x000000008764db80, 0x0000000087700000| 30%| S|CS|TAMS 0x0000000087600000| PB 0x0000000087600000| Complete 
|  91|0x0000000087700000, 0x0000000087800000, 0x0000000087800000|100%| S|CS|TAMS 0x0000000087700000| PB 0x0000000087700000| Complete 
|  92|0x0000000087800000, 0x0000000087900000, 0x0000000087900000|100%| S|CS|TAMS 0x0000000087800000| PB 0x0000000087800000| Complete 
|  93|0x0000000087900000, 0x0000000087a00000, 0x0000000087a00000|100%| S|CS|TAMS 0x0000000087900000| PB 0x0000000087900000| Complete 
|  94|0x0000000087a00000, 0x0000000087a00000, 0x0000000087b00000|  0%| F|  |TAMS 0x0000000087a00000| PB 0x0000000087a00000| Untracked 
|  95|0x0000000087b00000, 0x0000000087b00000, 0x0000000087c00000|  0%| F|  |TAMS 0x0000000087b00000| PB 0x0000000087b00000| Untracked 
|  96|0x0000000087c00000, 0x0000000087c00000, 0x0000000087d00000|  0%| F|  |TAMS 0x0000000087c00000| PB 0x0000000087c00000| Untracked 
|  97|0x0000000087d00000, 0x0000000087d00000, 0x0000000087e00000|  0%| F|  |TAMS 0x0000000087d00000| PB 0x0000000087d00000| Untracked 
|  98|0x0000000087e00000, 0x0000000087e00000, 0x0000000087f00000|  0%| F|  |TAMS 0x0000000087e00000| PB 0x0000000087e00000| Untracked 
|  99|0x0000000087f00000, 0x0000000087f00000, 0x0000000088000000|  0%| F|  |TAMS 0x0000000087f00000| PB 0x0000000087f00000| Untracked 
| 100|0x0000000088000000, 0x0000000088000000, 0x0000000088100000|  0%| F|  |TAMS 0x0000000088000000| PB 0x0000000088000000| Untracked 
| 101|0x0000000088100000, 0x0000000088100000, 0x0000000088200000|  0%| F|  |TAMS 0x0000000088100000| PB 0x0000000088100000| Untracked 
| 102|0x0000000088200000, 0x0000000088200000, 0x0000000088300000|  0%| F|  |TAMS 0x0000000088200000| PB 0x0000000088200000| Untracked 
| 103|0x0000000088300000, 0x0000000088300000, 0x0000000088400000|  0%| F|  |TAMS 0x0000000088300000| PB 0x0000000088300000| Untracked 
| 104|0x0000000088400000, 0x0000000088400000, 0x0000000088500000|  0%| F|  |TAMS 0x0000000088400000| PB 0x0000000088400000| Untracked 
| 105|0x0000000088500000, 0x0000000088500000, 0x0000000088600000|  0%| F|  |TAMS 0x0000000088500000| PB 0x0000000088500000| Untracked 
| 106|0x0000000088600000, 0x0000000088600000, 0x0000000088700000|  0%| F|  |TAMS 0x0000000088600000| PB 0x0000000088600000| Untracked 
| 107|0x0000000088700000, 0x0000000088700000, 0x0000000088800000|  0%| F|  |TAMS 0x0000000088700000| PB 0x0000000088700000| Untracked 
| 108|0x0000000088800000, 0x0000000088800000, 0x0000000088900000|  0%| F|  |TAMS 0x0000000088800000| PB 0x0000000088800000| Untracked 
| 109|0x0000000088900000, 0x0000000088900000, 0x0000000088a00000|  0%| F|  |TAMS 0x0000000088900000| PB 0x0000000088900000| Untracked 
| 110|0x0000000088a00000, 0x0000000088a00000, 0x0000000088b00000|  0%| F|  |TAMS 0x0000000088a00000| PB 0x0000000088a00000| Untracked 
| 111|0x0000000088b00000, 0x0000000088b00000, 0x0000000088c00000|  0%| F|  |TAMS 0x0000000088b00000| PB 0x0000000088b00000| Untracked 
| 112|0x0000000088c00000, 0x0000000088c00000, 0x0000000088d00000|  0%| F|  |TAMS 0x0000000088c00000| PB 0x0000000088c00000| Untracked 
| 113|0x0000000088d00000, 0x0000000088d00000, 0x0000000088e00000|  0%| F|  |TAMS 0x0000000088d00000| PB 0x0000000088d00000| Untracked 
| 114|0x0000000088e00000, 0x0000000088e00000, 0x0000000088f00000|  0%| F|  |TAMS 0x0000000088e00000| PB 0x0000000088e00000| Untracked 
| 115|0x0000000088f00000, 0x0000000088f00000, 0x0000000089000000|  0%| F|  |TAMS 0x0000000088f00000| PB 0x0000000088f00000| Untracked 
| 116|0x0000000089000000, 0x0000000089000000, 0x0000000089100000|  0%| F|  |TAMS 0x0000000089000000| PB 0x0000000089000000| Untracked 
| 117|0x0000000089100000, 0x0000000089100000, 0x0000000089200000|  0%| F|  |TAMS 0x0000000089100000| PB 0x0000000089100000| Untracked 
| 118|0x0000000089200000, 0x0000000089200000, 0x0000000089300000|  0%| F|  |TAMS 0x0000000089200000| PB 0x0000000089200000| Untracked 
| 119|0x0000000089300000, 0x0000000089300000, 0x0000000089400000|  0%| F|  |TAMS 0x0000000089300000| PB 0x0000000089300000| Untracked 
| 120|0x0000000089400000, 0x0000000089400000, 0x0000000089500000|  0%| F|  |TAMS 0x0000000089400000| PB 0x0000000089400000| Untracked 
| 121|0x0000000089500000, 0x0000000089500000, 0x0000000089600000|  0%| F|  |TAMS 0x0000000089500000| PB 0x0000000089500000| Untracked 
| 122|0x0000000089600000, 0x0000000089600000, 0x0000000089700000|  0%| F|  |TAMS 0x0000000089600000| PB 0x0000000089600000| Untracked 
| 123|0x0000000089700000, 0x0000000089700000, 0x0000000089800000|  0%| F|  |TAMS 0x0000000089700000| PB 0x0000000089700000| Untracked 
| 124|0x0000000089800000, 0x00000000898ccc68, 0x0000000089900000| 79%| E|  |TAMS 0x0000000089800000| PB 0x0000000089800000| Complete 
| 125|0x0000000089900000, 0x0000000089a00000, 0x0000000089a00000|100%| E|CS|TAMS 0x0000000089900000| PB 0x0000000089900000| Complete 
| 126|0x0000000089a00000, 0x0000000089b00000, 0x0000000089b00000|100%| E|CS|TAMS 0x0000000089a00000| PB 0x0000000089a00000| Complete 
| 127|0x0000000089b00000, 0x0000000089c00000, 0x0000000089c00000|100%| E|CS|TAMS 0x0000000089b00000| PB 0x0000000089b00000| Complete 

Card table byte_map: [0x0000022fe6220000,0x0000022fe6620000] _byte_map_base: 0x0000022fe5e12000

Marking Bits: (CMBitMap*) 0x0000022fd335f820
 Bits: [0x0000022fe6620000, 0x0000022fe85b0000)

Polling page: 0x0000022fd2ad0000

Metaspace:

Usage:
  Non-class:     12.99 MB used.
      Class:      1.97 MB used.
       Both:     14.96 MB used.

Virtual space:
  Non-class space:       64.00 MB reserved,      13.19 MB ( 21%) committed,  1 nodes.
      Class space:        1.00 GB reserved,       2.12 MB ( <1%) committed,  1 nodes.
             Both:        1.06 GB reserved,      15.31 MB (  1%) committed. 

Chunk freelists:
   Non-Class:  2.06 MB
       Class:  13.69 MB
        Both:  15.75 MB

MaxMetaspaceSize: unlimited
CompressedClassSpaceSize: 1.00 GB
Initial GC threshold: 21.00 MB
Current GC threshold: 21.00 MB
CDS: on
 - commit_granule_bytes: 65536.
 - commit_granule_words: 8192.
 - virtual_space_node_default_size: 8388608.
 - enlarge_chunks_in_place: 1.
 - use_allocation_guard: 0.


Internal statistics:

num_allocs_failed_limit: 0.
num_arena_births: 390.
num_arena_deaths: 0.
num_vsnodes_births: 2.
num_vsnodes_deaths: 0.
num_space_committed: 245.
num_space_uncommitted: 0.
num_chunks_returned_to_freelist: 0.
num_chunks_taken_from_freelist: 966.
num_chunk_merges: 0.
num_chunk_splits: 597.
num_chunks_enlarged: 378.
num_inconsistent_stats: 0.

CodeHeap 'non-profiled nmethods': size=120000Kb used=831Kb max_used=831Kb free=119169Kb
 bounds [0x0000022fde8f0000, 0x0000022fdeb60000, 0x0000022fe5e20000]
CodeHeap 'profiled nmethods': size=120000Kb used=4304Kb max_used=4304Kb free=115696Kb
 bounds [0x0000022fd6e20000, 0x0000022fd7260000, 0x0000022fde350000]
CodeHeap 'non-nmethods': size=5760Kb used=1412Kb max_used=1443Kb free=4347Kb
 bounds [0x0000022fde350000, 0x0000022fde5c0000, 0x0000022fde8f0000]
 total_blobs=2803 nmethods=2301 adapters=406
 compilation: enabled
              stopped_count=0, restarted_count=0
 full_count=0

Compilation events (20 events):
Event: 8.202 Thread 0x0000022feaa8c4d0 nmethod 2247 0x0000022fd7230010 code [0x0000022fd72301c0, 0x0000022fd72303c8]
Event: 8.202 Thread 0x0000022feaa8c4d0 2248       3       sun.reflect.annotation.AnnotationParser::toClass (34 bytes)
Event: 8.203 Thread 0x0000022feaa8c4d0 nmethod 2248 0x0000022fd7230490 code [0x0000022fd72306e0, 0x0000022fd7231218]
Event: 8.204 Thread 0x0000022feaa8c4d0 2249       1       sun.reflect.annotation.AnnotationType::memberTypes (5 bytes)
Event: 8.205 Thread 0x0000022feaa8c4d0 nmethod 2249 0x0000022fde9be410 code [0x0000022fde9be5a0, 0x0000022fde9be668]
Event: 8.205 Thread 0x0000022feaa8c4d0 2251       3       java.util.HashMap$HashIterator::<init> (79 bytes)
Event: 8.206 Thread 0x0000022feaa8c4d0 nmethod 2251 0x0000022fd7231490 code [0x0000022fd7231660, 0x0000022fd7231a58]
Event: 8.206 Thread 0x0000022feaa8c4d0 2250       1       sun.reflect.annotation.AnnotationType::memberDefaults (5 bytes)
Event: 8.207 Thread 0x0000022feaa8c4d0 nmethod 2250 0x0000022fde9be710 code [0x0000022fde9be8a0, 0x0000022fde9be968]
Event: 8.207 Thread 0x0000022feaa8c4d0 2252       3       java.lang.invoke.LambdaFormEditor$TransformKey::packedBytes (37 bytes)
Event: 8.207 Thread 0x0000022feaa8c4d0 nmethod 2252 0x0000022fd7231b90 code [0x0000022fd7231d20, 0x0000022fd7231e30]
Event: 8.208 Thread 0x0000022feaa8c4d0 2253       3       java.lang.System$2::getAnnotationType (5 bytes)
Event: 8.208 Thread 0x0000022feaa8c4d0 nmethod 2253 0x0000022fd7231e90 code [0x0000022fd7232020, 0x0000022fd7232150]
Event: 8.208 Thread 0x0000022feaa8c4d0 2254       1       sun.reflect.annotation.AnnotationType::retention (5 bytes)
Event: 8.209 Thread 0x0000022feaa8c4d0 nmethod 2254 0x0000022fde9bea10 code [0x0000022fde9beba0, 0x0000022fde9bec68]
Event: 8.209 Thread 0x0000022feaa8c4d0 2255       1       org.springframework.util.ConcurrentReferenceHashMap::getLoadFactor (5 bytes)
Event: 8.209 Thread 0x0000022feaa8c4d0 nmethod 2255 0x0000022fde9bed10 code [0x0000022fde9beea0, 0x0000022fde9bef68]
Event: 8.219 Thread 0x0000022feaa8c4d0 2257       1       java.util.Collections$EmptySet::size (2 bytes)
Event: 8.219 Thread 0x0000022feaa8c4d0 nmethod 2257 0x0000022fde9bf010 code [0x0000022fde9bf1a0, 0x0000022fde9bf268]
Event: 8.219 Thread 0x0000022feaa8c4d0 2258       3       sun.reflect.annotation.AnnotationParser::toArray (18 bytes)

GC Heap History (6 events):
Event: 3.721 GC heap before
{Heap before GC invocations=0 (full 0):
 garbage-first heap   total 131072K, used 15360K [0x0000000081c00000, 0x0000000100000000)
  region size 1024K, 13 young (13312K), 0 survivors (0K)
 Metaspace       used 2983K, committed 3136K, reserved 1114112K
  class space    used 310K, committed 384K, reserved 1048576K
}
Event: 3.736 GC heap after
{Heap after GC invocations=1 (full 0):
 garbage-first heap   total 131072K, used 7189K [0x0000000081c00000, 0x0000000100000000)
  region size 1024K, 2 young (2048K), 2 survivors (2048K)
 Metaspace       used 2983K, committed 3136K, reserved 1114112K
  class space    used 310K, committed 384K, reserved 1048576K
}
Event: 4.969 GC heap before
{Heap before GC invocations=1 (full 0):
 garbage-first heap   total 131072K, used 19477K [0x0000000081c00000, 0x0000000100000000)
  region size 1024K, 14 young (14336K), 2 survivors (2048K)
 Metaspace       used 6080K, committed 6272K, reserved 1114112K
  class space    used 694K, committed 768K, reserved 1048576K
}
Event: 4.978 GC heap after
{Heap after GC invocations=2 (full 0):
 garbage-first heap   total 131072K, used 7995K [0x0000000081c00000, 0x0000000100000000)
  region size 1024K, 1 young (1024K), 1 survivors (1024K)
 Metaspace       used 6080K, committed 6272K, reserved 1114112K
  class space    used 694K, committed 768K, reserved 1048576K
}
Event: 8.070 GC heap before
{Heap before GC invocations=2 (full 0):
 garbage-first heap   total 131072K, used 40763K [0x0000000081c00000, 0x0000000100000000)
  region size 1024K, 34 young (34816K), 1 survivors (1024K)
 Metaspace       used 14561K, committed 14848K, reserved 1114112K
  class space    used 1945K, committed 2048K, reserved 1048576K
}
Event: 8.084 GC heap after
{Heap after GC invocations=3 (full 0):
 garbage-first heap   total 131072K, used 10463K [0x0000000081c00000, 0x0000000100000000)
  region size 1024K, 4 young (4096K), 4 survivors (4096K)
 Metaspace       used 14561K, committed 14848K, reserved 1114112K
  class space    used 1945K, committed 2048K, reserved 1048576K
}

Dll operation events (8 events):
Event: 0.036 Loaded shared library C:\Users\DELL\Downloads\Logiciel\eclipse-java-2024-12-R-win32-x86_64\eclipse\plugins\org.eclipse.justj.openjdk.hotspot.jre.full.win32.x86_64_21.0.5.v20241023-1957\jre\bin\java.dll
Event: 0.874 Loaded shared library C:\Users\DELL\Downloads\Logiciel\eclipse-java-2024-12-R-win32-x86_64\eclipse\plugins\org.eclipse.justj.openjdk.hotspot.jre.full.win32.x86_64_21.0.5.v20241023-1957\jre\bin\zip.dll
Event: 1.658 Loaded shared library C:\Users\DELL\Downloads\Logiciel\eclipse-java-2024-12-R-win32-x86_64\eclipse\plugins\org.eclipse.justj.openjdk.hotspot.jre.full.win32.x86_64_21.0.5.v20241023-1957\jre\bin\net.dll
Event: 1.671 Loaded shared library C:\Users\DELL\Downloads\Logiciel\eclipse-java-2024-12-R-win32-x86_64\eclipse\plugins\org.eclipse.justj.openjdk.hotspot.jre.full.win32.x86_64_21.0.5.v20241023-1957\jre\bin\nio.dll
Event: 1.684 Loaded shared library C:\Users\DELL\Downloads\Logiciel\eclipse-java-2024-12-R-win32-x86_64\eclipse\plugins\org.eclipse.justj.openjdk.hotspot.jre.full.win32.x86_64_21.0.5.v20241023-1957\jre\bin\zip.dll
Event: 2.645 Loaded shared library C:\Users\DELL\Downloads\Logiciel\eclipse-java-2024-12-R-win32-x86_64\eclipse\plugins\org.eclipse.justj.openjdk.hotspot.jre.full.win32.x86_64_21.0.5.v20241023-1957\jre\bin\jimage.dll
Event: 4.039 Loaded shared library C:\Users\DELL\Downloads\Logiciel\eclipse-java-2024-12-R-win32-x86_64\eclipse\plugins\org.eclipse.justj.openjdk.hotspot.jre.full.win32.x86_64_21.0.5.v20241023-1957\jre\bin\management.dll
Event: 4.061 Loaded shared library C:\Users\DELL\Downloads\Logiciel\eclipse-java-2024-12-R-win32-x86_64\eclipse\plugins\org.eclipse.justj.openjdk.hotspot.jre.full.win32.x86_64_21.0.5.v20241023-1957\jre\bin\management_ext.dll

Deoptimization events (20 events):
Event: 7.944 Thread 0x0000022fefc413e0 Uncommon trap: trap_request=0xffffff45 fr.pc=0x0000022fde922ee0 relative=0x00000000000001a0
Event: 7.944 Thread 0x0000022fefc413e0 Uncommon trap: reason=unstable_if action=reinterpret pc=0x0000022fde922ee0 method=java.util.zip.ZipCoder.hash(Ljava/lang/String;)I @ 23 c2
Event: 7.944 Thread 0x0000022fefc413e0 DEOPT PACKING pc=0x0000022fde922ee0 sp=0x000000857bdfe060
Event: 7.944 Thread 0x0000022fefc413e0 DEOPT UNPACKING pc=0x0000022fde3a46a2 sp=0x000000857bdfdfe8 mode 2
Event: 7.944 Thread 0x0000022fefc413e0 Uncommon trap: trap_request=0xffffff45 fr.pc=0x0000022fde957164 relative=0x00000000000015a4
Event: 7.944 Thread 0x0000022fefc413e0 Uncommon trap: reason=unstable_if action=reinterpret pc=0x0000022fde957164 method=java.util.zip.ZipCoder.hash(Ljava/lang/String;)I @ 23 c2
Event: 7.944 Thread 0x0000022fefc413e0 DEOPT PACKING pc=0x0000022fde957164 sp=0x000000857bdfe100
Event: 7.945 Thread 0x0000022fefc413e0 DEOPT UNPACKING pc=0x0000022fde3a46a2 sp=0x000000857bdfdf58 mode 2
Event: 7.959 Thread 0x0000022fefc413e0 Uncommon trap: trap_request=0xffffff45 fr.pc=0x0000022fde905774 relative=0x0000000000000054
Event: 7.960 Thread 0x0000022fefc413e0 Uncommon trap: reason=unstable_if action=reinterpret pc=0x0000022fde905774 method=sun.nio.fs.WindowsPathParser.isSlash(C)Z @ 9 c2
Event: 7.960 Thread 0x0000022fefc413e0 DEOPT PACKING pc=0x0000022fde905774 sp=0x000000857bdfe240
Event: 7.961 Thread 0x0000022fefc413e0 DEOPT UNPACKING pc=0x0000022fde3a46a2 sp=0x000000857bdfe1c8 mode 2
Event: 7.999 Thread 0x0000022ff02c0c40 Uncommon trap: trap_request=0xffffff45 fr.pc=0x0000022fde989838 relative=0x0000000000000278
Event: 7.999 Thread 0x0000022ff02c0c40 Uncommon trap: reason=unstable_if action=reinterpret pc=0x0000022fde989838 method=java.util.concurrent.ConcurrentHashMap.get(Ljava/lang/Object;)Ljava/lang/Object; @ 76 c2
Event: 7.999 Thread 0x0000022ff02c0c40 DEOPT PACKING pc=0x0000022fde989838 sp=0x000000857befd9a0
Event: 7.999 Thread 0x0000022ff02c0c40 DEOPT UNPACKING pc=0x0000022fde3a46a2 sp=0x000000857befd918 mode 2
Event: 8.099 Thread 0x0000022ff02c0c40 DEOPT PACKING pc=0x0000022fd70024da sp=0x000000857befd200
Event: 8.099 Thread 0x0000022ff02c0c40 DEOPT UNPACKING pc=0x0000022fde3a4e42 sp=0x000000857befc690 mode 0
Event: 8.105 Thread 0x0000022ff02c0c40 DEOPT PACKING pc=0x0000022fd70024da sp=0x000000857befb720
Event: 8.105 Thread 0x0000022ff02c0c40 DEOPT UNPACKING pc=0x0000022fde3a4e42 sp=0x000000857befabb0 mode 0

Classes loaded (20 events):
Event: 8.053 Loading class java/nio/channels/spi/AbstractSelectableChannel
Event: 8.054 Loading class java/nio/channels/SelectableChannel
Event: 8.054 Loading class java/nio/channels/SelectableChannel done
Event: 8.054 Loading class java/nio/channels/spi/AbstractSelectableChannel done
Event: 8.054 Loading class java/nio/channels/SocketChannel done
Event: 8.054 Loading class sun/nio/ch/SocketChannelImpl done
Event: 8.054 Loading class sun/nio/ch/ChannelInputStream
Event: 8.055 Loading class sun/nio/ch/ChannelInputStream done
Event: 8.065 Loading class sun/nio/ch/NativeThread
Event: 8.065 Loading class sun/nio/ch/NativeThread done
Event: 8.065 Loading class sun/nio/ch/IOStatus
Event: 8.065 Loading class sun/nio/ch/IOStatus done
Event: 8.065 Loading class sun/nio/ch/Util
Event: 8.066 Loading class sun/nio/ch/Util done
Event: 8.066 Loading class sun/nio/ch/Util$1
Event: 8.066 Loading class sun/nio/ch/Util$1 done
Event: 8.067 Loading class sun/nio/ch/Util$BufferCache
Event: 8.067 Loading class sun/nio/ch/Util$BufferCache done
Event: 8.067 Loading class java/nio/DirectByteBuffer$Deallocator
Event: 8.068 Loading class java/nio/DirectByteBuffer$Deallocator done

Classes unloaded (0 events):
No events

Classes redefined (0 events):
No events

Internal exceptions (20 events):
Event: 5.652 Thread 0x0000022fefc413e0 Exception <a 'java/lang/NoSuchMethodError'{0x00000000896f4e88}: 'int java.lang.invoke.DirectMethodHandle$Holder.invokeStatic(java.lang.Object, long)'> (0x00000000896f4e88) 
thrown [s\src\hotspot\share\interpreter\linkResolver.cpp, line 773]
Event: 5.661 Thread 0x0000022fefc413e0 Exception <a 'java/lang/NoSuchMethodError'{0x0000000089517760}: 'int java.lang.invoke.Invokers$Holder.linkToTargetMethod(java.lang.Object, java.lang.Object)'> (0x0000000089517760) 
thrown [s\src\hotspot\share\interpreter\linkResolver.cpp, line 773]
Event: 5.728 Thread 0x0000022fefc413e0 Exception <a 'java/lang/NoSuchMethodError'{0x00000000895930b0}: 'java.lang.Object java.lang.invoke.DirectMethodHandle$Holder.invokeSpecial(java.lang.Object, java.lang.Object, java.lang.Object, int, java.lang.Object)'> (0x00000000895930b0) 
thrown [s\src\hotspot\share\interpreter\linkResolver.cpp, line 773]
Event: 5.731 Thread 0x0000022fefc413e0 Exception <a 'java/lang/NoSuchMethodError'{0x000000008959aa78}: 'java.lang.Object java.lang.invoke.DirectMethodHandle$Holder.newInvokeSpecial(java.lang.Object, java.lang.Object, java.lang.Object, int, java.lang.Object)'> (0x000000008959aa78) 
thrown [s\src\hotspot\share\interpreter\linkResolver.cpp, line 773]
Event: 5.732 Thread 0x0000022fefc413e0 Exception <a 'java/lang/NoSuchMethodError'{0x00000000895a2288}: 'java.lang.Object java.lang.invoke.Invokers$Holder.linkToTargetMethod(java.lang.Object, java.lang.Object, int, java.lang.Object, java.lang.Object)'> (0x00000000895a2288) 
thrown [s\src\hotspot\share\interpreter\linkResolver.cpp, line 773]
Event: 5.735 Thread 0x0000022fefc413e0 Exception <a 'java/lang/NoSuchMethodError'{0x00000000895b14e8}: 'java.lang.Object java.lang.invoke.DirectMethodHandle$Holder.newInvokeSpecial(java.lang.Object, int, java.lang.Object)'> (0x00000000895b14e8) 
thrown [s\src\hotspot\share\interpreter\linkResolver.cpp, line 773]
Event: 5.736 Thread 0x0000022fefc413e0 Exception <a 'java/lang/NoSuchMethodError'{0x00000000895b5e58}: 'int java.lang.invoke.DirectMethodHandle$Holder.invokeSpecialIFC(java.lang.Object, java.lang.Object, java.lang.Object, java.lang.Object)'> (0x00000000895b5e58) 
thrown [s\src\hotspot\share\interpreter\linkResolver.cpp, line 773]
Event: 5.829 Thread 0x0000022fefc413e0 Exception <a 'java/lang/NoSuchMethodError'{0x00000000894b3a90}: 'void java.lang.invoke.DirectMethodHandle$Holder.invokeInterface(java.lang.Object, java.lang.Object, java.lang.Object)'> (0x00000000894b3a90) 
thrown [s\src\hotspot\share\interpreter\linkResolver.cpp, line 773]
Event: 5.879 Thread 0x0000022fefc413e0 Exception <a 'java/lang/NoSuchMethodError'{0x0000000089315f28}: 'void java.lang.invoke.DirectMethodHandle$Holder.invokeStatic(java.lang.Object, java.lang.Object, int)'> (0x0000000089315f28) 
thrown [s\src\hotspot\share\interpreter\linkResolver.cpp, line 773]
Event: 5.956 Thread 0x0000022fefc413e0 Exception <a 'java/lang/NoSuchMethodError'{0x000000008938f720}: 'void java.lang.invoke.DirectMethodHandle$Holder.invokeStaticInit(java.lang.Object, java.lang.Object, java.lang.Object)'> (0x000000008938f720) 
thrown [s\src\hotspot\share\interpreter\linkResolver.cpp, line 773]
Event: 5.986 Thread 0x0000022fefc413e0 Exception <a 'java/lang/NoSuchMethodError'{0x00000000893c6400}: 'java.lang.Object java.lang.invoke.DirectMethodHandle$Holder.invokeStaticInit(java.lang.Object, int)'> (0x00000000893c6400) 
thrown [s\src\hotspot\share\interpreter\linkResolver.cpp, line 773]
Event: 5.993 Thread 0x0000022fefc413e0 Exception <a 'java/lang/NoSuchMethodError'{0x00000000893d07e8}: 'java.lang.Object java.lang.invoke.DirectMethodHandle$Holder.invokeStatic(java.lang.Object, int, java.lang.Object)'> (0x00000000893d07e8) 
thrown [s\src\hotspot\share\interpreter\linkResolver.cpp, line 773]
Event: 5.994 Thread 0x0000022fefc413e0 Exception <a 'java/lang/NoSuchMethodError'{0x00000000893d3e78}: 'java.lang.Object java.lang.invoke.DirectMethodHandle$Holder.invokeStaticInit(java.lang.Object, int, java.lang.Object)'> (0x00000000893d3e78) 
thrown [s\src\hotspot\share\interpreter\linkResolver.cpp, line 773]
Event: 6.035 Thread 0x0000022fefc413e0 Exception <a 'java/lang/NoSuchMethodError'{0x00000000893fa740}: 'java.lang.Object java.lang.invoke.DirectMethodHandle$Holder.invokeVirtual(java.lang.Object, java.lang.Object, java.lang.Object)'> (0x00000000893fa740) 
thrown [s\src\hotspot\share\interpreter\linkResolver.cpp, line 773]
Event: 6.157 Thread 0x0000022fefc413e0 Exception <a 'java/lang/NoSuchMethodError'{0x00000000892af730}: 'void java.lang.invoke.DirectMethodHandle$Holder.invokeVirtual(java.lang.Object, java.lang.Object, java.lang.Object, java.lang.Object)'> (0x00000000892af730) 
thrown [s\src\hotspot\share\interpreter\linkResolver.cpp, line 773]
Event: 6.605 Thread 0x0000022fefc413e0 Exception <a 'java/lang/NoSuchMethodError'{0x0000000088ee8a30}: 'java.lang.Object java.lang.invoke.Invokers$Holder.invoke_MT(java.lang.Object, java.lang.Object, java.lang.Object, java.lang.Object, java.lang.Object, java.lang.Object, java.lang.Object, java.lang.Object, java.lang.Object)'> (0x0000000088ee8a30) 
thrown [s\src\hotspot\share\interpreter\linkResolver.cpp, line 773]
Event: 6.618 Thread 0x0000022fefc413e0 Exception <a 'java/lang/NoSuchMethodError'{0x0000000088d173e0}: 'java.lang.reflect.Field[] java.lang.Class.getDeclaredFields(java.lang.Class)'> (0x0000000088d173e0) 
thrown [s\src\hotspot\share\interpreter\linkResolver.cpp, line 773]
Event: 6.655 Thread 0x0000022fefc413e0 Exception <a 'java/lang/IncompatibleClassChangeError'{0x0000000088de1938}: Found class java.lang.Object, but interface was expected> (0x0000000088de1938) 
thrown [s\src\hotspot\share\interpreter\linkResolver.cpp, line 840]
Event: 7.965 Thread 0x0000022fefc413e0 Exception <a 'java/lang/NoSuchMethodError'{0x0000000087b58340}: 'int java.lang.invoke.DirectMethodHandle$Holder.invokeSpecial(java.lang.Object, java.lang.Object, java.lang.Object, java.lang.Object, java.lang.Object)'> (0x0000000087b58340) 
thrown [s\src\hotspot\share\interpreter\linkResolver.cpp, line 773]
Event: 7.977 Thread 0x0000022fefc413e0 Exception <a 'java/lang/NoSuchMethodError'{0x0000000087b8af38}: 'void java.lang.invoke.DirectMethodHandle$Holder.invokeVirtual(java.lang.Object, java.lang.Object)'> (0x0000000087b8af38) 
thrown [s\src\hotspot\share\interpreter\linkResolver.cpp, line 773]

ZGC Phase Switch (0 events):
No events

VM Operations (20 events):
Event: 5.790 Executing VM operation: HandshakeAllThreads (Deoptimize)
Event: 5.790 Executing VM operation: HandshakeAllThreads (Deoptimize) done
Event: 5.800 Executing VM operation: HandshakeAllThreads (Deoptimize)
Event: 5.800 Executing VM operation: HandshakeAllThreads (Deoptimize) done
Event: 5.874 Executing VM operation: ICBufferFull
Event: 5.874 Executing VM operation: ICBufferFull done
Event: 6.489 Executing VM operation: HandshakeAllThreads (Deoptimize)
Event: 6.489 Executing VM operation: HandshakeAllThreads (Deoptimize) done
Event: 6.498 Executing VM operation: HandshakeAllThreads (Deoptimize)
Event: 6.498 Executing VM operation: HandshakeAllThreads (Deoptimize) done
Event: 6.498 Executing VM operation: HandshakeAllThreads (Deoptimize)
Event: 6.498 Executing VM operation: HandshakeAllThreads (Deoptimize) done
Event: 7.500 Executing VM operation: Cleanup
Event: 7.501 Executing VM operation: Cleanup done
Event: 7.669 Executing VM operation: HandshakeAllThreads (Deoptimize)
Event: 7.669 Executing VM operation: HandshakeAllThreads (Deoptimize) done
Event: 7.885 Executing VM operation: HandshakeAllThreads (Deoptimize)
Event: 7.885 Executing VM operation: HandshakeAllThreads (Deoptimize) done
Event: 8.070 Executing VM operation: G1CollectForAllocation (G1 Evacuation Pause)
Event: 8.084 Executing VM operation: G1CollectForAllocation (G1 Evacuation Pause) done

Memory protections (0 events):
No events

Nmethod flushes (0 events):
No events

Events (19 events):
Event: 0.692 Thread 0x0000022fd11d5980 Thread added: 0x0000022fd11d5980
Event: 0.879 Thread 0x0000022fd11d5980 Thread added: 0x0000022feaa7c4c0
Event: 0.879 Thread 0x0000022fd11d5980 Thread added: 0x0000022feaa7ea20
Event: 0.880 Thread 0x0000022fd11d5980 Thread added: 0x0000022feaa7f670
Event: 0.880 Thread 0x0000022fd11d5980 Thread added: 0x0000022feaa83880
Event: 0.880 Thread 0x0000022fd11d5980 Thread added: 0x0000022feaa842d0
Event: 0.881 Thread 0x0000022fd11d5980 Thread added: 0x0000022feaa84fa0
Event: 0.881 Thread 0x0000022fd11d5980 Thread added: 0x0000022feaa88510
Event: 0.884 Thread 0x0000022fd11d5980 Thread added: 0x0000022feaa8c4d0
Event: 1.594 Thread 0x0000022fd11d5980 Thread added: 0x0000022fef1106c0
Event: 1.607 Thread 0x0000022fd11d5980 Thread added: 0x0000022fef11aec0
Event: 1.976 Thread 0x0000022feaa8c4d0 Thread added: 0x0000022fef1c9cc0
Event: 2.263 Thread 0x0000022fef1c9cc0 Thread exited: 0x0000022fef1c9cc0
Event: 4.268 Thread 0x0000022fd11d5980 Thread added: 0x0000022fefc6b8b0
Event: 4.299 Thread 0x0000022fefc6b8b0 Thread added: 0x0000022fefc413e0
Event: 5.847 Thread 0x0000022feaa8c4d0 Thread added: 0x0000022fefe2d8d0
Event: 6.365 Thread 0x0000022fefe2d8d0 Thread exited: 0x0000022fefe2d8d0
Event: 6.597 Thread 0x0000022fefc413e0 Thread added: 0x0000022ff02c0c40
Event: 7.410 Thread 0x0000022feaa8c4d0 Thread added: 0x0000022ff067b400


Dynamic libraries:
0x00007ff649300000 - 0x00007ff64930e000 	C:\Users\DELL\Downloads\Logiciel\eclipse-java-2024-12-R-win32-x86_64\eclipse\plugins\org.eclipse.justj.openjdk.hotspot.jre.full.win32.x86_64_21.0.5.v20241023-1957\jre\bin\javaw.exe
0x00007ffb6e630000 - 0x00007ffb6e828000 	C:\WINDOWS\SYSTEM32\ntdll.dll
0x00007ffb6dc10000 - 0x00007ffb6dcd2000 	C:\WINDOWS\System32\KERNEL32.DLL
0x00007ffb6bcd0000 - 0x00007ffb6bfc6000 	C:\WINDOWS\System32\KERNELBASE.dll
0x00007ffb6c1a0000 - 0x00007ffb6c2a0000 	C:\WINDOWS\System32\ucrtbase.dll
0x00007ffb632e0000 - 0x00007ffb632f8000 	C:\Users\DELL\Downloads\Logiciel\eclipse-java-2024-12-R-win32-x86_64\eclipse\plugins\org.eclipse.justj.openjdk.hotspot.jre.full.win32.x86_64_21.0.5.v20241023-1957\jre\bin\jli.dll
0x00007ffb6c6c0000 - 0x00007ffb6c85d000 	C:\WINDOWS\System32\USER32.dll
0x00007ffb6c450000 - 0x00007ffb6c472000 	C:\WINDOWS\System32\win32u.dll
0x00007ffb6c690000 - 0x00007ffb6c6bb000 	C:\WINDOWS\System32\GDI32.dll
0x00007ffb6c080000 - 0x00007ffb6c19a000 	C:\WINDOWS\System32\gdi32full.dll
0x00007ffb6c2a0000 - 0x00007ffb6c33d000 	C:\WINDOWS\System32\msvcp_win.dll
0x00007ffb53f40000 - 0x00007ffb53f5e000 	C:\Users\DELL\Downloads\Logiciel\eclipse-java-2024-12-R-win32-x86_64\eclipse\plugins\org.eclipse.justj.openjdk.hotspot.jre.full.win32.x86_64_21.0.5.v20241023-1957\jre\bin\VCRUNTIME140.dll
0x00007ffb56c60000 - 0x00007ffb56efa000 	C:\WINDOWS\WinSxS\amd64_microsoft.windows.common-controls_6595b64144ccf1df_6.0.19041.5794_none_60bcd33171f2783c\COMCTL32.dll
0x00007ffb6dac0000 - 0x00007ffb6db5e000 	C:\WINDOWS\System32\msvcrt.dll
0x00007ffb6dbd0000 - 0x00007ffb6dbff000 	C:\WINDOWS\System32\IMM32.DLL
0x00007ffb62840000 - 0x00007ffb6284c000 	C:\Users\DELL\Downloads\Logiciel\eclipse-java-2024-12-R-win32-x86_64\eclipse\plugins\org.eclipse.justj.openjdk.hotspot.jre.full.win32.x86_64_21.0.5.v20241023-1957\jre\bin\vcruntime140_1.dll
0x00007ffb3abc0000 - 0x00007ffb3ac4d000 	C:\Users\DELL\Downloads\Logiciel\eclipse-java-2024-12-R-win32-x86_64\eclipse\plugins\org.eclipse.justj.openjdk.hotspot.jre.full.win32.x86_64_21.0.5.v20241023-1957\jre\bin\msvcp140.dll
0x00007ffb26c50000 - 0x00007ffb279df000 	C:\Users\DELL\Downloads\Logiciel\eclipse-java-2024-12-R-win32-x86_64\eclipse\plugins\org.eclipse.justj.openjdk.hotspot.jre.full.win32.x86_64_21.0.5.v20241023-1957\jre\bin\server\jvm.dll
0x00007ffb6c9f0000 - 0x00007ffb6ca9f000 	C:\WINDOWS\System32\ADVAPI32.dll
0x00007ffb6dce0000 - 0x00007ffb6dd7f000 	C:\WINDOWS\System32\sechost.dll
0x00007ffb6df80000 - 0x00007ffb6e0a3000 	C:\WINDOWS\System32\RPCRT4.dll
0x00007ffb6c420000 - 0x00007ffb6c447000 	C:\WINDOWS\System32\bcrypt.dll
0x00007ffb6db60000 - 0x00007ffb6dbcb000 	C:\WINDOWS\System32\WS2_32.dll
0x00007ffb6bb30000 - 0x00007ffb6bb7b000 	C:\WINDOWS\SYSTEM32\POWRPROF.dll
0x00007ffb54d30000 - 0x00007ffb54d57000 	C:\WINDOWS\SYSTEM32\WINMM.dll
0x00007ffb5f6f0000 - 0x00007ffb5f6fa000 	C:\WINDOWS\SYSTEM32\VERSION.dll
0x00007ffb6bb10000 - 0x00007ffb6bb22000 	C:\WINDOWS\SYSTEM32\UMPDC.dll
0x00007ffb6a4f0000 - 0x00007ffb6a502000 	C:\WINDOWS\SYSTEM32\kernel.appcore.dll
0x00007ffb67fc0000 - 0x00007ffb67fca000 	C:\Users\DELL\Downloads\Logiciel\eclipse-java-2024-12-R-win32-x86_64\eclipse\plugins\org.eclipse.justj.openjdk.hotspot.jre.full.win32.x86_64_21.0.5.v20241023-1957\jre\bin\jimage.dll
0x00007ffb6a1d0000 - 0x00007ffb6a3d1000 	C:\WINDOWS\SYSTEM32\DBGHELP.DLL
0x00007ffb57ca0000 - 0x00007ffb57cd4000 	C:\WINDOWS\SYSTEM32\dbgcore.DLL
0x00007ffb6c340000 - 0x00007ffb6c3c2000 	C:\WINDOWS\System32\bcryptPrimitives.dll
0x00007ffb62610000 - 0x00007ffb6262f000 	C:\Users\DELL\Downloads\Logiciel\eclipse-java-2024-12-R-win32-x86_64\eclipse\plugins\org.eclipse.justj.openjdk.hotspot.jre.full.win32.x86_64_21.0.5.v20241023-1957\jre\bin\java.dll
0x00007ffb6d260000 - 0x00007ffb6d9ce000 	C:\WINDOWS\System32\SHELL32.dll
0x00007ffb69950000 - 0x00007ffb6a0f3000 	C:\WINDOWS\SYSTEM32\windows.storage.dll
0x00007ffb6e0b0000 - 0x00007ffb6e403000 	C:\WINDOWS\System32\combase.dll
0x00007ffb6b630000 - 0x00007ffb6b65b000 	C:\WINDOWS\SYSTEM32\Wldp.dll
0x00007ffb6c920000 - 0x00007ffb6c9ed000 	C:\WINDOWS\System32\OLEAUT32.dll
0x00007ffb6e540000 - 0x00007ffb6e5ed000 	C:\WINDOWS\System32\SHCORE.dll
0x00007ffb6cb50000 - 0x00007ffb6cba5000 	C:\WINDOWS\System32\shlwapi.dll
0x00007ffb6bc00000 - 0x00007ffb6bc25000 	C:\WINDOWS\SYSTEM32\profapi.dll
0x00007ffb5f340000 - 0x00007ffb5f358000 	C:\Users\DELL\Downloads\Logiciel\eclipse-java-2024-12-R-win32-x86_64\eclipse\plugins\org.eclipse.justj.openjdk.hotspot.jre.full.win32.x86_64_21.0.5.v20241023-1957\jre\bin\zip.dll
0x00007ffb67f60000 - 0x00007ffb67f70000 	C:\Users\DELL\Downloads\Logiciel\eclipse-java-2024-12-R-win32-x86_64\eclipse\plugins\org.eclipse.justj.openjdk.hotspot.jre.full.win32.x86_64_21.0.5.v20241023-1957\jre\bin\net.dll
0x00007ffb61af0000 - 0x00007ffb61bfa000 	C:\WINDOWS\SYSTEM32\WINHTTP.dll
0x00007ffb6b390000 - 0x00007ffb6b3fc000 	C:\WINDOWS\system32\mswsock.dll
0x00007ffb57150000 - 0x00007ffb57166000 	C:\Users\DELL\Downloads\Logiciel\eclipse-java-2024-12-R-win32-x86_64\eclipse\plugins\org.eclipse.justj.openjdk.hotspot.jre.full.win32.x86_64_21.0.5.v20241023-1957\jre\bin\nio.dll
0x00007ffb57140000 - 0x00007ffb5714a000 	C:\Users\DELL\Downloads\Logiciel\eclipse-java-2024-12-R-win32-x86_64\eclipse\plugins\org.eclipse.justj.openjdk.hotspot.jre.full.win32.x86_64_21.0.5.v20241023-1957\jre\bin\management.dll
0x00007ffb57110000 - 0x00007ffb5711b000 	C:\Users\DELL\Downloads\Logiciel\eclipse-java-2024-12-R-win32-x86_64\eclipse\plugins\org.eclipse.justj.openjdk.hotspot.jre.full.win32.x86_64_21.0.5.v20241023-1957\jre\bin\management_ext.dll
0x00007ffb6c660000 - 0x00007ffb6c668000 	C:\WINDOWS\System32\PSAPI.DLL

dbghelp: loaded successfully - version: 4.0.5 - missing functions: none
symbol engine: initialized successfully - sym options: 0x614 - pdb path: .;C:\Users\DELL\Downloads\Logiciel\eclipse-java-2024-12-R-win32-x86_64\eclipse\plugins\org.eclipse.justj.openjdk.hotspot.jre.full.win32.x86_64_21.0.5.v20241023-1957\jre\bin;C:\WINDOWS\SYSTEM32;C:\WINDOWS\WinSxS\amd64_microsoft.windows.common-controls_6595b64144ccf1df_6.0.19041.5794_none_60bcd33171f2783c;C:\Users\DELL\Downloads\Logiciel\eclipse-java-2024-12-R-win32-x86_64\eclipse\plugins\org.eclipse.justj.openjdk.hotspot.jre.full.win32.x86_64_21.0.5.v20241023-1957\jre\bin\server

VM Arguments:
jvm_args: -Dfile.encoding=UTF-8 -Dstdout.encoding=UTF-8 -Dstderr.encoding=UTF-8 -XX:+ShowCodeDetailsInExceptionMessages 
java_command: com.blt.etud.etudPay.EtudPayApplication
java_class_path (initial): C:\Users\DELL\OneDrive\Documents\javaProject\etudPay\etudPay\target\classes;C:\Users\DELL\.m2\repository\org\springframework\boot\spring-boot-starter-data-jpa\3.5.0\spring-boot-starter-data-jpa-3.5.0.jar;C:\Users\DELL\.m2\repository\org\springframework\boot\spring-boot-starter\3.5.0\spring-boot-starter-3.5.0.jar;C:\Users\DELL\.m2\repository\org\springframework\boot\spring-boot-starter-logging\3.5.0\spring-boot-starter-logging-3.5.0.jar;C:\Users\DELL\.m2\repository\ch\qos\logback\logback-classic\1.5.18\logback-classic-1.5.18.jar;C:\Users\DELL\.m2\repository\ch\qos\logback\logback-core\1.5.18\logback-core-1.5.18.jar;C:\Users\DELL\.m2\repository\org\apache\logging\log4j\log4j-to-slf4j\2.24.3\log4j-to-slf4j-2.24.3.jar;C:\Users\DELL\.m2\repository\org\apache\logging\log4j\log4j-api\2.24.3\log4j-api-2.24.3.jar;C:\Users\DELL\.m2\repository\org\slf4j\jul-to-slf4j\2.0.17\jul-to-slf4j-2.0.17.jar;C:\Users\DELL\.m2\repository\jakarta\annotation\jakarta.annotation-api\2.1.1\jakarta.annotation-api-2.1.1.jar;C:\Users\DELL\.m2\repository\org\yaml\snakeyaml\2.4\snakeyaml-2.4.jar;C:\Users\DELL\.m2\repository\org\springframework\boot\spring-boot-starter-jdbc\3.5.0\spring-boot-starter-jdbc-3.5.0.jar;C:\Users\DELL\.m2\repository\com\zaxxer\HikariCP\6.3.0\HikariCP-6.3.0.jar;C:\Users\DELL\.m2\repository\org\springframework\spring-jdbc\6.2.7\spring-jdbc-6.2.7.jar;C:\Users\DELL\.m2\repository\org\hibernate\orm\hibernate-core\6.6.15.Final\hibernate-core-6.6.15.Final.jar;C:\Users\DELL\.m2\repository\jakarta\persistence\jakarta.persistence-api\3.1.0\jakarta.persistence-api-3.1.0.jar;C:\Users\DELL\.m2\repository\jakarta\transaction\jakarta.transaction-api\2.0.1\jakarta.transaction-api-2.0.1.jar;C:\Users\DELL\.m2\repository\org\jboss\logging\jboss-logging\3.6.1.Final\jboss-logging-3.6.1.Final.jar;C:\Users\DELL\.m2\repository\org\hibernate\common\hibernate-commons-annotations\7.0.3.Final\hibernate-commons-annotations-7.0.3.Final.jar;C:\Users\DELL\.m2\repository\io\smallrye\jandex\3.2.0\jandex-3.2.0.jar;C:\Users\DELL\.m2\repository\com\fasterxml\classmate\1.7.0\classmate-1.7.0.jar;C:\Users\DELL\.m2\repository\net\bytebuddy\byte-buddy\1.17.5\byte-buddy-1.17.5.jar;C:\Users\DELL\.m2\repository\org\glassfish\jaxb\jaxb-runtime\4.0.5\jaxb-runtime-4.0.5.jar;C:\Users\DELL\.m2\repository\org\glassfish\jaxb\jaxb-core\4.0.5\jaxb-core-4.0.5.jar;C:\Users\DELL\.m2\repository\org\eclipse\angus\angus-activation\2.0.2\angus-activation-2.0.2.jar;C:\Users\DELL\.m2\repository\org\glassfish\jaxb\txw2\4.0.5\txw2-4.0.5.jar;C:\Users\DELL\.m2\repository\com\sun\istack\istack-commons-runtime\4.1.2\istack-commons-runtime-4.1.2.jar;C:\Users\DELL\.m2\repository\jakarta\inject\jakarta.inject-api\2.0.1\jakarta.inject-api-2.0.1.jar;C:\Users\DELL\.m2\repository\org\antlr\antlr4-runtime\4.13.0\antlr4-runtime-4.13.0.jar;C:\Users\DELL\.m2\repository\org\springframework\data\spring-data-jpa\3.5.0\spring-data-jpa-3.5.0.jar;C:\Users\DELL\.m2\repository\org\springframework\data\spring-data-commons\3.5.0\spring-data-commons-3.5.0.jar;C:\Users\DELL\.m2\repository\org\springframework\spring-orm\6.2.7\spring-orm-6.2.7.jar;C:\Users\DELL\.m2\repository\org\springframework\spring-context\6.2.7\spring-context-6.2.7.jar;C:\Users\DELL\.m2\repository\org\springframework\spring-aop\6.2.7\spring-aop-6.2.7.jar;C:\Users\DELL\.m2\repository\org\springframework\spring-tx\6.2.7\spring-tx-6.2.7.jar;C:\Users\DELL\.m2\repository\org\springframework\spring-beans\6.2.7\spring-beans-6.2.7.jar;C:\Users\DELL\.m2\repository\org\slf4j\slf4j-api\2.0.17\slf4j-api-2.0.17.jar;C:\Users\DELL\.m2\repository\org\springframework\spring-aspects\6.2.7\spring-aspects-6.2.7.jar;C:\Users\DELL\.m2\repository\org\aspectj\aspectjweaver\1.9.24\aspectjweaver-1.9.24.jar;C:\Users\DELL\.m2\repository\org\springframework\boot\spring-boot-starter-web\3.5.0\spring-boot-starter-web-3.5.0.jar;C:\Users\DELL\.m2\repository\org\springframework\boot\spring-boot-starter-json\3.5.0\spring-boot-starter-json-3.5.0.jar;C:\Users\DELL\.m2\repository\com\fasterxml\jackson\core\jackson-databind\2.19.0\jackson-databind-2.19.0.jar;C:\Users\DELL\.m2\repository\com\fasterxml\jackson\core\jackson-annotations\2.19.0\jackson-annotations-2.19.0.jar;C:\Users\DELL\.m2\repository\com\fasterxml\jackson\core\jackson-core\2.19.0\jackson-core-2.19.0.jar;C:\Users\DELL\.m2\repository\com\fasterxml\jackson\datatype\jackson-datatype-jdk8\2.19.0\jackson-datatype-jdk8-2.19.0.jar;C:\Users\DELL\.m2\repository\com\fasterxml\jackson\datatype\jackson-datatype-jsr310\2.19.0\jackson-datatype-jsr310-2.19.0.jar;C:\Users\DELL\.m2\repository\com\fasterxml\jackson\module\jackson-module-parameter-names\2.19.0\jackson-module-parameter-names-2.19.0.jar;C:\Users\DELL\.m2\repository\org\springframework\boot\spring-boot-starter-tomcat\3.5.0\spring-boot-starter-tomcat-3.5.0.jar;C:\Users\DELL\.m2\repository\org\apache\tomcat\embed\tomcat-embed-core\10.1.41\tomcat-embed-core-10.1.41.jar;C:\Users\DELL\.m2\repository\org\apache\tomcat\embed\tomcat-embed-el\10.1.41\tomcat-embed-el-10.1.41.jar;C:\Users\DELL\.m2\repository\org\apache\tomcat\embed\tomcat-embed-websocket\10.1.41\tomcat-embed-websocket-10.1.41.jar;C:\Users\DELL\.m2\repository\org\springframework\spring-web\6.2.7\spring-web-6.2.7.jar;C:\Users\DELL\.m2\repository\io\micrometer\micrometer-observation\1.15.0\micrometer-observation-1.15.0.jar;C:\Users\DELL\.m2\repository\io\micrometer\micrometer-commons\1.15.0\micrometer-commons-1.15.0.jar;C:\Users\DELL\.m2\repository\org\springframework\spring-webmvc\6.2.7\spring-webmvc-6.2.7.jar;C:\Users\DELL\.m2\repository\org\springframework\spring-expression\6.2.7\spring-expression-6.2.7.jar;C:\Users\DELL\.m2\repository\org\springframework\boot\spring-boot-devtools\3.5.0\spring-boot-devtools-3.5.0.jar;C:\Users\DELL\.m2\repository\org\springframework\boot\spring-boot\3.5.0\spring-boot-3.5.0.jar;C:\Users\DELL\.m2\repository\org\springframework\boot\spring-boot-autoconfigure\3.5.0\spring-boot-autoconfigure-3.5.0.jar;C:\Users\DELL\.m2\repository\org\postgresql\postgresql\42.7.5\postgresql-42.7.5.jar;C:\Users\DELL\.m2\repository\org\checkerframework\checker-qual\3.48.3\checker-qual-3.48.3.jar;C:\Users\DELL\.m2\repository\org\projectlombok\lombok\1.18.38\lombok-1.18.38.jar;C:\Users\DELL\.m2\repository\jakarta\xml\bind\jakarta.xml.bind-api\4.0.2\jakarta.xml.bind-api-4.0.2.jar;C:\Users\DELL\.m2\repository\jakarta\activation\jakarta.activation-api\2.1.3\jakarta.activation-api-2.1.3.jar;C:\Users\DELL\.m2\repository\org\springframework\spring-core\6.2.7\spring-core-6.2.7.jar;C:\Users\DELL\.m2\repository\org\springframework\spring-jcl\6.2.7\spring-jcl-6.2.7.jar;C:\Users\DELL\.m2\repository\org\springdoc\springdoc-openapi-starter-webmvc-ui\2.8.9\springdoc-openapi-starter-webmvc-ui-2.8.9.jar;C:\Users\DELL\.m2\repository\org\springdoc\springdoc-openapi-starter-webmvc-api\2.8.9\springdoc-openapi-starter-webmvc-api-2.8.9.jar;C:\Users\DELL\.m2\repository\org\springdoc\springdoc-openapi-starter-common\2.8.9\springdoc-openapi-starter-common-2.8.9.jar;C:\Users\DELL\.m2\repository\org\springframework\boot\spring-boot-starter-validation\3.5.0\spring-boot-starter-validation-3.5.0.jar;C:\Users\DELL\.m2\repository\org\hibernate\validator\hibernate-validator\8.0.2.Final\hibernate-validator-8.0.2.Final.jar;C:\Users\DELL\.m2\repository\io\swagger\core\v3\swagger-core-jakarta\2.2.30\swagger-core-jakarta-2.2.30.jar;C:\Users\DELL\.m2\repository\org\apache\commons\commons-lang3\3.17.0\commons-lang3-3.17.0.jar;C:\Users\DELL\.m2\repository\io\swagger\core\v3\swagger-annotations-jakarta\2.2.30\swagger-annotations-jakarta-2.2.30.jar;C:\Users\DELL\.m2\repository\io\swagger\core\v3\swagger-models-jakarta\2.2.30\swagger-models-jakarta-2.2.30.jar;C:\Users\DELL\.m2\repository\jakarta\validation\jakarta.validation-api\3.0.2\jakarta.validation-api-3.0.2.jar;C:\Users\DELL\.m2\repository\com\fasterxml\jackson\dataformat\jackson-dataformat-yaml\2.19.0\jackson-dataformat-yaml-2.19.0.jar;C:\Users\DELL\.m2\repository\org\webjars\swagger-ui\5.21.0\swagger-ui-5.21.0.jar;C:\Users\DELL\.m2\repository\org\webjars\webjars-locator-lite\1.1.0\webjars-locator-lite-1.1.0.jar;C:\Users\DELL\.m2\repository\org\jspecify\jspecify\1.0.0\jspecify-1.0.0.jar
Launcher Type: SUN_STANDARD

[Global flags]
     intx CICompilerCount                          = 3                                         {product} {ergonomic}
     uint ConcGCThreads                            = 1                                         {product} {ergonomic}
     uint G1ConcRefinementThreads                  = 4                                         {product} {ergonomic}
   size_t G1HeapRegionSize                         = 1048576                                   {product} {ergonomic}
    uintx GCDrainStackTargetSize                   = 64                                        {product} {ergonomic}
   size_t InitialHeapSize                          = 134217728                                 {product} {ergonomic}
   size_t MarkStackSize                            = 4194304                                   {product} {ergonomic}
   size_t MaxHeapSize                              = 2118123520                                {product} {ergonomic}
   size_t MaxNewSize                               = 1270874112                                {product} {ergonomic}
   size_t MinHeapDeltaBytes                        = 1048576                                   {product} {ergonomic}
   size_t MinHeapSize                              = 8388608                                   {product} {ergonomic}
    uintx NonNMethodCodeHeapSize                   = 5832780                                {pd product} {ergonomic}
    uintx NonProfiledCodeHeapSize                  = 122912730                              {pd product} {ergonomic}
    uintx ProfiledCodeHeapSize                     = 122912730                              {pd product} {ergonomic}
    uintx ReservedCodeCacheSize                    = 251658240                              {pd product} {ergonomic}
     bool SegmentedCodeCache                       = true                                      {product} {ergonomic}
     bool ShowCodeDetailsInExceptionMessages       = true                                   {manageable} {command line}
   size_t SoftMaxHeapSize                          = 2118123520                             {manageable} {ergonomic}
     bool UseCompressedOops                        = true                           {product lp64_product} {ergonomic}
     bool UseG1GC                                  = true                                      {product} {ergonomic}
     bool UseLargePagesIndividualAllocation        = false                                  {pd product} {ergonomic}

Logging:
Log output configuration:
 #0: stdout all=warning uptime,level,tags foldmultilines=false
 #1: stderr all=off uptime,level,tags foldmultilines=false

Environment Variables:
PATH=C:/Users/DELL/Downloads/Logiciel/eclipse-java-2024-12-R-win32-x86_64/eclipse//plugins/org.eclipse.justj.openjdk.hotspot.jre.full.win32.x86_64_21.0.5.v20241023-1957/jre/bin/server;C:/Users/DELL/Downloads/Logiciel/eclipse-java-2024-12-R-win32-x86_64/eclipse//plugins/org.eclipse.justj.openjdk.hotspot.jre.full.win32.x86_64_21.0.5.v20241023-1957/jre/bin;C:\Program Files\Eclipse Adoptium\jdk-21.0.7.6-hotspot\bin;C:\Program Files\Common Files\Oracle\Java\javapath;C:\Program Files (x86)\Common Files\Oracle\Java\java8path;C:\Program Files (x86)\Common Files\Oracle\Java\javapath;C:\WINDOWS\system32;C:\WINDOWS;C:\WINDOWS\System32\Wbem;C:\WINDOWS\System32\WindowsPowerShell\v1.0\;C:\WINDOWS\System32\OpenSSH\;C:\Program Files\Git\cmd;C:\Users\DELL\AppData\Local\Microsoft\WindowsApps;;C:\Users\DELL\Downloads\Logiciel\eclipse-java-2024-12-R-win32-x86_64\eclipse;
USERNAME=DELL
OS=Windows_NT
PROCESSOR_IDENTIFIER=Intel64 Family 6 Model 78 Stepping 3, GenuineIntel
TMP=C:\Users\DELL\AppData\Local\Temp
TEMP=C:\Users\DELL\AppData\Local\Temp




Periodic native trim disabled

---------------  S Y S T E M  ---------------

OS:
 Windows 10 , 64 bit Build 19041 (10.0.19041.5794)
OS uptime: 0 days 12:28 hours
Hyper-V role detected

CPU: total 4 (initial active 4) (2 cores per cpu, 2 threads per core) family 6 model 78 stepping 3 microcode 0xec, cx8, cmov, fxsr, ht, mmx, 3dnowpref, sse, sse2, sse3, ssse3, sse4.1, sse4.2, popcnt, lzcnt, tsc, tscinvbit, avx, avx2, aes, erms, clmul, bmi1, bmi2, rtm, adx, fma, vzeroupper, clflush, clflushopt, hv, rdtscp, f16c
Processor Information for all 4 processors :
  Max Mhz: 2496, Current Mhz: 2396, Mhz Limit: 2396

Memory: 4k page, system-wide physical 8075M (756M free)
TotalPageFile size 32651M (AvailPageFile size 19M)
current process WorkingSet (physical memory assigned to process): 127M, peak: 127M
current process commit charge ("private bytes"): 244M, peak: 244M

vm_info: OpenJDK 64-Bit Server VM (21.0.5+11-LTS) for windows-amd64 JRE (21.0.5+11-LTS), built on 2024-10-15T00:00:00Z by "admin" with MS VC++ 17.7 (VS2022)

END.
